2025-05-02 13:30:42,022 [INFO] Activator:176 - 


2025-05-02 13:30:42,028 [INFO] Activator:177 - !SESSION log4j initialized
2025-05-02 13:30:50,557 [INFO] LogOutputStream:77 - [STDOUT_REDIRECT] 
2025-05-02 13:30:54,010 [INFO] ApplicationProperties:184 - Using Application install path: C:\Users\User\STM32CubeIDE_1.16.0\STM32CubeIDE\plugins\com.st.stm32cube.common.mx_6.14.1.202504091515
2025-05-02 13:30:54,030 [INFO] DbMcusXml:78 - Set database path to: C:\Users\User\STM32CubeIDE_1.16.0\STM32CubeIDE\plugins\com.st.stm32cube.common.mx_6.14.1.202504091515\\db\/mcu/
2025-05-02 13:30:54,030 [INFO] ApiDb:274 - Set plugin database path to: C:\Users\User\STM32CubeIDE_1.16.0\STM32CubeIDE\plugins\com.st.stm32cube.common.mx_6.14.1.202504091515\\db\/plugins/boardmanager/
2025-05-02 13:30:54,032 [WARN] ApiDb:259 - Overriding images path with different value:  => C:\Users\User\STM32CubeIDE_1.16.0\STM32CubeIDE\plugins\com.st.stm32cube.common.mx_6.14.1.202504091515\\db\/plugins/mcufinder/images/
2025-05-02 13:30:54,051 [INFO] ApiDb:250 - Set database path to: C:\Users\User\.stmcufinder\plugins\mcufinder//mcu/
2025-05-02 13:30:54,052 [INFO] DbMcusAds:125 - Set database path to: C:\Users\User\.stmcufinder\plugins\mcufinder//mcu/
2025-05-02 13:30:54,055 [INFO] CrossReferenceDbSqlite:203 - Set database path to: C:\Users\User\.stmcufinder\plugins\mcufinder//mcu/cs/
2025-05-02 13:30:54,170 [INFO] RulesReader:64 - Compatibility file has been processed (302 Rules)
2025-05-02 13:30:54,273 [INFO] DbMcusXml:78 - Set database path to: C:\Users\User\STM32CubeIDE_1.16.0\STM32CubeIDE\plugins\com.st.stm32cube.common.mx_6.14.1.202504091515\\db\/mcu/
2025-05-02 13:30:54,273 [INFO] ApiDb:274 - Set plugin database path to: C:\Users\User\STM32CubeIDE_1.16.0\STM32CubeIDE\plugins\com.st.stm32cube.common.mx_6.14.1.202504091515\\db\/plugins/boardmanager/
2025-05-02 13:30:54,273 [INFO] ApiDb:261 - Set plugin images path to: C:\Users\User\STM32CubeIDE_1.16.0\STM32CubeIDE\plugins\com.st.stm32cube.common.mx_6.14.1.202504091515\\db\/plugins/mcufinder/images/
2025-05-02 13:30:54,273 [WARN] DbFile:41 - Overriding database path with different value: C:\Users\User\.stmcufinder\plugins\mcufinder/ => C:\Users\User\.stmcufinder\plugins\mcufinder
2025-05-02 13:30:54,273 [INFO] ApiDb:250 - Set database path to: C:\Users\User\.stmcufinder\plugins\mcufinder//mcu/
2025-05-02 13:30:54,273 [WARN] DbFile:41 - Overriding database path with different value: C:\Users\User\.stmcufinder\plugins\mcufinder/ => C:\Users\User\.stmcufinder\plugins\mcufinder
2025-05-02 13:30:54,273 [INFO] DbMcusAds:125 - Set database path to: C:\Users\User\.stmcufinder\plugins\mcufinder//mcu/
2025-05-02 13:30:54,274 [WARN] DbFile:41 - Overriding database path with different value: C:\Users\User\.stmcufinder\plugins\mcufinder/ => C:\Users\User\.stmcufinder\plugins\mcufinder
2025-05-02 13:30:54,274 [WARN] DbFile:41 - Overriding database path with different value: C:\Users\User\.stmcufinder\plugins\mcufinder/ => C:\Users\User\.stmcufinder\plugins\mcufinder
2025-05-02 13:30:54,274 [INFO] CrossReferenceDbSqlite:203 - Set database path to: C:\Users\User\.stmcufinder\plugins\mcufinder//mcu/cs/
2025-05-02 13:30:54,370 [INFO] MainPanel:272 - HeapMemory: 268435456
2025-05-02 13:30:54,494 [INFO] DbMcusXml:78 - Set database path to: C:\Users\User\STM32CubeIDE_1.16.0\STM32CubeIDE\plugins\com.st.stm32cube.common.mx_6.14.1.202504091515\\db\/mcu/
2025-05-02 13:30:54,495 [INFO] ApiDb:274 - Set plugin database path to: C:\Users\User\STM32CubeIDE_1.16.0\STM32CubeIDE\plugins\com.st.stm32cube.common.mx_6.14.1.202504091515\\db\/plugins/boardmanager/
2025-05-02 13:30:54,495 [INFO] ApiDb:261 - Set plugin images path to: C:\Users\User\STM32CubeIDE_1.16.0\STM32CubeIDE\plugins\com.st.stm32cube.common.mx_6.14.1.202504091515\\db\/plugins/mcufinder/images/
2025-05-02 13:30:54,495 [WARN] DbFile:41 - Overriding database path with different value: C:\Users\User\.stmcufinder\plugins\mcufinder/ => C:\Users\User\.stmcufinder\plugins\mcufinder
2025-05-02 13:30:54,495 [INFO] ApiDb:250 - Set database path to: C:\Users\User\.stmcufinder\plugins\mcufinder//mcu/
2025-05-02 13:30:54,495 [WARN] DbFile:41 - Overriding database path with different value: C:\Users\User\.stmcufinder\plugins\mcufinder/ => C:\Users\User\.stmcufinder\plugins\mcufinder
2025-05-02 13:30:54,495 [INFO] DbMcusAds:125 - Set database path to: C:\Users\User\.stmcufinder\plugins\mcufinder//mcu/
2025-05-02 13:30:54,495 [WARN] DbFile:41 - Overriding database path with different value: C:\Users\User\.stmcufinder\plugins\mcufinder/ => C:\Users\User\.stmcufinder\plugins\mcufinder
2025-05-02 13:30:54,495 [WARN] DbFile:41 - Overriding database path with different value: C:\Users\User\.stmcufinder\plugins\mcufinder/ => C:\Users\User\.stmcufinder\plugins\mcufinder
2025-05-02 13:30:54,495 [INFO] CrossReferenceDbSqlite:203 - Set database path to: C:\Users\User\.stmcufinder\plugins\mcufinder//mcu/cs/
2025-05-02 13:30:54,516 [INFO] ApplicationProperties:184 - Using Application install path: C:\Users\User\STM32CubeIDE_1.16.0\STM32CubeIDE\plugins\com.st.stm32cube.common.mx_6.14.1.202504091515
2025-05-02 13:30:54,517 [INFO] PluginManage:196 - Search for loadable plugins [exclusion list=, ]
2025-05-02 13:30:54,520 [INFO] PluginManage:310 - Check plugin analytics
2025-05-02 13:30:54,711 [INFO] AnalyticsPlugin:253 - Accepted Software Licenses: STM32CubeMX.6.12.0,STM32CubeMX.6.12.1
2025-05-02 13:30:54,712 [INFO] AnalyticsPlugin:255 - Accepted CMSIS Pack Licenses: 
2025-05-02 13:30:54,712 [INFO] AnalyticsPlugin:257 - Accepted Firmware Licenses: FW.G4.1.5.0,FW.U5.1.0.0,FW.WB.1.13.0,FW.G4.1.6.0
2025-05-02 13:30:54,714 [INFO] PluginManage:359 - Loaded plugin analytics (category:tool,tabindex:-1)
2025-05-02 13:30:54,715 [INFO] PluginManage:310 - Check plugin cadmodel
2025-05-02 13:30:54,738 [INFO] CADModel:105 - Init CAD model plugin
2025-05-02 13:30:54,738 [INFO] PluginManage:359 - Loaded plugin cadmodel (category:power,tabindex:5)
2025-05-02 13:30:54,738 [INFO] PluginManage:310 - Check plugin clock
2025-05-02 13:30:54,766 [INFO] PluginManage:359 - Loaded plugin clock (category:base,tabindex:2)
2025-05-02 13:30:54,766 [INFO] PluginManage:310 - Check plugin ddr
2025-05-02 13:30:54,772 [INFO] PluginManage:359 - Loaded plugin ddr (category:tool,tabindex:6)
2025-05-02 13:30:54,772 [INFO] PluginManage:310 - Check plugin filemanager
2025-05-02 13:30:54,940 [INFO] PluginManage:359 - Loaded plugin filemanager (category:base,tabindex:10)
2025-05-02 13:30:54,940 [INFO] PluginManage:310 - Check plugin ipmanager
2025-05-02 13:30:54,949 [INFO] PluginManage:359 - Loaded plugin ipmanager (category:base,tabindex:5)
2025-05-02 13:30:54,949 [INFO] PluginManage:310 - Check plugin lpbam
2025-05-02 13:30:54,970 [INFO] PluginManage:359 - Loaded plugin lpbam (category:base,tabindex:0)
2025-05-02 13:30:54,970 [INFO] PluginManage:310 - Check plugin memorymap
2025-05-02 13:30:55,000 [INFO] PluginManage:359 - Loaded plugin memorymap (category:base,tabindex:4)
2025-05-02 13:30:55,000 [INFO] PluginManage:310 - Check plugin pinoutandconfiguration
2025-05-02 13:30:55,023 [INFO] PluginManage:359 - Loaded plugin pinoutandconfiguration (category:base,tabindex:1)
2025-05-02 13:30:55,023 [INFO] PluginManage:310 - Check plugin pinoutconfig
2025-05-02 13:30:55,151 [WARN] SupportedApi:132 - Cannot load RTOS API schema: s4s-elt-must-match.1: The content of 'definitions' must match (annotation?, (simpleType | complexType)?, (unique | key | keyref)*)). A problem was found starting at: attribute.
2025-05-02 13:30:55,297 [INFO] PluginManage:359 - Loaded plugin pinoutconfig (category:base,tabindex:0)
2025-05-02 13:30:55,297 [INFO] PluginManage:310 - Check plugin power
2025-05-02 13:30:55,321 [INFO] PluginManage:359 - Loaded plugin power (category:power,tabindex:4)
2025-05-02 13:30:55,321 [INFO] PluginManage:310 - Check plugin projectmanager
2025-05-02 13:30:55,336 [INFO] PluginManage:359 - Loaded plugin projectmanager (category:projectmanager,tabindex:4)
2025-05-02 13:30:55,336 [INFO] PluginManage:310 - Check plugin rif
2025-05-02 13:30:55,357 [INFO] PluginManage:359 - Loaded plugin rif (category:base,tabindex:3)
2025-05-02 13:30:55,358 [INFO] PluginManage:310 - Check plugin thirdparty
2025-05-02 13:30:55,691 [INFO] PluginManage:359 - Loaded plugin thirdparty (category:base,tabindex:-1)
2025-05-02 13:30:55,691 [WARN] IntegrityCheckThread:84 - waiting for thirdparty lock release [integrity check]
2025-05-02 13:30:55,691 [INFO] PluginManage:310 - Check plugin tools
2025-05-02 13:30:55,691 [INFO] IntegrityCheckThread:86 - entering critical section [integrity check]
2025-05-02 13:30:55,691 [INFO] ThirdPartyUpdaterWithRetryManager:70 - Updater plugin not ready yet. [1/15]
2025-05-02 13:30:55,741 [INFO] PluginManage:359 - Loaded plugin tools (category:base,tabindex:7)
2025-05-02 13:30:55,741 [INFO] PluginManage:310 - Check plugin tutovideos
2025-05-02 13:30:55,946 [INFO] PluginManage:359 - Loaded plugin tutovideos (category:base,tabindex:-1)
2025-05-02 13:30:55,946 [INFO] PluginManage:310 - Check plugin updater
2025-05-02 13:30:55,969 [INFO] PluginManage:359 - Loaded plugin updater (category:base,tabindex:12)
2025-05-02 13:30:55,970 [INFO] PluginManage:310 - Check plugin userauth
2025-05-02 13:30:55,974 [INFO] UserAuth:118 - Init User Auth plugin
2025-05-02 13:30:55,975 [INFO] PluginManage:359 - Loaded plugin userauth (category:base,tabindex:14)
2025-05-02 13:30:55,975 [INFO] PluginManage:283 - PluginManage : Loaded plugins [18]
2025-05-02 13:30:56,244 [INFO] PinOutPanel:1589 - setPackage(No Configuration,No Configuration)
2025-05-02 13:30:56,362 [INFO] CADModel:165 - CPN selected for project level
2025-05-02 13:30:56,362 [INFO] CADModel:114 - Register for checkConnection events
2025-05-02 13:30:56,405 [INFO] IPUIPlugin:80 - create IPUIPlugin
2025-05-02 13:30:56,405 [INFO] PluginManager:220 - loadIPPluginJar : add adc
2025-05-02 13:30:56,466 [INFO] IPUIPlugin:80 - create IPUIPlugin
2025-05-02 13:30:56,466 [INFO] PluginManager:220 - loadIPPluginJar : add aes
2025-05-02 13:30:56,535 [INFO] IPUIPlugin:80 - create IPUIPlugin
2025-05-02 13:30:56,536 [INFO] PluginManager:220 - loadIPPluginJar : add can
2025-05-02 13:30:56,576 [INFO] IPUIPlugin:80 - create IPUIPlugin
2025-05-02 13:30:56,576 [INFO] PluginManager:220 - loadIPPluginJar : add comp
2025-05-02 13:30:56,636 [INFO] IPUIPlugin:80 - create IPUIPlugin
2025-05-02 13:30:56,636 [INFO] PluginManager:220 - loadIPPluginJar : add cryp
2025-05-02 13:30:56,651 [INFO] IPUIPlugin:80 - create IPUIPlugin
2025-05-02 13:30:56,651 [INFO] PluginManager:220 - loadIPPluginJar : add ddr_ctrl_phy
2025-05-02 13:30:56,696 [INFO] IPUIPlugin:80 - create IPUIPlugin
2025-05-02 13:30:56,696 [INFO] PluginManager:220 - loadIPPluginJar : add dfsdm
2025-05-02 13:30:56,715 [INFO] IPUIPlugin:80 - create IPUIPlugin
2025-05-02 13:30:56,716 [INFO] PluginManager:220 - loadIPPluginJar : add dma
2025-05-02 13:30:56,770 [INFO] IPUIPlugin:80 - create IPUIPlugin
2025-05-02 13:30:56,770 [INFO] PluginManager:220 - loadIPPluginJar : add dma3
2025-05-02 13:30:56,827 [INFO] IPUIPlugin:80 - create IPUIPlugin
2025-05-02 13:30:56,828 [INFO] PluginManager:220 - loadIPPluginJar : add extmemmanager
2025-05-02 13:30:56,858 [INFO] IPUIPlugin:80 - create IPUIPlugin
2025-05-02 13:30:56,858 [INFO] PluginManager:220 - loadIPPluginJar : add fatfs
2025-05-02 13:30:56,918 [INFO] IPUIPlugin:80 - create IPUIPlugin
2025-05-02 13:30:56,918 [INFO] PluginManager:220 - loadIPPluginJar : add fmc
2025-05-02 13:30:56,936 [INFO] IPUIPlugin:80 - create IPUIPlugin
2025-05-02 13:30:56,937 [INFO] PluginManager:220 - loadIPPluginJar : add freertos
2025-05-02 13:30:56,964 [INFO] IPUIPlugin:80 - create IPUIPlugin
2025-05-02 13:30:56,965 [INFO] PluginManager:220 - loadIPPluginJar : add genericplugin
2025-05-02 13:30:57,114 [INFO] IPUIPlugin:80 - create IPUIPlugin
2025-05-02 13:30:57,115 [INFO] PluginManager:220 - loadIPPluginJar : add gfxmmu
2025-05-02 13:30:57,291 [INFO] IPUIPlugin:80 - create IPUIPlugin
2025-05-02 13:30:57,291 [INFO] PluginManager:220 - loadIPPluginJar : add gic
2025-05-02 13:30:57,307 [INFO] IPUIPlugin:80 - create IPUIPlugin
2025-05-02 13:30:57,307 [INFO] PluginManager:220 - loadIPPluginJar : add gpio
2025-05-02 13:30:57,425 [INFO] IPUIPlugin:80 - create IPUIPlugin
2025-05-02 13:30:57,425 [INFO] PluginManager:220 - loadIPPluginJar : add gtzc
2025-05-02 13:30:57,473 [INFO] IPUIPlugin:80 - create IPUIPlugin
2025-05-02 13:30:57,473 [INFO] PluginManager:220 - loadIPPluginJar : add hash
2025-05-02 13:30:57,552 [INFO] IPUIPlugin:80 - create IPUIPlugin
2025-05-02 13:30:57,552 [INFO] PluginManager:220 - loadIPPluginJar : add i2c
2025-05-02 13:30:57,605 [INFO] IPUIPlugin:80 - create IPUIPlugin
2025-05-02 13:30:57,606 [INFO] PluginManager:220 - loadIPPluginJar : add i2s
2025-05-02 13:30:57,659 [INFO] IPUIPlugin:80 - create IPUIPlugin
2025-05-02 13:30:57,659 [INFO] PluginManager:220 - loadIPPluginJar : add i3c
2025-05-02 13:30:57,792 [INFO] IPUIPlugin:80 - create IPUIPlugin
2025-05-02 13:30:57,792 [INFO] PluginManager:220 - loadIPPluginJar : add ipddr
2025-05-02 13:30:57,917 [INFO] IPUIPlugin:80 - create IPUIPlugin
2025-05-02 13:30:57,917 [INFO] PluginManager:220 - loadIPPluginJar : add linkedlist
2025-05-02 13:30:57,966 [INFO] IPUIPlugin:80 - create IPUIPlugin
2025-05-02 13:30:57,966 [INFO] PluginManager:220 - loadIPPluginJar : add lorawan
2025-05-02 13:30:58,015 [INFO] IPUIPlugin:80 - create IPUIPlugin
2025-05-02 13:30:58,016 [INFO] PluginManager:220 - loadIPPluginJar : add ltdc
2025-05-02 13:30:58,031 [INFO] IPUIPlugin:80 - create IPUIPlugin
2025-05-02 13:30:58,031 [INFO] PluginManager:220 - loadIPPluginJar : add mdma
2025-05-02 13:30:58,046 [INFO] IPUIPlugin:80 - create IPUIPlugin
2025-05-02 13:30:58,046 [INFO] PluginManager:220 - loadIPPluginJar : add nvic
2025-05-02 13:30:58,095 [INFO] IPUIPlugin:80 - create IPUIPlugin
2025-05-02 13:30:58,095 [INFO] PluginManager:220 - loadIPPluginJar : add opamp
2025-05-02 13:30:58,184 [INFO] IPUIPlugin:80 - create IPUIPlugin
2025-05-02 13:30:58,184 [INFO] PluginManager:220 - loadIPPluginJar : add openamp
2025-05-02 13:30:58,244 [INFO] IPUIPlugin:80 - create IPUIPlugin
2025-05-02 13:30:58,244 [INFO] PluginManager:220 - loadIPPluginJar : add pdm2pcm
2025-05-02 13:30:58,263 [INFO] IPUIPlugin:80 - create IPUIPlugin
2025-05-02 13:30:58,265 [INFO] PluginManager:220 - loadIPPluginJar : add plateformsettings
2025-05-02 13:30:58,297 [INFO] IPUIPlugin:80 - create IPUIPlugin
2025-05-02 13:30:58,297 [INFO] PluginManager:220 - loadIPPluginJar : add quadspi
2025-05-02 13:30:58,332 [INFO] IPUIPlugin:80 - create IPUIPlugin
2025-05-02 13:30:58,333 [INFO] PluginManager:220 - loadIPPluginJar : add radio
2025-05-02 13:30:58,349 [INFO] IPUIPlugin:80 - create IPUIPlugin
2025-05-02 13:30:58,349 [INFO] PluginManager:220 - loadIPPluginJar : add resmgrutility
2025-05-02 13:30:58,410 [INFO] IPUIPlugin:80 - create IPUIPlugin
2025-05-02 13:30:58,410 [INFO] PluginManager:220 - loadIPPluginJar : add sai
2025-05-02 13:30:58,464 [INFO] IPUIPlugin:80 - create IPUIPlugin
2025-05-02 13:30:58,464 [INFO] PluginManager:220 - loadIPPluginJar : add spi
2025-05-02 13:30:58,562 [INFO] IPUIPlugin:80 - create IPUIPlugin
2025-05-02 13:30:58,562 [INFO] PluginManager:220 - loadIPPluginJar : add stm32_wpan
2025-05-02 13:30:58,594 [INFO] IPUIPlugin:80 - create IPUIPlugin
2025-05-02 13:30:58,594 [INFO] PluginManager:220 - loadIPPluginJar : add tim
2025-05-02 13:30:58,673 [INFO] IPUIPlugin:80 - create IPUIPlugin
2025-05-02 13:30:58,673 [INFO] PluginManager:220 - loadIPPluginJar : add touchsensing
2025-05-02 13:30:58,693 [INFO] ThirdPartyUpdaterWithRetryManager:70 - Updater plugin not ready yet. [2/15]
2025-05-02 13:30:58,704 [INFO] IPUIPlugin:80 - create IPUIPlugin
2025-05-02 13:30:58,704 [INFO] PluginManager:220 - loadIPPluginJar : add tracer_emb
2025-05-02 13:30:58,736 [INFO] IPUIPlugin:80 - create IPUIPlugin
2025-05-02 13:30:58,736 [INFO] PluginManager:220 - loadIPPluginJar : add ts
2025-05-02 13:30:58,767 [INFO] IPUIPlugin:80 - create IPUIPlugin
2025-05-02 13:30:58,767 [INFO] PluginManager:220 - loadIPPluginJar : add tsc
2025-05-02 13:30:58,796 [INFO] IPUIPlugin:80 - create IPUIPlugin
2025-05-02 13:30:58,796 [INFO] PluginManager:220 - loadIPPluginJar : add ucpd
2025-05-02 13:30:58,852 [INFO] IPUIPlugin:80 - create IPUIPlugin
2025-05-02 13:30:58,853 [INFO] PluginManager:220 - loadIPPluginJar : add usart
2025-05-02 13:30:58,918 [INFO] IPUIPlugin:80 - create IPUIPlugin
2025-05-02 13:30:58,918 [INFO] PluginManager:220 - loadIPPluginJar : add usbx
2025-05-02 13:30:59,054 [FATAL] Updater:351 - Updater called before beeing initialized
2025-05-02 13:30:59,081 [INFO] RulesReader:64 - Compatibility file has been processed (302 Rules)
2025-05-02 13:30:59,093 [INFO] RulesReader:64 - Compatibility file has been processed (302 Rules)
2025-05-02 13:30:59,102 [INFO] CADModel:165 - CPN selected for project level
2025-05-02 13:30:59,102 [INFO] CADModel:114 - Register for checkConnection events
2025-05-02 13:30:59,102 [FATAL] Updater:351 - Updater called before beeing initialized
2025-05-02 13:30:59,103 [ERROR] CADModel:125 - Updater not yet initialized, retry later 
2025-05-02 13:30:59,309 [FATAL] Updater:351 - Updater called before beeing initialized
2025-05-02 13:30:59,312 [INFO] CADModel:165 - CPN selected for project level
2025-05-02 13:30:59,312 [INFO] CADModel:114 - Register for checkConnection events
2025-05-02 13:30:59,312 [FATAL] Updater:351 - Updater called before beeing initialized
2025-05-02 13:30:59,312 [ERROR] CADModel:125 - Updater not yet initialized, retry later 
2025-05-02 13:30:59,318 [FATAL] Updater:351 - Updater called before beeing initialized
2025-05-02 13:30:59,449 [FATAL] Updater:351 - Updater called before beeing initialized
2025-05-02 13:30:59,461 [INFO] DbMcusAds:53 - JSON generation date=Thu Mar 06 21:54:22 ICT 2025 (1741272862204)
2025-05-02 13:30:59,461 [FATAL] Updater:351 - Updater called before beeing initialized
2025-05-02 13:30:59,502 [WARN] DetailPanel:346 - Failed to get advertising image, set to default
2025-05-02 13:30:59,735 [FATAL] Updater:351 - Updater called before beeing initialized
2025-05-02 13:30:59,737 [FATAL] Updater:351 - Updater called before beeing initialized
2025-05-02 13:30:59,738 [FATAL] Updater:351 - Updater called before beeing initialized
2025-05-02 13:30:59,738 [WARN] DetailPanel:346 - Failed to get advertising image, set to default
2025-05-02 13:30:59,738 [FATAL] Updater:351 - Updater called before beeing initialized
2025-05-02 13:30:59,807 [ERROR] Updater:1198 - MainUpdater not yet initialized. External WinMGr cannot be set.
2025-05-02 13:30:59,819 [INFO] Updater:1134 - Updater Version found : 6.14.1
2025-05-02 13:30:59,844 [INFO] ApplicationProperties:184 - Using Application install path: C:\Users\User\STM32CubeIDE_1.16.0\STM32CubeIDE\plugins\com.st.stm32cube.common.mx_6.14.1.202504091515
2025-05-02 13:31:01,428 [ERROR] LogOutputStream:75 - [STDERR_REDIRECT] May 02, 2025 1:31:01 PM java.util.prefs.WindowsPreferences <init>
2025-05-02 13:31:01,431 [ERROR] LogOutputStream:75 - [STDERR_REDIRECT] WARNING: Could not open/create prefs root node Software\JavaSoft\Prefs at root 0xffffffff80000002. Windows RegCreateKeyEx(...) returned error code 5.
2025-05-02 13:31:01,431 [ERROR] LogOutputStream:75 - [STDERR_REDIRECT] 
2025-05-02 13:31:01,693 [INFO] ThirdPartyUpdaterWithRetryManager:70 - Updater plugin not ready yet. [3/15]
2025-05-02 13:31:03,076 [INFO] MainUpdater:2872 - connection check result : 10
2025-05-02 13:31:03,076 [INFO] MainUpdater:3566 - Updater definition file requires update
2025-05-02 13:31:03,077 [INFO] MainUpdater:289 - Updater Check For Update Now.
2025-05-02 13:31:03,078 [INFO] MicroXplorer:498 - Change Database Version : DB.6.0.141
2025-05-02 13:31:03,100 [INFO] McuFinderGlobals:63 - Set McuFinder mode to 2 (CubeIDE integrated)
2025-05-02 13:31:03,109 [INFO] UserAuth:484 - Internet connection configuration mode: 1
2025-05-02 13:31:03,143 [INFO] JxBrowserEngine:152 - Initiate JxBrowser Engine with user profile folder
2025-05-02 13:31:03,632 [INFO] ServerAccessManage:473 - Download File updaters.zip
2025-05-02 13:31:03,858 [INFO] FileExtend:242 - Unzip File : updaters.zip
2025-05-02 13:31:03,859 [INFO] FileExtend:257 - Standard Zip Deflate
2025-05-02 13:31:04,701 [WARN] MainUpdater:1193 - Updater busy. Cannot search thirdparties
2025-05-02 13:31:04,703 [INFO] ThirdPartyUpdaterWithRetryManager:96 - Updater plugin is busy. [1/15]
2025-05-02 13:31:05,133 [INFO] WebApp:169 - Instantiating new browser for Auth
2025-05-02 13:31:05,176 [INFO] ServerAccessManage:473 - Download File PacksControlFlags.xml
2025-05-02 13:31:05,429 [INFO] ServerAccessManage:473 - Download File cubemx.pidx
2025-05-02 13:31:06,290 [INFO] WebApp:463 - Apply proxy settings
2025-05-02 13:31:06,291 [INFO] WebApp:548 - Chromium requires no authentication
2025-05-02 13:31:06,310 [INFO] WebApp:491 - Direct internet connection detected
2025-05-02 13:31:06,363 [INFO] WebApp:894 - Register for checkConnection events
2025-05-02 13:31:06,363 [INFO] WebApp:463 - Apply proxy settings
2025-05-02 13:31:06,363 [INFO] WebApp:548 - Chromium requires no authentication
2025-05-02 13:31:06,363 [INFO] WebApp:491 - Direct internet connection detected
2025-05-02 13:31:06,709 [INFO] WebApp:225 - Starting web application
2025-05-02 13:31:06,709 [INFO] WebApp:593 - Web application path used C:\Users\User\STM32CubeIDE_1.16.0\STM32CubeIDE\plugins\com.st.stm32cube.common.mx_6.14.1.202504091515\db\plugins\mcufinder\reactClient1\index.html
2025-05-02 13:31:06,853 [INFO] UserAuth:484 - Internet connection configuration mode: 1
2025-05-02 13:31:07,170 [INFO] WebApp:191 - Connection restablished
2025-05-02 13:31:07,623 [INFO] ServerAccessManage:473 - Download File STMicroelectronics.X-CUBE-NFC7.pdsc
2025-05-02 13:31:07,717 [WARN] MainUpdater:1193 - Updater busy. Cannot search thirdparties
2025-05-02 13:31:07,717 [INFO] ThirdPartyUpdaterWithRetryManager:96 - Updater plugin is busy. [2/15]
2025-05-02 13:31:10,718 [WARN] MainUpdater:1193 - Updater busy. Cannot search thirdparties
2025-05-02 13:31:10,718 [INFO] ThirdPartyUpdaterWithRetryManager:96 - Updater plugin is busy. [3/15]
2025-05-02 13:31:10,963 [WARN] PackLoader:240 - Cannot read IP mode file for STMicroelectronics.X-CUBE-NFC7.2.0.0
2025-05-02 13:31:10,965 [INFO] PopulateThirdPartyThread:66 - Ending populate Thread
2025-05-02 13:31:10,967 [INFO] ThirdParty:1030 - CMSIS Pack Vendor :STMicroelectronics X-CUBE-NFC7 2.0.0
2025-05-02 13:31:10,967 [INFO] LoadServerUpdatesThread:375 - End of LoadServerUpdate Thread
2025-05-02 13:31:11,096 [INFO] CheckServerUpdateThread:120 - End of CheckServer Thread
2025-05-02 13:31:14,038 [WARN] PackLoader:240 - Cannot read IP mode file for STMicroelectronics.FP-SNS-MOTENVWB1.1.4.0
2025-05-02 13:31:14,045 [WARN] PackLoader:240 - Cannot read IP mode file for STMicroelectronics.FP-ATR-ASTRA1.2.0.2
2025-05-02 13:31:14,062 [WARN] PackLoader:240 - Cannot read IP mode file for STMicroelectronics.FP-ATR-ASTRA1.2.0.1
2025-05-02 13:31:14,079 [WARN] PackLoader:240 - Cannot read IP mode file for STMicroelectronics.X-CUBE-SMBUS.2.1.0
2025-05-02 13:31:14,097 [WARN] PackLoader:240 - Cannot read IP mode file for STMicroelectronics.X-CUBE-WB05N.1.1.0
2025-05-02 13:31:14,132 [WARN] PackLoader:240 - Cannot read IP mode file for STMicroelectronics.X-CUBE-AZRTOS-F7.1.1.0
2025-05-02 13:31:14,190 [WARN] PackLoader:240 - Cannot read IP mode file for STMicroelectronics.X-CUBE-MEMS1.11.0.0
2025-05-02 13:31:14,308 [WARN] PackLoader:240 - Cannot read IP mode file for STMicroelectronics.FP-SNS-FLIGHT1.5.0.2
2025-05-02 13:31:14,331 [WARN] PackLoader:240 - Cannot read IP mode file for STMicroelectronics.X-CUBE-DISPLAY.3.0.0
2025-05-02 13:31:14,352 [WARN] PackLoader:240 - Cannot read IP mode file for STMicroelectronics.X-CUBE-BLE1.7.0.0
2025-05-02 13:31:14,375 [WARN] PackLoader:240 - Cannot read IP mode file for STMicroelectronics.X-CUBE-NFC10.1.0.0
2025-05-02 13:31:14,401 [WARN] PackLoader:240 - Cannot read IP mode file for STMicroelectronics.X-CUBE-BLEMGR.4.0.0
2025-05-02 13:31:14,418 [WARN] PackLoader:240 - Cannot read IP mode file for emotas.I-CUBE-CANOPEN.1.3.0
2025-05-02 13:31:14,436 [WARN] PackLoader:240 - Cannot read IP mode file for STMicroelectronics.X-CUBE-BLEMGR.3.1.0
2025-05-02 13:31:14,454 [WARN] PackLoader:240 - Cannot read IP mode file for STMicroelectronics.X-CUBE-AI.10.0.0
2025-05-02 13:31:14,471 [WARN] PackLoader:240 - Cannot read IP mode file for STMicroelectronics.FP-SNS-SMARTAG2.1.2.0
2025-05-02 13:31:14,478 [WARN] PackLoader:240 - Cannot read IP mode file for STMicroelectronics.FP-SNS-FLIGHT1.5.1.0
2025-05-02 13:31:14,530 [WARN] PackLoader:240 - Cannot read IP mode file for STMicroelectronics.X-CUBE-MEMS1.11.1.0
2025-05-02 13:31:14,643 [INFO] LogOutputStream:77 - [STDOUT_REDIRECT] 1 : Invalid condition id : UX_CORESTACK_Condition cause : null
2025-05-02 13:31:14,644 [INFO] LogOutputStream:77 - [STDOUT_REDIRECT] 1 : Invalid condition id : UX_CORESTACK_Condition cause : null
2025-05-02 13:31:14,645 [INFO] LogOutputStream:77 - [STDOUT_REDIRECT] 1 : Invalid condition id : UX_CORESTACK_Condition cause : null
2025-05-02 13:31:14,645 [INFO] LogOutputStream:77 - [STDOUT_REDIRECT] 1 : Invalid condition id : UX_CORESTACK_Condition cause : null
2025-05-02 13:31:14,647 [INFO] LogOutputStream:77 - [STDOUT_REDIRECT] 1 : Invalid condition id : UX_CORESTACK_Condition cause : null
2025-05-02 13:31:14,649 [WARN] PackLoader:240 - Cannot read IP mode file for STMicroelectronics.X-CUBE-AZRTOS-WL.2.0.0
2025-05-02 13:31:14,669 [WARN] PackLoader:240 - Cannot read IP mode file for STMicroelectronics.FP-SNS-MOTENV1.5.0.0
2025-05-02 13:31:14,680 [WARN] PackLoader:240 - Cannot read IP mode file for wolfSSL.I-CUBE-wolfMQTT.1.19.0
2025-05-02 13:31:14,702 [WARN] PackLoader:240 - Cannot read IP mode file for WES.I-CUBE-Cesium.1.3.0
2025-05-02 13:31:14,722 [WARN] PackLoader:240 - Cannot read IP mode file for STMicroelectronics.X-CUBE-BLE2.3.3.0
2025-05-02 13:31:14,744 [WARN] PackLoader:240 - Cannot read IP mode file for STMicroelectronics.X-CUBE-NFC9.1.0.0
2025-05-02 13:31:14,764 [WARN] PackLoader:240 - Cannot read IP mode file for STMicroelectronics.X-CUBE-BLE1.7.1.0
2025-05-02 13:31:14,785 [WARN] PackLoader:240 - Cannot read IP mode file for STMicroelectronics.X-CUBE-TCPP.4.1.0
2025-05-02 13:31:14,835 [WARN] PackLoader:240 - Cannot read IP mode file for STMicroelectronics.X-CUBE-MEMS1.11.2.0
2025-05-02 13:31:14,934 [WARN] PackLoader:240 - Cannot read IP mode file for STMicroelectronics.X-CUBE-AZRTOS-G0.1.1.0
2025-05-02 13:31:14,953 [WARN] PackLoader:240 - Cannot read IP mode file for STMicroelectronics.X-CUBE-SAFEA1.1.2.2
2025-05-02 13:31:14,974 [WARN] PackLoader:240 - Cannot read IP mode file for STMicroelectronics.X-CUBE-NFC4.3.0.0
2025-05-02 13:31:14,997 [WARN] PackLoader:240 - Cannot read IP mode file for EmbeddedOffice.I-CUBE-FS-RTOS.1.0.1
2025-05-02 13:31:15,017 [WARN] PackLoader:240 - Cannot read IP mode file for STMicroelectronics.X-CUBE-WB05N.2.0.0
2025-05-02 13:31:15,037 [WARN] PackLoader:240 - Cannot read IP mode file for STMicroelectronics.X-CUBE-TCPP.4.2.0
2025-05-02 13:31:15,058 [WARN] PackLoader:240 - Cannot read IP mode file for RealThread.X-CUBE-RT-Thread_Nano.4.1.1
2025-05-02 13:31:15,065 [WARN] PackLoader:240 - Cannot read IP mode file for STMicroelectronics.FP-ATR-SIGFOX1.3.2.0
2025-05-02 13:31:15,074 [WARN] ConditionMgr:438 - getConditionDescription Invalid condition id : Cortex-A Device cause : null
2025-05-02 13:31:15,104 [WARN] ConditionMgr:1044 - genDependencies : Invalid condition id : Cortex-A Device cause : null
2025-05-02 13:31:15,104 [WARN] ConditionMgr:1044 - genDependencies : Invalid condition id : Cortex-A Device cause : null
2025-05-02 13:31:15,104 [WARN] ConditionMgr:1044 - genDependencies : Invalid condition id : Cortex-A Device cause : null
2025-05-02 13:31:15,126 [WARN] PackLoader:240 - Cannot read IP mode file for STMicroelectronics.X-CUBE-EEPRMA1.5.1.0
2025-05-02 13:31:15,146 [WARN] PackLoader:240 - Cannot read IP mode file for wolfSSL.I-CUBE-wolfSSL.5.7.4
2025-05-02 13:31:15,169 [WARN] PackLoader:240 - Cannot read IP mode file for ITTIA_DB.I-CUBE-ITTIADB.8.9.0
2025-05-02 13:31:15,207 [WARN] PackLoader:240 - Cannot read IP mode file for SEGGER.I-CUBE-embOS.1.3.1
2025-05-02 13:31:15,249 [WARN] PackLoader:240 - Cannot read IP mode file for STMicroelectronics.X-CUBE-ALGOBUILD.1.4.0
2025-05-02 13:31:15,269 [WARN] PackLoader:240 - Cannot read IP mode file for STMicroelectronics.X-CUBE-AI.9.1.0
2025-05-02 13:31:15,301 [WARN] PackLoader:240 - Cannot read IP mode file for STMicroelectronics.X-CUBE-AZRTOS-F4.1.1.0
2025-05-02 13:31:15,311 [WARN] PackLoader:240 - Cannot read IP mode file for Avnet-IotConnect.X-CUBE-IoTC-DA16k-PMOD.1.0.0
2025-05-02 13:31:15,328 [WARN] PackLoader:240 - Cannot read IP mode file for STMicroelectronics.X-CUBE-ISPU.2.1.0
2025-05-02 13:31:15,343 [WARN] PackLoader:240 - Cannot read IP mode file for STMicroelectronics.X-CUBE-FREERTOS.1.2.0
2025-05-02 13:31:15,371 [WARN] PackLoader:240 - Cannot read IP mode file for STMicroelectronics.X-CUBE-AZRTOS-L5.2.0.0
2025-05-02 13:31:15,389 [WARN] PackLoader:240 - Cannot read IP mode file for STMicroelectronics.X-CUBE-NFC6.3.1.0
2025-05-02 13:31:15,453 [WARN] PackLoader:240 - Cannot read IP mode file for STMicroelectronics.X-CUBE-DPower.1.2.0
2025-05-02 13:31:15,467 [WARN] PackLoader:240 - Cannot read IP mode file for STMicroelectronics.X-CUBE-FREERTOS.1.3.0
2025-05-02 13:31:15,485 [WARN] PackLoader:240 - Cannot read IP mode file for STMicroelectronics.X-CUBE-NFC7.1.0.1
2025-05-02 13:31:15,501 [WARN] PackLoader:240 - Cannot read IP mode file for STMicroelectronics.X-CUBE-DPower.1.3.0
2025-05-02 13:31:15,533 [WARN] ConditionMgr:438 - getConditionDescription Invalid condition id : LAN8742 Phy interface Condition cause : null
2025-05-02 13:31:15,533 [WARN] PackLoader:240 - Cannot read IP mode file for STMicroelectronics.X-CUBE-AZRTOS-L4.2.0.0
2025-05-02 13:31:15,534 [WARN] ConditionMgr:1044 - genDependencies : Invalid condition id : LAN8742 Phy interface Condition cause : null
2025-05-02 13:31:15,534 [WARN] ConditionMgr:1044 - genDependencies : Invalid condition id : LAN8742 Phy interface Condition cause : null
2025-05-02 13:31:15,534 [WARN] ConditionMgr:1044 - genDependencies : Invalid condition id : LAN8742 Phy interface Condition cause : null
2025-05-02 13:31:15,619 [WARN] PackLoader:240 - Cannot read IP mode file for STMicroelectronics.X-CUBE-SFXS2LP1.4.0.0
2025-05-02 13:31:15,669 [WARN] PackLoader:240 - Cannot read IP mode file for STMicroelectronics.X-CUBE-AZRTOS-H7.3.3.0
2025-05-02 13:31:15,695 [WARN] PackLoader:240 - Cannot read IP mode file for STMicroelectronics.X-CUBE-IPS.3.0.0
2025-05-02 13:31:15,724 [WARN] ConditionMgr:438 - getConditionDescription Invalid condition id : UX DEVICE CLASS RTOS Condition cause : null
2025-05-02 13:31:15,724 [WARN] ConditionMgr:438 - getConditionDescription Invalid condition id : UX DEVICE CLASS RTOS Condition cause : null
2025-05-02 13:31:15,725 [WARN] PackLoader:240 - Cannot read IP mode file for STMicroelectronics.X-CUBE-AZRTOS-WB.2.0.0
2025-05-02 13:31:15,726 [WARN] ConditionMgr:1044 - genDependencies : Invalid condition id : UX DEVICE CLASS RTOS Condition cause : null
2025-05-02 13:31:15,726 [WARN] ConditionMgr:1044 - genDependencies : Invalid condition id : UX DEVICE CLASS RTOS Condition cause : null
2025-05-02 13:31:15,726 [WARN] ConditionMgr:1044 - genDependencies : Invalid condition id : UX DEVICE CLASS RTOS Condition cause : null
2025-05-02 13:31:15,727 [WARN] ConditionMgr:1044 - genDependencies : Invalid condition id : UX DEVICE CLASS RTOS Condition cause : null
2025-05-02 13:31:15,727 [WARN] ConditionMgr:1044 - genDependencies : Invalid condition id : UX DEVICE CLASS RTOS Condition cause : null
2025-05-02 13:31:15,746 [WARN] PackLoader:240 - Cannot read IP mode file for STMicroelectronics.X-CUBE-GNSS1.7.0.0
2025-05-02 13:31:15,763 [WARN] PackLoader:240 - Cannot read IP mode file for STMicroelectronics.X-CUBE-GNSS1.7.0.1
2025-05-02 13:31:15,780 [WARN] PackLoader:240 - Cannot read IP mode file for STMicroelectronics.X-CUBE-TOUCHGFX.4.25.0
2025-05-02 13:31:15,799 [WARN] PackLoader:240 - Cannot read IP mode file for STMicroelectronics.X-CUBE-SUBG2.5.0.0
2025-05-02 13:31:15,832 [WARN] PackLoader:240 - Cannot read IP mode file for STMicroelectronics.X-CUBE-AZRTOS-H7RS.1.1.0
2025-05-02 13:31:15,840 [WARN] PackLoader:240 - Cannot read IP mode file for Cesanta.I-CUBE-Mongoose.7.13.0
2025-05-02 13:31:15,865 [WARN] PackLoader:240 - Cannot read IP mode file for STMicroelectronics.X-CUBE-AZRTOS-G4.2.0.0
2025-05-02 13:31:15,869 [WARN] PackLoader:240 - Cannot read IP mode file for STMicroelectronics.X-CUBE-NFC7.2.0.0
2025-05-02 13:31:15,890 [WARN] PackLoader:240 - Cannot read IP mode file for STMicroelectronics.X-CUBE-IPS.3.1.0
2025-05-02 13:31:15,909 [WARN] PackLoader:240 - Cannot read IP mode file for STMicroelectronics.X-CUBE-ALS.1.0.2
2025-05-02 13:31:15,923 [WARN] PackLoader:240 - Cannot read IP mode file for STMicroelectronics.X-CUBE-TOUCHGFX.4.24.2
2025-05-02 13:31:15,936 [WARN] PackLoader:240 - Cannot read IP mode file for STMicroelectronics.X-CUBE-TOUCHGFX.4.24.1
2025-05-02 13:31:15,943 [WARN] PackLoader:240 - Cannot read IP mode file for wolfSSL.I-CUBE-wolfTPM.3.4.0
2025-05-02 13:31:15,961 [WARN] PackLoader:240 - Cannot read IP mode file for portGmbH.I-Cube-SoM-uGOAL.1.1.0
2025-05-02 13:31:15,988 [WARN] PackLoader:240 - Cannot read IP mode file for STMicroelectronics.X-CUBE-AZRTOS-H7RS.1.0.0
2025-05-02 13:31:16,003 [WARN] PackLoader:240 - Cannot read IP mode file for STMicroelectronics.FP-ATR-ASTRA1.2.0.0
2025-05-02 13:31:16,024 [WARN] PackLoader:240 - Cannot read IP mode file for STMicroelectronics.X-CUBE-TOF1.3.4.2
2025-05-02 13:31:16,048 [WARN] PackLoader:240 - Cannot read IP mode file for STMicroelectronics.X-CUBE-TOF1.3.4.3
2025-05-02 13:31:16,084 [WARN] PackLoader:240 - Cannot read IP mode file for Infineon.AIROC-Wi-Fi-Bluetooth-STM32.1.6.1
2025-05-02 13:31:16,091 [WARN] PackLoader:240 - Cannot read IP mode file for wolfSSL.I-CUBE-wolfSSH.1.4.17
2025-05-02 13:31:16,091 [INFO] ThirdParty:978 - Integrity check success = true
2025-05-02 13:31:16,092 [INFO] IntegrityCheckThread:100 - exiting critical section [integrity check]
2025-05-02 13:31:16,092 [INFO] IntegrityCheckThread:103 - End integrity checks thread
2025-05-02 13:32:23,528 [INFO] WebApp:194 - Connection lost
2025-05-02 13:32:23,744 [INFO] WebApp:191 - Connection restablished
2025-05-02 13:32:46,570 [ERROR] LogOutputStream:75 - [STDERR_REDIRECT] 
2025-05-02 13:32:46,573 [ERROR] LogOutputStream:75 - [STDERR_REDIRECT] 
