2025-04-28 18:09:47,959 [INFO] Activator:176 - 


2025-04-28 18:09:47,963 [INFO] Activator:177 - !SESSION log4j initialized
2025-04-28 18:09:55,823 [INFO] LogOutputStream:77 - [STDOUT_REDIRECT] 
2025-04-28 18:09:59,813 [INFO] ApplicationProperties:184 - Using Application install path: C:\Users\User\STM32CubeIDE_1.16.0\STM32CubeIDE\plugins\com.st.stm32cube.common.mx_6.14.1.202504091515
2025-04-28 18:09:59,837 [INFO] DbMcusXml:78 - Set database path to: C:\Users\User\STM32CubeIDE_1.16.0\STM32CubeIDE\plugins\com.st.stm32cube.common.mx_6.14.1.202504091515\\db\/mcu/
2025-04-28 18:09:59,837 [INFO] ApiDb:274 - Set plugin database path to: C:\Users\User\STM32CubeIDE_1.16.0\STM32CubeIDE\plugins\com.st.stm32cube.common.mx_6.14.1.202504091515\\db\/plugins/boardmanager/
2025-04-28 18:09:59,838 [WARN] ApiDb:259 - Overriding images path with different value:  => C:\Users\User\STM32CubeIDE_1.16.0\STM32CubeIDE\plugins\com.st.stm32cube.common.mx_6.14.1.202504091515\\db\/plugins/mcufinder/images/
2025-04-28 18:09:59,851 [INFO] ApiDb:250 - Set database path to: C:\Users\User\.stmcufinder\plugins\mcufinder//mcu/
2025-04-28 18:09:59,852 [INFO] DbMcusAds:125 - Set database path to: C:\Users\User\.stmcufinder\plugins\mcufinder//mcu/
2025-04-28 18:09:59,854 [INFO] CrossReferenceDbSqlite:203 - Set database path to: C:\Users\User\.stmcufinder\plugins\mcufinder//mcu/cs/
2025-04-28 18:09:59,987 [INFO] RulesReader:64 - Compatibility file has been processed (302 Rules)
2025-04-28 18:10:00,116 [INFO] DbMcusXml:78 - Set database path to: C:\Users\User\STM32CubeIDE_1.16.0\STM32CubeIDE\plugins\com.st.stm32cube.common.mx_6.14.1.202504091515\\db\/mcu/
2025-04-28 18:10:00,116 [INFO] ApiDb:274 - Set plugin database path to: C:\Users\User\STM32CubeIDE_1.16.0\STM32CubeIDE\plugins\com.st.stm32cube.common.mx_6.14.1.202504091515\\db\/plugins/boardmanager/
2025-04-28 18:10:00,117 [INFO] ApiDb:261 - Set plugin images path to: C:\Users\User\STM32CubeIDE_1.16.0\STM32CubeIDE\plugins\com.st.stm32cube.common.mx_6.14.1.202504091515\\db\/plugins/mcufinder/images/
2025-04-28 18:10:00,117 [WARN] DbFile:41 - Overriding database path with different value: C:\Users\User\.stmcufinder\plugins\mcufinder/ => C:\Users\User\.stmcufinder\plugins\mcufinder
2025-04-28 18:10:00,117 [INFO] ApiDb:250 - Set database path to: C:\Users\User\.stmcufinder\plugins\mcufinder//mcu/
2025-04-28 18:10:00,117 [WARN] DbFile:41 - Overriding database path with different value: C:\Users\User\.stmcufinder\plugins\mcufinder/ => C:\Users\User\.stmcufinder\plugins\mcufinder
2025-04-28 18:10:00,117 [INFO] DbMcusAds:125 - Set database path to: C:\Users\User\.stmcufinder\plugins\mcufinder//mcu/
2025-04-28 18:10:00,117 [WARN] DbFile:41 - Overriding database path with different value: C:\Users\User\.stmcufinder\plugins\mcufinder/ => C:\Users\User\.stmcufinder\plugins\mcufinder
2025-04-28 18:10:00,117 [WARN] DbFile:41 - Overriding database path with different value: C:\Users\User\.stmcufinder\plugins\mcufinder/ => C:\Users\User\.stmcufinder\plugins\mcufinder
2025-04-28 18:10:00,117 [INFO] CrossReferenceDbSqlite:203 - Set database path to: C:\Users\User\.stmcufinder\plugins\mcufinder//mcu/cs/
2025-04-28 18:10:00,217 [INFO] MainPanel:272 - HeapMemory: 314572800
2025-04-28 18:10:00,371 [INFO] DbMcusXml:78 - Set database path to: C:\Users\User\STM32CubeIDE_1.16.0\STM32CubeIDE\plugins\com.st.stm32cube.common.mx_6.14.1.202504091515\\db\/mcu/
2025-04-28 18:10:00,371 [INFO] ApiDb:274 - Set plugin database path to: C:\Users\User\STM32CubeIDE_1.16.0\STM32CubeIDE\plugins\com.st.stm32cube.common.mx_6.14.1.202504091515\\db\/plugins/boardmanager/
2025-04-28 18:10:00,373 [INFO] ApiDb:261 - Set plugin images path to: C:\Users\User\STM32CubeIDE_1.16.0\STM32CubeIDE\plugins\com.st.stm32cube.common.mx_6.14.1.202504091515\\db\/plugins/mcufinder/images/
2025-04-28 18:10:00,373 [WARN] DbFile:41 - Overriding database path with different value: C:\Users\User\.stmcufinder\plugins\mcufinder/ => C:\Users\User\.stmcufinder\plugins\mcufinder
2025-04-28 18:10:00,373 [INFO] ApiDb:250 - Set database path to: C:\Users\User\.stmcufinder\plugins\mcufinder//mcu/
2025-04-28 18:10:00,374 [WARN] DbFile:41 - Overriding database path with different value: C:\Users\User\.stmcufinder\plugins\mcufinder/ => C:\Users\User\.stmcufinder\plugins\mcufinder
2025-04-28 18:10:00,374 [INFO] DbMcusAds:125 - Set database path to: C:\Users\User\.stmcufinder\plugins\mcufinder//mcu/
2025-04-28 18:10:00,374 [WARN] DbFile:41 - Overriding database path with different value: C:\Users\User\.stmcufinder\plugins\mcufinder/ => C:\Users\User\.stmcufinder\plugins\mcufinder
2025-04-28 18:10:00,374 [WARN] DbFile:41 - Overriding database path with different value: C:\Users\User\.stmcufinder\plugins\mcufinder/ => C:\Users\User\.stmcufinder\plugins\mcufinder
2025-04-28 18:10:00,374 [INFO] CrossReferenceDbSqlite:203 - Set database path to: C:\Users\User\.stmcufinder\plugins\mcufinder//mcu/cs/
2025-04-28 18:10:00,434 [INFO] ApplicationProperties:184 - Using Application install path: C:\Users\User\STM32CubeIDE_1.16.0\STM32CubeIDE\plugins\com.st.stm32cube.common.mx_6.14.1.202504091515
2025-04-28 18:10:00,437 [INFO] PluginManage:196 - Search for loadable plugins [exclusion list=, ]
2025-04-28 18:10:00,440 [INFO] PluginManage:310 - Check plugin analytics
2025-04-28 18:10:00,758 [INFO] AnalyticsPlugin:253 - Accepted Software Licenses: STM32CubeMX.6.12.0,STM32CubeMX.6.12.1
2025-04-28 18:10:00,758 [INFO] AnalyticsPlugin:255 - Accepted CMSIS Pack Licenses: 
2025-04-28 18:10:00,759 [INFO] AnalyticsPlugin:257 - Accepted Firmware Licenses: FW.G4.1.5.0,FW.U5.1.0.0,FW.WB.1.13.0,FW.G4.1.6.0
2025-04-28 18:10:00,763 [INFO] PluginManage:359 - Loaded plugin analytics (category:tool,tabindex:-1)
2025-04-28 18:10:00,764 [INFO] PluginManage:310 - Check plugin cadmodel
2025-04-28 18:10:00,798 [INFO] CADModel:105 - Init CAD model plugin
2025-04-28 18:10:00,798 [INFO] PluginManage:359 - Loaded plugin cadmodel (category:power,tabindex:5)
2025-04-28 18:10:00,798 [INFO] PluginManage:310 - Check plugin clock
2025-04-28 18:10:00,835 [INFO] PluginManage:359 - Loaded plugin clock (category:base,tabindex:2)
2025-04-28 18:10:00,836 [INFO] PluginManage:310 - Check plugin ddr
2025-04-28 18:10:00,842 [INFO] PluginManage:359 - Loaded plugin ddr (category:tool,tabindex:6)
2025-04-28 18:10:00,842 [INFO] PluginManage:310 - Check plugin filemanager
2025-04-28 18:10:01,069 [INFO] PluginManage:359 - Loaded plugin filemanager (category:base,tabindex:10)
2025-04-28 18:10:01,070 [INFO] PluginManage:310 - Check plugin ipmanager
2025-04-28 18:10:01,082 [INFO] PluginManage:359 - Loaded plugin ipmanager (category:base,tabindex:5)
2025-04-28 18:10:01,082 [INFO] PluginManage:310 - Check plugin lpbam
2025-04-28 18:10:01,108 [INFO] PluginManage:359 - Loaded plugin lpbam (category:base,tabindex:0)
2025-04-28 18:10:01,108 [INFO] PluginManage:310 - Check plugin memorymap
2025-04-28 18:10:01,151 [INFO] PluginManage:359 - Loaded plugin memorymap (category:base,tabindex:4)
2025-04-28 18:10:01,151 [INFO] PluginManage:310 - Check plugin pinoutandconfiguration
2025-04-28 18:10:01,182 [INFO] PluginManage:359 - Loaded plugin pinoutandconfiguration (category:base,tabindex:1)
2025-04-28 18:10:01,182 [INFO] PluginManage:310 - Check plugin pinoutconfig
2025-04-28 18:10:01,370 [WARN] SupportedApi:132 - Cannot load RTOS API schema: s4s-elt-must-match.1: The content of 'definitions' must match (annotation?, (simpleType | complexType)?, (unique | key | keyref)*)). A problem was found starting at: attribute.
2025-04-28 18:10:01,560 [INFO] PluginManage:359 - Loaded plugin pinoutconfig (category:base,tabindex:0)
2025-04-28 18:10:01,560 [INFO] PluginManage:310 - Check plugin power
2025-04-28 18:10:01,589 [INFO] PluginManage:359 - Loaded plugin power (category:power,tabindex:4)
2025-04-28 18:10:01,589 [INFO] PluginManage:310 - Check plugin projectmanager
2025-04-28 18:10:01,606 [INFO] PluginManage:359 - Loaded plugin projectmanager (category:projectmanager,tabindex:4)
2025-04-28 18:10:01,606 [INFO] PluginManage:310 - Check plugin rif
2025-04-28 18:10:01,634 [INFO] PluginManage:359 - Loaded plugin rif (category:base,tabindex:3)
2025-04-28 18:10:01,634 [INFO] PluginManage:310 - Check plugin thirdparty
2025-04-28 18:10:01,987 [INFO] PluginManage:359 - Loaded plugin thirdparty (category:base,tabindex:-1)
2025-04-28 18:10:01,987 [WARN] IntegrityCheckThread:84 - waiting for thirdparty lock release [integrity check]
2025-04-28 18:10:01,987 [INFO] PluginManage:310 - Check plugin tools
2025-04-28 18:10:01,987 [INFO] IntegrityCheckThread:86 - entering critical section [integrity check]
2025-04-28 18:10:01,987 [INFO] ThirdPartyUpdaterWithRetryManager:70 - Updater plugin not ready yet. [1/15]
2025-04-28 18:10:02,042 [INFO] PluginManage:359 - Loaded plugin tools (category:base,tabindex:7)
2025-04-28 18:10:02,042 [INFO] PluginManage:310 - Check plugin tutovideos
2025-04-28 18:10:02,248 [INFO] PluginManage:359 - Loaded plugin tutovideos (category:base,tabindex:-1)
2025-04-28 18:10:02,248 [INFO] PluginManage:310 - Check plugin updater
2025-04-28 18:10:02,270 [INFO] PluginManage:359 - Loaded plugin updater (category:base,tabindex:12)
2025-04-28 18:10:02,270 [INFO] PluginManage:310 - Check plugin userauth
2025-04-28 18:10:02,274 [INFO] UserAuth:118 - Init User Auth plugin
2025-04-28 18:10:02,275 [INFO] PluginManage:359 - Loaded plugin userauth (category:base,tabindex:14)
2025-04-28 18:10:02,275 [INFO] PluginManage:283 - PluginManage : Loaded plugins [18]
2025-04-28 18:10:02,506 [INFO] PinOutPanel:1589 - setPackage(No Configuration,No Configuration)
2025-04-28 18:10:02,607 [INFO] CADModel:165 - CPN selected for project level
2025-04-28 18:10:02,607 [INFO] CADModel:114 - Register for checkConnection events
2025-04-28 18:10:02,641 [INFO] IPUIPlugin:80 - create IPUIPlugin
2025-04-28 18:10:02,641 [INFO] PluginManager:220 - loadIPPluginJar : add adc
2025-04-28 18:10:02,691 [INFO] IPUIPlugin:80 - create IPUIPlugin
2025-04-28 18:10:02,691 [INFO] PluginManager:220 - loadIPPluginJar : add aes
2025-04-28 18:10:02,744 [INFO] IPUIPlugin:80 - create IPUIPlugin
2025-04-28 18:10:02,744 [INFO] PluginManager:220 - loadIPPluginJar : add can
2025-04-28 18:10:02,777 [INFO] IPUIPlugin:80 - create IPUIPlugin
2025-04-28 18:10:02,777 [INFO] PluginManager:220 - loadIPPluginJar : add comp
2025-04-28 18:10:02,821 [INFO] IPUIPlugin:80 - create IPUIPlugin
2025-04-28 18:10:02,821 [INFO] PluginManager:220 - loadIPPluginJar : add cryp
2025-04-28 18:10:02,836 [INFO] IPUIPlugin:80 - create IPUIPlugin
2025-04-28 18:10:02,836 [INFO] PluginManager:220 - loadIPPluginJar : add ddr_ctrl_phy
2025-04-28 18:10:02,877 [INFO] IPUIPlugin:80 - create IPUIPlugin
2025-04-28 18:10:02,877 [INFO] PluginManager:220 - loadIPPluginJar : add dfsdm
2025-04-28 18:10:02,894 [INFO] IPUIPlugin:80 - create IPUIPlugin
2025-04-28 18:10:02,895 [INFO] PluginManager:220 - loadIPPluginJar : add dma
2025-04-28 18:10:02,947 [INFO] IPUIPlugin:80 - create IPUIPlugin
2025-04-28 18:10:02,947 [INFO] PluginManager:220 - loadIPPluginJar : add dma3
2025-04-28 18:10:03,004 [INFO] IPUIPlugin:80 - create IPUIPlugin
2025-04-28 18:10:03,004 [INFO] PluginManager:220 - loadIPPluginJar : add extmemmanager
2025-04-28 18:10:03,032 [INFO] IPUIPlugin:80 - create IPUIPlugin
2025-04-28 18:10:03,033 [INFO] PluginManager:220 - loadIPPluginJar : add fatfs
2025-04-28 18:10:03,093 [INFO] IPUIPlugin:80 - create IPUIPlugin
2025-04-28 18:10:03,093 [INFO] PluginManager:220 - loadIPPluginJar : add fmc
2025-04-28 18:10:03,111 [INFO] IPUIPlugin:80 - create IPUIPlugin
2025-04-28 18:10:03,111 [INFO] PluginManager:220 - loadIPPluginJar : add freertos
2025-04-28 18:10:03,139 [INFO] IPUIPlugin:80 - create IPUIPlugin
2025-04-28 18:10:03,140 [INFO] PluginManager:220 - loadIPPluginJar : add genericplugin
2025-04-28 18:10:03,267 [INFO] IPUIPlugin:80 - create IPUIPlugin
2025-04-28 18:10:03,267 [INFO] PluginManager:220 - loadIPPluginJar : add gfxmmu
2025-04-28 18:10:03,446 [INFO] IPUIPlugin:80 - create IPUIPlugin
2025-04-28 18:10:03,447 [INFO] PluginManager:220 - loadIPPluginJar : add gic
2025-04-28 18:10:03,462 [INFO] IPUIPlugin:80 - create IPUIPlugin
2025-04-28 18:10:03,462 [INFO] PluginManager:220 - loadIPPluginJar : add gpio
2025-04-28 18:10:03,578 [INFO] IPUIPlugin:80 - create IPUIPlugin
2025-04-28 18:10:03,578 [INFO] PluginManager:220 - loadIPPluginJar : add gtzc
2025-04-28 18:10:03,621 [INFO] IPUIPlugin:80 - create IPUIPlugin
2025-04-28 18:10:03,622 [INFO] PluginManager:220 - loadIPPluginJar : add hash
2025-04-28 18:10:03,690 [INFO] IPUIPlugin:80 - create IPUIPlugin
2025-04-28 18:10:03,690 [INFO] PluginManager:220 - loadIPPluginJar : add i2c
2025-04-28 18:10:03,742 [INFO] IPUIPlugin:80 - create IPUIPlugin
2025-04-28 18:10:03,742 [INFO] PluginManager:220 - loadIPPluginJar : add i2s
2025-04-28 18:10:03,794 [INFO] IPUIPlugin:80 - create IPUIPlugin
2025-04-28 18:10:03,794 [INFO] PluginManager:220 - loadIPPluginJar : add i3c
2025-04-28 18:10:03,916 [INFO] IPUIPlugin:80 - create IPUIPlugin
2025-04-28 18:10:03,916 [INFO] PluginManager:220 - loadIPPluginJar : add ipddr
2025-04-28 18:10:04,037 [INFO] IPUIPlugin:80 - create IPUIPlugin
2025-04-28 18:10:04,038 [INFO] PluginManager:220 - loadIPPluginJar : add linkedlist
2025-04-28 18:10:04,084 [INFO] IPUIPlugin:80 - create IPUIPlugin
2025-04-28 18:10:04,084 [INFO] PluginManager:220 - loadIPPluginJar : add lorawan
2025-04-28 18:10:04,132 [INFO] IPUIPlugin:80 - create IPUIPlugin
2025-04-28 18:10:04,132 [INFO] PluginManager:220 - loadIPPluginJar : add ltdc
2025-04-28 18:10:04,148 [INFO] IPUIPlugin:80 - create IPUIPlugin
2025-04-28 18:10:04,148 [INFO] PluginManager:220 - loadIPPluginJar : add mdma
2025-04-28 18:10:04,163 [INFO] IPUIPlugin:80 - create IPUIPlugin
2025-04-28 18:10:04,163 [INFO] PluginManager:220 - loadIPPluginJar : add nvic
2025-04-28 18:10:04,210 [INFO] IPUIPlugin:80 - create IPUIPlugin
2025-04-28 18:10:04,210 [INFO] PluginManager:220 - loadIPPluginJar : add opamp
2025-04-28 18:10:04,293 [INFO] IPUIPlugin:80 - create IPUIPlugin
2025-04-28 18:10:04,293 [INFO] PluginManager:220 - loadIPPluginJar : add openamp
2025-04-28 18:10:04,354 [INFO] IPUIPlugin:80 - create IPUIPlugin
2025-04-28 18:10:04,354 [INFO] PluginManager:220 - loadIPPluginJar : add pdm2pcm
2025-04-28 18:10:04,370 [INFO] IPUIPlugin:80 - create IPUIPlugin
2025-04-28 18:10:04,372 [INFO] PluginManager:220 - loadIPPluginJar : add plateformsettings
2025-04-28 18:10:04,376 [INFO] IPUIPlugin:80 - create IPUIPlugin
2025-04-28 18:10:04,377 [INFO] PluginManager:220 - loadIPPluginJar : add quadspi
2025-04-28 18:10:04,415 [INFO] IPUIPlugin:80 - create IPUIPlugin
2025-04-28 18:10:04,416 [INFO] PluginManager:220 - loadIPPluginJar : add radio
2025-04-28 18:10:04,434 [INFO] IPUIPlugin:80 - create IPUIPlugin
2025-04-28 18:10:04,434 [INFO] PluginManager:220 - loadIPPluginJar : add resmgrutility
2025-04-28 18:10:04,499 [INFO] IPUIPlugin:80 - create IPUIPlugin
2025-04-28 18:10:04,500 [INFO] PluginManager:220 - loadIPPluginJar : add sai
2025-04-28 18:10:04,554 [INFO] IPUIPlugin:80 - create IPUIPlugin
2025-04-28 18:10:04,554 [INFO] PluginManager:220 - loadIPPluginJar : add spi
2025-04-28 18:10:04,658 [INFO] IPUIPlugin:80 - create IPUIPlugin
2025-04-28 18:10:04,658 [INFO] PluginManager:220 - loadIPPluginJar : add stm32_wpan
2025-04-28 18:10:04,692 [INFO] IPUIPlugin:80 - create IPUIPlugin
2025-04-28 18:10:04,692 [INFO] PluginManager:220 - loadIPPluginJar : add tim
2025-04-28 18:10:04,769 [INFO] IPUIPlugin:80 - create IPUIPlugin
2025-04-28 18:10:04,769 [INFO] PluginManager:220 - loadIPPluginJar : add touchsensing
2025-04-28 18:10:04,798 [INFO] IPUIPlugin:80 - create IPUIPlugin
2025-04-28 18:10:04,798 [INFO] PluginManager:220 - loadIPPluginJar : add tracer_emb
2025-04-28 18:10:04,832 [INFO] IPUIPlugin:80 - create IPUIPlugin
2025-04-28 18:10:04,832 [INFO] PluginManager:220 - loadIPPluginJar : add ts
2025-04-28 18:10:04,862 [INFO] IPUIPlugin:80 - create IPUIPlugin
2025-04-28 18:10:04,862 [INFO] PluginManager:220 - loadIPPluginJar : add tsc
2025-04-28 18:10:04,865 [INFO] IPUIPlugin:80 - create IPUIPlugin
2025-04-28 18:10:04,865 [INFO] PluginManager:220 - loadIPPluginJar : add ucpd
2025-04-28 18:10:04,921 [INFO] IPUIPlugin:80 - create IPUIPlugin
2025-04-28 18:10:04,922 [INFO] PluginManager:220 - loadIPPluginJar : add usart
2025-04-28 18:10:04,978 [INFO] IPUIPlugin:80 - create IPUIPlugin
2025-04-28 18:10:04,979 [INFO] PluginManager:220 - loadIPPluginJar : add usbx
2025-04-28 18:10:04,988 [INFO] ThirdPartyUpdaterWithRetryManager:70 - Updater plugin not ready yet. [2/15]
2025-04-28 18:10:05,111 [FATAL] Updater:351 - Updater called before beeing initialized
2025-04-28 18:10:05,137 [INFO] RulesReader:64 - Compatibility file has been processed (302 Rules)
2025-04-28 18:10:05,149 [INFO] RulesReader:64 - Compatibility file has been processed (302 Rules)
2025-04-28 18:10:05,159 [INFO] CADModel:165 - CPN selected for project level
2025-04-28 18:10:05,159 [INFO] CADModel:114 - Register for checkConnection events
2025-04-28 18:10:05,159 [FATAL] Updater:351 - Updater called before beeing initialized
2025-04-28 18:10:05,159 [ERROR] CADModel:125 - Updater not yet initialized, retry later 
2025-04-28 18:10:05,336 [FATAL] Updater:351 - Updater called before beeing initialized
2025-04-28 18:10:05,339 [INFO] CADModel:165 - CPN selected for project level
2025-04-28 18:10:05,339 [INFO] CADModel:114 - Register for checkConnection events
2025-04-28 18:10:05,339 [FATAL] Updater:351 - Updater called before beeing initialized
2025-04-28 18:10:05,339 [ERROR] CADModel:125 - Updater not yet initialized, retry later 
2025-04-28 18:10:05,343 [FATAL] Updater:351 - Updater called before beeing initialized
2025-04-28 18:10:05,495 [FATAL] Updater:351 - Updater called before beeing initialized
2025-04-28 18:10:05,506 [INFO] DbMcusAds:53 - JSON generation date=Thu Mar 06 21:54:22 ICT 2025 (1741272862204)
2025-04-28 18:10:05,506 [FATAL] Updater:351 - Updater called before beeing initialized
2025-04-28 18:10:05,545 [WARN] DetailPanel:346 - Failed to get advertising image, set to default
2025-04-28 18:10:05,771 [FATAL] Updater:351 - Updater called before beeing initialized
2025-04-28 18:10:05,773 [FATAL] Updater:351 - Updater called before beeing initialized
2025-04-28 18:10:05,773 [FATAL] Updater:351 - Updater called before beeing initialized
2025-04-28 18:10:05,773 [WARN] DetailPanel:346 - Failed to get advertising image, set to default
2025-04-28 18:10:05,774 [FATAL] Updater:351 - Updater called before beeing initialized
2025-04-28 18:10:05,827 [ERROR] Updater:1198 - MainUpdater not yet initialized. External WinMGr cannot be set.
2025-04-28 18:10:05,840 [INFO] Updater:1134 - Updater Version found : 6.14.1
2025-04-28 18:10:05,858 [INFO] ApplicationProperties:184 - Using Application install path: C:\Users\User\STM32CubeIDE_1.16.0\STM32CubeIDE\plugins\com.st.stm32cube.common.mx_6.14.1.202504091515
2025-04-28 18:10:07,451 [ERROR] LogOutputStream:75 - [STDERR_REDIRECT] Apr 28, 2025 6:10:07 PM java.util.prefs.WindowsPreferences <init>
2025-04-28 18:10:07,452 [ERROR] LogOutputStream:75 - [STDERR_REDIRECT] WARNING: Could not open/create prefs root node Software\JavaSoft\Prefs at root 0xffffffff80000002. Windows RegCreateKeyEx(...) returned error code 5.
2025-04-28 18:10:07,452 [ERROR] LogOutputStream:75 - [STDERR_REDIRECT] 
2025-04-28 18:10:07,876 [INFO] MainUpdater:2872 - connection check result : 10
2025-04-28 18:10:07,877 [INFO] MainUpdater:289 - Updater Check For Update Now.
2025-04-28 18:10:07,877 [INFO] MicroXplorer:498 - Change Database Version : DB.6.0.141
2025-04-28 18:10:07,900 [INFO] McuFinderGlobals:63 - Set McuFinder mode to 2 (CubeIDE integrated)
2025-04-28 18:10:07,909 [INFO] UserAuth:484 - Internet connection configuration mode: 1
2025-04-28 18:10:07,954 [INFO] JxBrowserEngine:152 - Initiate JxBrowser Engine with user profile folder
2025-04-28 18:10:07,997 [WARN] MainUpdater:1193 - Updater busy. Cannot search thirdparties
2025-04-28 18:10:07,997 [INFO] ThirdPartyUpdaterWithRetryManager:96 - Updater plugin is busy. [1/15]
2025-04-28 18:10:08,092 [INFO] CheckServerUpdateThread:120 - End of CheckServer Thread
2025-04-28 18:10:09,345 [INFO] WebApp:169 - Instantiating new browser for Auth
2025-04-28 18:10:10,133 [INFO] WebApp:463 - Apply proxy settings
2025-04-28 18:10:10,134 [INFO] WebApp:548 - Chromium requires no authentication
2025-04-28 18:10:10,142 [INFO] WebApp:491 - Direct internet connection detected
2025-04-28 18:10:10,171 [INFO] WebApp:894 - Register for checkConnection events
2025-04-28 18:10:10,171 [INFO] WebApp:463 - Apply proxy settings
2025-04-28 18:10:10,172 [INFO] WebApp:548 - Chromium requires no authentication
2025-04-28 18:10:10,172 [INFO] WebApp:491 - Direct internet connection detected
2025-04-28 18:10:10,379 [INFO] WebApp:225 - Starting web application
2025-04-28 18:10:10,381 [INFO] WebApp:593 - Web application path used C:\Users\User\STM32CubeIDE_1.16.0\STM32CubeIDE\plugins\com.st.stm32cube.common.mx_6.14.1.202504091515\db\plugins\mcufinder\reactClient1\index.html
2025-04-28 18:10:10,420 [INFO] WebApp:191 - Connection restablished
2025-04-28 18:10:10,542 [INFO] UserAuth:484 - Internet connection configuration mode: 1
2025-04-28 18:10:11,362 [WARN] PackLoader:240 - Cannot read IP mode file for STMicroelectronics.FP-SNS-MOTENVWB1.1.4.0
2025-04-28 18:10:11,380 [WARN] PackLoader:240 - Cannot read IP mode file for STMicroelectronics.FP-ATR-ASTRA1.2.0.2
2025-04-28 18:10:11,393 [WARN] PackLoader:240 - Cannot read IP mode file for STMicroelectronics.FP-ATR-ASTRA1.2.0.1
2025-04-28 18:10:11,411 [WARN] PackLoader:240 - Cannot read IP mode file for STMicroelectronics.X-CUBE-SMBUS.2.1.0
2025-04-28 18:10:11,429 [WARN] PackLoader:240 - Cannot read IP mode file for STMicroelectronics.X-CUBE-WB05N.1.1.0
2025-04-28 18:10:11,467 [WARN] PackLoader:240 - Cannot read IP mode file for STMicroelectronics.X-CUBE-AZRTOS-F7.1.1.0
2025-04-28 18:10:11,523 [WARN] PackLoader:240 - Cannot read IP mode file for STMicroelectronics.X-CUBE-MEMS1.11.0.0
2025-04-28 18:10:11,649 [WARN] PackLoader:240 - Cannot read IP mode file for STMicroelectronics.FP-SNS-FLIGHT1.5.0.2
2025-04-28 18:10:11,670 [WARN] PackLoader:240 - Cannot read IP mode file for STMicroelectronics.X-CUBE-DISPLAY.3.0.0
2025-04-28 18:10:11,691 [WARN] PackLoader:240 - Cannot read IP mode file for STMicroelectronics.X-CUBE-BLE1.7.0.0
2025-04-28 18:10:11,722 [WARN] PackLoader:240 - Cannot read IP mode file for STMicroelectronics.X-CUBE-NFC10.1.0.0
2025-04-28 18:10:11,745 [WARN] PackLoader:240 - Cannot read IP mode file for STMicroelectronics.X-CUBE-BLEMGR.4.0.0
2025-04-28 18:10:11,765 [WARN] PackLoader:240 - Cannot read IP mode file for emotas.I-CUBE-CANOPEN.1.3.0
2025-04-28 18:10:11,781 [WARN] PackLoader:240 - Cannot read IP mode file for STMicroelectronics.X-CUBE-BLEMGR.3.1.0
2025-04-28 18:10:11,797 [WARN] PackLoader:240 - Cannot read IP mode file for STMicroelectronics.X-CUBE-AI.10.0.0
2025-04-28 18:10:11,812 [WARN] PackLoader:240 - Cannot read IP mode file for STMicroelectronics.FP-SNS-SMARTAG2.1.2.0
2025-04-28 18:10:11,825 [WARN] PackLoader:240 - Cannot read IP mode file for STMicroelectronics.FP-SNS-FLIGHT1.5.1.0
2025-04-28 18:10:11,871 [WARN] PackLoader:240 - Cannot read IP mode file for STMicroelectronics.X-CUBE-MEMS1.11.1.0
2025-04-28 18:10:11,990 [INFO] LogOutputStream:77 - [STDOUT_REDIRECT] 1 : Invalid condition id : UX_CORESTACK_Condition cause : null
2025-04-28 18:10:11,992 [INFO] LogOutputStream:77 - [STDOUT_REDIRECT] 1 : Invalid condition id : UX_CORESTACK_Condition cause : null
2025-04-28 18:10:11,992 [INFO] LogOutputStream:77 - [STDOUT_REDIRECT] 1 : Invalid condition id : UX_CORESTACK_Condition cause : null
2025-04-28 18:10:11,994 [INFO] LogOutputStream:77 - [STDOUT_REDIRECT] 1 : Invalid condition id : UX_CORESTACK_Condition cause : null
2025-04-28 18:10:11,995 [INFO] LogOutputStream:77 - [STDOUT_REDIRECT] 1 : Invalid condition id : UX_CORESTACK_Condition cause : null
2025-04-28 18:10:11,999 [WARN] PackLoader:240 - Cannot read IP mode file for STMicroelectronics.X-CUBE-AZRTOS-WL.2.0.0
2025-04-28 18:10:12,040 [WARN] PackLoader:240 - Cannot read IP mode file for STMicroelectronics.FP-SNS-MOTENV1.5.0.0
2025-04-28 18:10:12,053 [WARN] PackLoader:240 - Cannot read IP mode file for wolfSSL.I-CUBE-wolfMQTT.1.19.0
2025-04-28 18:10:12,081 [WARN] PackLoader:240 - Cannot read IP mode file for WES.I-CUBE-Cesium.1.3.0
2025-04-28 18:10:12,103 [WARN] PackLoader:240 - Cannot read IP mode file for STMicroelectronics.X-CUBE-BLE2.3.3.0
2025-04-28 18:10:12,122 [WARN] PackLoader:240 - Cannot read IP mode file for STMicroelectronics.X-CUBE-NFC9.1.0.0
2025-04-28 18:10:12,141 [WARN] PackLoader:240 - Cannot read IP mode file for STMicroelectronics.X-CUBE-BLE1.7.1.0
2025-04-28 18:10:12,162 [WARN] PackLoader:240 - Cannot read IP mode file for STMicroelectronics.X-CUBE-TCPP.4.1.0
2025-04-28 18:10:12,211 [WARN] PackLoader:240 - Cannot read IP mode file for STMicroelectronics.X-CUBE-MEMS1.11.2.0
2025-04-28 18:10:12,337 [WARN] PackLoader:240 - Cannot read IP mode file for STMicroelectronics.X-CUBE-AZRTOS-G0.1.1.0
2025-04-28 18:10:12,429 [WARN] PackLoader:240 - Cannot read IP mode file for STMicroelectronics.X-CUBE-SAFEA1.1.2.2
2025-04-28 18:10:12,451 [WARN] PackLoader:240 - Cannot read IP mode file for STMicroelectronics.X-CUBE-NFC4.3.0.0
2025-04-28 18:10:12,476 [WARN] PackLoader:240 - Cannot read IP mode file for EmbeddedOffice.I-CUBE-FS-RTOS.1.0.1
2025-04-28 18:10:12,498 [WARN] PackLoader:240 - Cannot read IP mode file for STMicroelectronics.X-CUBE-WB05N.2.0.0
2025-04-28 18:10:12,518 [WARN] PackLoader:240 - Cannot read IP mode file for STMicroelectronics.X-CUBE-TCPP.4.2.0
2025-04-28 18:10:12,540 [WARN] PackLoader:240 - Cannot read IP mode file for RealThread.X-CUBE-RT-Thread_Nano.4.1.1
2025-04-28 18:10:12,560 [WARN] PackLoader:240 - Cannot read IP mode file for STMicroelectronics.FP-ATR-SIGFOX1.3.2.0
2025-04-28 18:10:12,581 [WARN] ConditionMgr:438 - getConditionDescription Invalid condition id : Cortex-A Device cause : null
2025-04-28 18:10:12,611 [WARN] ConditionMgr:1044 - genDependencies : Invalid condition id : Cortex-A Device cause : null
2025-04-28 18:10:12,612 [WARN] ConditionMgr:1044 - genDependencies : Invalid condition id : Cortex-A Device cause : null
2025-04-28 18:10:12,612 [WARN] ConditionMgr:1044 - genDependencies : Invalid condition id : Cortex-A Device cause : null
2025-04-28 18:10:12,633 [WARN] PackLoader:240 - Cannot read IP mode file for STMicroelectronics.X-CUBE-EEPRMA1.5.1.0
2025-04-28 18:10:12,655 [WARN] PackLoader:240 - Cannot read IP mode file for wolfSSL.I-CUBE-wolfSSL.5.7.4
2025-04-28 18:10:12,679 [WARN] PackLoader:240 - Cannot read IP mode file for ITTIA_DB.I-CUBE-ITTIADB.8.9.0
2025-04-28 18:10:12,715 [WARN] PackLoader:240 - Cannot read IP mode file for SEGGER.I-CUBE-embOS.1.3.1
2025-04-28 18:10:12,751 [WARN] PackLoader:240 - Cannot read IP mode file for STMicroelectronics.X-CUBE-ALGOBUILD.1.4.0
2025-04-28 18:10:12,769 [WARN] PackLoader:240 - Cannot read IP mode file for STMicroelectronics.X-CUBE-AI.9.1.0
2025-04-28 18:10:12,801 [WARN] PackLoader:240 - Cannot read IP mode file for STMicroelectronics.X-CUBE-AZRTOS-F4.1.1.0
2025-04-28 18:10:12,819 [WARN] PackLoader:240 - Cannot read IP mode file for Avnet-IotConnect.X-CUBE-IoTC-DA16k-PMOD.1.0.0
2025-04-28 18:10:12,837 [WARN] PackLoader:240 - Cannot read IP mode file for STMicroelectronics.X-CUBE-ISPU.2.1.0
2025-04-28 18:10:12,855 [WARN] PackLoader:240 - Cannot read IP mode file for STMicroelectronics.X-CUBE-FREERTOS.1.2.0
2025-04-28 18:10:12,888 [WARN] PackLoader:240 - Cannot read IP mode file for STMicroelectronics.X-CUBE-AZRTOS-L5.2.0.0
2025-04-28 18:10:12,910 [WARN] PackLoader:240 - Cannot read IP mode file for STMicroelectronics.X-CUBE-NFC6.3.1.0
2025-04-28 18:10:12,974 [WARN] PackLoader:240 - Cannot read IP mode file for STMicroelectronics.X-CUBE-DPower.1.2.0
2025-04-28 18:10:12,992 [WARN] PackLoader:240 - Cannot read IP mode file for STMicroelectronics.X-CUBE-FREERTOS.1.3.0
2025-04-28 18:10:13,022 [WARN] PackLoader:240 - Cannot read IP mode file for STMicroelectronics.X-CUBE-NFC7.1.0.1
2025-04-28 18:10:13,041 [WARN] PackLoader:240 - Cannot read IP mode file for STMicroelectronics.X-CUBE-DPower.1.3.0
2025-04-28 18:10:13,072 [WARN] ConditionMgr:438 - getConditionDescription Invalid condition id : LAN8742 Phy interface Condition cause : null
2025-04-28 18:10:13,072 [WARN] PackLoader:240 - Cannot read IP mode file for STMicroelectronics.X-CUBE-AZRTOS-L4.2.0.0
2025-04-28 18:10:13,072 [WARN] ConditionMgr:1044 - genDependencies : Invalid condition id : LAN8742 Phy interface Condition cause : null
2025-04-28 18:10:13,074 [WARN] ConditionMgr:1044 - genDependencies : Invalid condition id : LAN8742 Phy interface Condition cause : null
2025-04-28 18:10:13,074 [WARN] ConditionMgr:1044 - genDependencies : Invalid condition id : LAN8742 Phy interface Condition cause : null
2025-04-28 18:10:13,154 [WARN] PackLoader:240 - Cannot read IP mode file for STMicroelectronics.X-CUBE-SFXS2LP1.4.0.0
2025-04-28 18:10:13,184 [WARN] PackLoader:240 - Cannot read IP mode file for STMicroelectronics.X-CUBE-AZRTOS-H7.3.3.0
2025-04-28 18:10:13,207 [WARN] PackLoader:240 - Cannot read IP mode file for STMicroelectronics.X-CUBE-IPS.3.0.0
2025-04-28 18:10:13,234 [WARN] ConditionMgr:438 - getConditionDescription Invalid condition id : UX DEVICE CLASS RTOS Condition cause : null
2025-04-28 18:10:13,234 [WARN] ConditionMgr:438 - getConditionDescription Invalid condition id : UX DEVICE CLASS RTOS Condition cause : null
2025-04-28 18:10:13,236 [WARN] PackLoader:240 - Cannot read IP mode file for STMicroelectronics.X-CUBE-AZRTOS-WB.2.0.0
2025-04-28 18:10:13,236 [WARN] ConditionMgr:1044 - genDependencies : Invalid condition id : UX DEVICE CLASS RTOS Condition cause : null
2025-04-28 18:10:13,236 [WARN] ConditionMgr:1044 - genDependencies : Invalid condition id : UX DEVICE CLASS RTOS Condition cause : null
2025-04-28 18:10:13,237 [WARN] ConditionMgr:1044 - genDependencies : Invalid condition id : UX DEVICE CLASS RTOS Condition cause : null
2025-04-28 18:10:13,237 [WARN] ConditionMgr:1044 - genDependencies : Invalid condition id : UX DEVICE CLASS RTOS Condition cause : null
2025-04-28 18:10:13,237 [WARN] ConditionMgr:1044 - genDependencies : Invalid condition id : UX DEVICE CLASS RTOS Condition cause : null
2025-04-28 18:10:13,257 [WARN] PackLoader:240 - Cannot read IP mode file for STMicroelectronics.X-CUBE-GNSS1.7.0.0
2025-04-28 18:10:13,276 [WARN] PackLoader:240 - Cannot read IP mode file for STMicroelectronics.X-CUBE-GNSS1.7.0.1
2025-04-28 18:10:13,298 [WARN] PackLoader:240 - Cannot read IP mode file for STMicroelectronics.X-CUBE-TOUCHGFX.4.25.0
2025-04-28 18:10:13,322 [WARN] PackLoader:240 - Cannot read IP mode file for STMicroelectronics.X-CUBE-SUBG2.5.0.0
2025-04-28 18:10:13,358 [WARN] PackLoader:240 - Cannot read IP mode file for STMicroelectronics.X-CUBE-AZRTOS-H7RS.1.1.0
2025-04-28 18:10:13,379 [WARN] PackLoader:240 - Cannot read IP mode file for Cesanta.I-CUBE-Mongoose.7.13.0
2025-04-28 18:10:13,403 [WARN] PackLoader:240 - Cannot read IP mode file for STMicroelectronics.X-CUBE-AZRTOS-G4.2.0.0
2025-04-28 18:10:13,424 [WARN] PackLoader:240 - Cannot read IP mode file for STMicroelectronics.X-CUBE-IPS.3.1.0
2025-04-28 18:10:13,444 [WARN] PackLoader:240 - Cannot read IP mode file for STMicroelectronics.X-CUBE-ALS.1.0.2
2025-04-28 18:10:13,462 [WARN] PackLoader:240 - Cannot read IP mode file for STMicroelectronics.X-CUBE-TOUCHGFX.4.24.2
2025-04-28 18:10:13,476 [WARN] PackLoader:240 - Cannot read IP mode file for STMicroelectronics.X-CUBE-TOUCHGFX.4.24.1
2025-04-28 18:10:13,482 [WARN] PackLoader:240 - Cannot read IP mode file for wolfSSL.I-CUBE-wolfTPM.3.4.0
2025-04-28 18:10:13,498 [WARN] PackLoader:240 - Cannot read IP mode file for portGmbH.I-Cube-SoM-uGOAL.1.1.0
2025-04-28 18:10:13,525 [WARN] PackLoader:240 - Cannot read IP mode file for STMicroelectronics.X-CUBE-AZRTOS-H7RS.1.0.0
2025-04-28 18:10:13,539 [WARN] PackLoader:240 - Cannot read IP mode file for STMicroelectronics.FP-ATR-ASTRA1.2.0.0
2025-04-28 18:10:13,558 [WARN] PackLoader:240 - Cannot read IP mode file for STMicroelectronics.X-CUBE-TOF1.3.4.2
2025-04-28 18:10:13,582 [WARN] PackLoader:240 - Cannot read IP mode file for STMicroelectronics.X-CUBE-TOF1.3.4.3
2025-04-28 18:10:13,611 [WARN] PackLoader:240 - Cannot read IP mode file for Infineon.AIROC-Wi-Fi-Bluetooth-STM32.1.6.1
2025-04-28 18:10:13,618 [WARN] PackLoader:240 - Cannot read IP mode file for wolfSSL.I-CUBE-wolfSSH.1.4.17
2025-04-28 18:10:13,619 [INFO] ThirdParty:978 - Integrity check success = true
2025-04-28 18:10:13,619 [INFO] IntegrityCheckThread:100 - exiting critical section [integrity check]
2025-04-28 18:10:13,619 [INFO] IntegrityCheckThread:103 - End integrity checks thread
2025-04-28 18:13:55,124 [INFO] WebApp:194 - Connection lost
2025-04-28 18:13:55,319 [INFO] WebApp:191 - Connection restablished
2025-04-28 18:30:16,111 [INFO] WebApp:194 - Connection lost
2025-04-28 18:30:16,309 [INFO] WebApp:191 - Connection restablished
2025-04-28 18:35:46,606 [INFO] WebApp:194 - Connection lost
2025-04-28 18:35:46,804 [INFO] WebApp:191 - Connection restablished
2025-04-28 18:58:39,607 [INFO] WebApp:194 - Connection lost
2025-04-28 18:58:39,811 [INFO] WebApp:191 - Connection restablished
2025-04-28 19:04:46,617 [INFO] WebApp:194 - Connection lost
2025-04-28 19:04:46,812 [INFO] WebApp:191 - Connection restablished
2025-04-28 19:14:39,723 [INFO] WebApp:403 - JxBrowser engine has been closed 
