2025-05-09 12:40:21,414 [INFO] Activator:176 - 


2025-05-09 12:40:21,421 [INFO] Activator:177 - !SESSION log4j initialized
2025-05-09 12:40:29,027 [INFO] LogOutputStream:77 - [STDOUT_REDIRECT] 
2025-05-09 12:40:34,176 [INFO] ApplicationProperties:184 - Using Application install path: C:\Users\User\STM32CubeIDE_1.16.0\STM32CubeIDE\plugins\com.st.stm32cube.common.mx_6.14.1.202504091515
2025-05-09 12:40:34,206 [INFO] DbMcusXml:78 - Set database path to: C:\Users\User\STM32CubeIDE_1.16.0\STM32CubeIDE\plugins\com.st.stm32cube.common.mx_6.14.1.202504091515\\db\/mcu/
2025-05-09 12:40:34,206 [INFO] ApiDb:274 - Set plugin database path to: C:\Users\User\STM32CubeIDE_1.16.0\STM32CubeIDE\plugins\com.st.stm32cube.common.mx_6.14.1.202504091515\\db\/plugins/boardmanager/
2025-05-09 12:40:34,206 [WARN] ApiDb:259 - Overriding images path with different value:  => C:\Users\User\STM32CubeIDE_1.16.0\STM32CubeIDE\plugins\com.st.stm32cube.common.mx_6.14.1.202504091515\\db\/plugins/mcufinder/images/
2025-05-09 12:40:34,226 [INFO] ApiDb:250 - Set database path to: C:\Users\User\.stmcufinder\plugins\mcufinder//mcu/
2025-05-09 12:40:34,226 [INFO] DbMcusAds:125 - Set database path to: C:\Users\User\.stmcufinder\plugins\mcufinder//mcu/
2025-05-09 12:40:34,226 [INFO] CrossReferenceDbSqlite:203 - Set database path to: C:\Users\User\.stmcufinder\plugins\mcufinder//mcu/cs/
2025-05-09 12:40:34,348 [INFO] RulesReader:64 - Compatibility file has been processed (302 Rules)
2025-05-09 12:40:34,456 [INFO] DbMcusXml:78 - Set database path to: C:\Users\User\STM32CubeIDE_1.16.0\STM32CubeIDE\plugins\com.st.stm32cube.common.mx_6.14.1.202504091515\\db\/mcu/
2025-05-09 12:40:34,456 [INFO] ApiDb:274 - Set plugin database path to: C:\Users\User\STM32CubeIDE_1.16.0\STM32CubeIDE\plugins\com.st.stm32cube.common.mx_6.14.1.202504091515\\db\/plugins/boardmanager/
2025-05-09 12:40:34,456 [INFO] ApiDb:261 - Set plugin images path to: C:\Users\User\STM32CubeIDE_1.16.0\STM32CubeIDE\plugins\com.st.stm32cube.common.mx_6.14.1.202504091515\\db\/plugins/mcufinder/images/
2025-05-09 12:40:34,458 [WARN] DbFile:41 - Overriding database path with different value: C:\Users\User\.stmcufinder\plugins\mcufinder/ => C:\Users\User\.stmcufinder\plugins\mcufinder
2025-05-09 12:40:34,458 [INFO] ApiDb:250 - Set database path to: C:\Users\User\.stmcufinder\plugins\mcufinder//mcu/
2025-05-09 12:40:34,458 [WARN] DbFile:41 - Overriding database path with different value: C:\Users\User\.stmcufinder\plugins\mcufinder/ => C:\Users\User\.stmcufinder\plugins\mcufinder
2025-05-09 12:40:34,458 [INFO] DbMcusAds:125 - Set database path to: C:\Users\User\.stmcufinder\plugins\mcufinder//mcu/
2025-05-09 12:40:34,458 [WARN] DbFile:41 - Overriding database path with different value: C:\Users\User\.stmcufinder\plugins\mcufinder/ => C:\Users\User\.stmcufinder\plugins\mcufinder
2025-05-09 12:40:34,458 [WARN] DbFile:41 - Overriding database path with different value: C:\Users\User\.stmcufinder\plugins\mcufinder/ => C:\Users\User\.stmcufinder\plugins\mcufinder
2025-05-09 12:40:34,458 [INFO] CrossReferenceDbSqlite:203 - Set database path to: C:\Users\User\.stmcufinder\plugins\mcufinder//mcu/cs/
2025-05-09 12:40:34,556 [INFO] MainPanel:272 - HeapMemory: 268435456
2025-05-09 12:40:34,690 [INFO] DbMcusXml:78 - Set database path to: C:\Users\User\STM32CubeIDE_1.16.0\STM32CubeIDE\plugins\com.st.stm32cube.common.mx_6.14.1.202504091515\\db\/mcu/
2025-05-09 12:40:34,690 [INFO] ApiDb:274 - Set plugin database path to: C:\Users\User\STM32CubeIDE_1.16.0\STM32CubeIDE\plugins\com.st.stm32cube.common.mx_6.14.1.202504091515\\db\/plugins/boardmanager/
2025-05-09 12:40:34,690 [INFO] ApiDb:261 - Set plugin images path to: C:\Users\User\STM32CubeIDE_1.16.0\STM32CubeIDE\plugins\com.st.stm32cube.common.mx_6.14.1.202504091515\\db\/plugins/mcufinder/images/
2025-05-09 12:40:34,693 [WARN] DbFile:41 - Overriding database path with different value: C:\Users\User\.stmcufinder\plugins\mcufinder/ => C:\Users\User\.stmcufinder\plugins\mcufinder
2025-05-09 12:40:34,693 [INFO] ApiDb:250 - Set database path to: C:\Users\User\.stmcufinder\plugins\mcufinder//mcu/
2025-05-09 12:40:34,693 [WARN] DbFile:41 - Overriding database path with different value: C:\Users\User\.stmcufinder\plugins\mcufinder/ => C:\Users\User\.stmcufinder\plugins\mcufinder
2025-05-09 12:40:34,693 [INFO] DbMcusAds:125 - Set database path to: C:\Users\User\.stmcufinder\plugins\mcufinder//mcu/
2025-05-09 12:40:34,693 [WARN] DbFile:41 - Overriding database path with different value: C:\Users\User\.stmcufinder\plugins\mcufinder/ => C:\Users\User\.stmcufinder\plugins\mcufinder
2025-05-09 12:40:34,693 [WARN] DbFile:41 - Overriding database path with different value: C:\Users\User\.stmcufinder\plugins\mcufinder/ => C:\Users\User\.stmcufinder\plugins\mcufinder
2025-05-09 12:40:34,693 [INFO] CrossReferenceDbSqlite:203 - Set database path to: C:\Users\User\.stmcufinder\plugins\mcufinder//mcu/cs/
2025-05-09 12:40:34,710 [INFO] ApplicationProperties:184 - Using Application install path: C:\Users\User\STM32CubeIDE_1.16.0\STM32CubeIDE\plugins\com.st.stm32cube.common.mx_6.14.1.202504091515
2025-05-09 12:40:34,715 [INFO] PluginManage:196 - Search for loadable plugins [exclusion list=, ]
2025-05-09 12:40:34,717 [INFO] PluginManage:310 - Check plugin analytics
2025-05-09 12:40:34,901 [INFO] AnalyticsPlugin:253 - Accepted Software Licenses: STM32CubeMX.6.12.0,STM32CubeMX.6.12.1
2025-05-09 12:40:34,901 [INFO] AnalyticsPlugin:255 - Accepted CMSIS Pack Licenses: 
2025-05-09 12:40:34,901 [INFO] AnalyticsPlugin:257 - Accepted Firmware Licenses: FW.G4.1.5.0,FW.U5.1.0.0,FW.WB.1.13.0,FW.G4.1.6.0
2025-05-09 12:40:34,906 [INFO] PluginManage:359 - Loaded plugin analytics (category:tool,tabindex:-1)
2025-05-09 12:40:34,906 [INFO] PluginManage:310 - Check plugin cadmodel
2025-05-09 12:40:34,926 [INFO] CADModel:105 - Init CAD model plugin
2025-05-09 12:40:34,926 [INFO] PluginManage:359 - Loaded plugin cadmodel (category:power,tabindex:5)
2025-05-09 12:40:34,926 [INFO] PluginManage:310 - Check plugin clock
2025-05-09 12:40:34,956 [INFO] PluginManage:359 - Loaded plugin clock (category:base,tabindex:2)
2025-05-09 12:40:34,956 [INFO] PluginManage:310 - Check plugin ddr
2025-05-09 12:40:34,956 [INFO] PluginManage:359 - Loaded plugin ddr (category:tool,tabindex:6)
2025-05-09 12:40:34,956 [INFO] PluginManage:310 - Check plugin filemanager
2025-05-09 12:40:35,126 [INFO] PluginManage:359 - Loaded plugin filemanager (category:base,tabindex:10)
2025-05-09 12:40:35,126 [INFO] PluginManage:310 - Check plugin ipmanager
2025-05-09 12:40:35,136 [INFO] PluginManage:359 - Loaded plugin ipmanager (category:base,tabindex:5)
2025-05-09 12:40:35,136 [INFO] PluginManage:310 - Check plugin lpbam
2025-05-09 12:40:35,156 [INFO] PluginManage:359 - Loaded plugin lpbam (category:base,tabindex:0)
2025-05-09 12:40:35,156 [INFO] PluginManage:310 - Check plugin memorymap
2025-05-09 12:40:35,190 [INFO] PluginManage:359 - Loaded plugin memorymap (category:base,tabindex:4)
2025-05-09 12:40:35,190 [INFO] PluginManage:310 - Check plugin pinoutandconfiguration
2025-05-09 12:40:35,216 [INFO] PluginManage:359 - Loaded plugin pinoutandconfiguration (category:base,tabindex:1)
2025-05-09 12:40:35,216 [INFO] PluginManage:310 - Check plugin pinoutconfig
2025-05-09 12:40:35,336 [WARN] SupportedApi:132 - Cannot load RTOS API schema: s4s-elt-must-match.1: The content of 'definitions' must match (annotation?, (simpleType | complexType)?, (unique | key | keyref)*)). A problem was found starting at: attribute.
2025-05-09 12:40:35,506 [INFO] PluginManage:359 - Loaded plugin pinoutconfig (category:base,tabindex:0)
2025-05-09 12:40:35,506 [INFO] PluginManage:310 - Check plugin power
2025-05-09 12:40:35,527 [INFO] PluginManage:359 - Loaded plugin power (category:power,tabindex:4)
2025-05-09 12:40:35,535 [INFO] PluginManage:310 - Check plugin projectmanager
2025-05-09 12:40:35,550 [INFO] PluginManage:359 - Loaded plugin projectmanager (category:projectmanager,tabindex:4)
2025-05-09 12:40:35,550 [INFO] PluginManage:310 - Check plugin rif
2025-05-09 12:40:35,566 [INFO] PluginManage:359 - Loaded plugin rif (category:base,tabindex:3)
2025-05-09 12:40:35,566 [INFO] PluginManage:310 - Check plugin thirdparty
2025-05-09 12:40:35,910 [INFO] PluginManage:359 - Loaded plugin thirdparty (category:base,tabindex:-1)
2025-05-09 12:40:35,910 [WARN] IntegrityCheckThread:84 - waiting for thirdparty lock release [integrity check]
2025-05-09 12:40:35,912 [INFO] IntegrityCheckThread:86 - entering critical section [integrity check]
2025-05-09 12:40:35,912 [INFO] PluginManage:310 - Check plugin tools
2025-05-09 12:40:35,912 [INFO] ThirdPartyUpdaterWithRetryManager:70 - Updater plugin not ready yet. [1/15]
2025-05-09 12:40:35,966 [INFO] PluginManage:359 - Loaded plugin tools (category:base,tabindex:7)
2025-05-09 12:40:35,966 [INFO] PluginManage:310 - Check plugin tutovideos
2025-05-09 12:40:36,181 [INFO] PluginManage:359 - Loaded plugin tutovideos (category:base,tabindex:-1)
2025-05-09 12:40:36,181 [INFO] PluginManage:310 - Check plugin updater
2025-05-09 12:40:36,206 [INFO] PluginManage:359 - Loaded plugin updater (category:base,tabindex:12)
2025-05-09 12:40:36,206 [INFO] PluginManage:310 - Check plugin userauth
2025-05-09 12:40:36,212 [INFO] UserAuth:118 - Init User Auth plugin
2025-05-09 12:40:36,212 [INFO] PluginManage:359 - Loaded plugin userauth (category:base,tabindex:14)
2025-05-09 12:40:36,212 [INFO] PluginManage:283 - PluginManage : Loaded plugins [18]
2025-05-09 12:40:36,449 [INFO] PinOutPanel:1589 - setPackage(No Configuration,No Configuration)
2025-05-09 12:40:36,546 [INFO] CADModel:165 - CPN selected for project level
2025-05-09 12:40:36,546 [INFO] CADModel:114 - Register for checkConnection events
2025-05-09 12:40:36,591 [INFO] IPUIPlugin:80 - create IPUIPlugin
2025-05-09 12:40:36,591 [INFO] PluginManager:220 - loadIPPluginJar : add adc
2025-05-09 12:40:36,661 [INFO] IPUIPlugin:80 - create IPUIPlugin
2025-05-09 12:40:36,663 [INFO] PluginManager:220 - loadIPPluginJar : add aes
2025-05-09 12:40:36,726 [INFO] IPUIPlugin:80 - create IPUIPlugin
2025-05-09 12:40:36,730 [INFO] PluginManager:220 - loadIPPluginJar : add can
2025-05-09 12:40:36,764 [INFO] IPUIPlugin:80 - create IPUIPlugin
2025-05-09 12:40:36,764 [INFO] PluginManager:220 - loadIPPluginJar : add comp
2025-05-09 12:40:36,809 [INFO] IPUIPlugin:80 - create IPUIPlugin
2025-05-09 12:40:36,809 [INFO] PluginManager:220 - loadIPPluginJar : add cryp
2025-05-09 12:40:36,816 [INFO] IPUIPlugin:80 - create IPUIPlugin
2025-05-09 12:40:36,816 [INFO] PluginManager:220 - loadIPPluginJar : add ddr_ctrl_phy
2025-05-09 12:40:36,866 [INFO] IPUIPlugin:80 - create IPUIPlugin
2025-05-09 12:40:36,866 [INFO] PluginManager:220 - loadIPPluginJar : add dfsdm
2025-05-09 12:40:36,878 [INFO] IPUIPlugin:80 - create IPUIPlugin
2025-05-09 12:40:36,878 [INFO] PluginManager:220 - loadIPPluginJar : add dma
2025-05-09 12:40:36,936 [INFO] IPUIPlugin:80 - create IPUIPlugin
2025-05-09 12:40:36,936 [INFO] PluginManager:220 - loadIPPluginJar : add dma3
2025-05-09 12:40:36,991 [INFO] IPUIPlugin:80 - create IPUIPlugin
2025-05-09 12:40:36,991 [INFO] PluginManager:220 - loadIPPluginJar : add extmemmanager
2025-05-09 12:40:37,017 [INFO] IPUIPlugin:80 - create IPUIPlugin
2025-05-09 12:40:37,024 [INFO] PluginManager:220 - loadIPPluginJar : add fatfs
2025-05-09 12:40:37,083 [INFO] IPUIPlugin:80 - create IPUIPlugin
2025-05-09 12:40:37,083 [INFO] PluginManager:220 - loadIPPluginJar : add fmc
2025-05-09 12:40:37,101 [INFO] IPUIPlugin:80 - create IPUIPlugin
2025-05-09 12:40:37,101 [INFO] PluginManager:220 - loadIPPluginJar : add freertos
2025-05-09 12:40:37,128 [INFO] IPUIPlugin:80 - create IPUIPlugin
2025-05-09 12:40:37,133 [INFO] PluginManager:220 - loadIPPluginJar : add genericplugin
2025-05-09 12:40:37,256 [INFO] IPUIPlugin:80 - create IPUIPlugin
2025-05-09 12:40:37,256 [INFO] PluginManager:220 - loadIPPluginJar : add gfxmmu
2025-05-09 12:40:37,448 [INFO] IPUIPlugin:80 - create IPUIPlugin
2025-05-09 12:40:37,448 [INFO] PluginManager:220 - loadIPPluginJar : add gic
2025-05-09 12:40:37,463 [INFO] IPUIPlugin:80 - create IPUIPlugin
2025-05-09 12:40:37,463 [INFO] PluginManager:220 - loadIPPluginJar : add gpio
2025-05-09 12:40:37,580 [INFO] IPUIPlugin:80 - create IPUIPlugin
2025-05-09 12:40:37,580 [INFO] PluginManager:220 - loadIPPluginJar : add gtzc
2025-05-09 12:40:37,626 [INFO] IPUIPlugin:80 - create IPUIPlugin
2025-05-09 12:40:37,626 [INFO] PluginManager:220 - loadIPPluginJar : add hash
2025-05-09 12:40:37,699 [INFO] IPUIPlugin:80 - create IPUIPlugin
2025-05-09 12:40:37,699 [INFO] PluginManager:220 - loadIPPluginJar : add i2c
2025-05-09 12:40:37,749 [INFO] IPUIPlugin:80 - create IPUIPlugin
2025-05-09 12:40:37,749 [INFO] PluginManager:220 - loadIPPluginJar : add i2s
2025-05-09 12:40:37,806 [INFO] IPUIPlugin:80 - create IPUIPlugin
2025-05-09 12:40:37,806 [INFO] PluginManager:220 - loadIPPluginJar : add i3c
2025-05-09 12:40:37,932 [INFO] IPUIPlugin:80 - create IPUIPlugin
2025-05-09 12:40:37,932 [INFO] PluginManager:220 - loadIPPluginJar : add ipddr
2025-05-09 12:40:38,056 [INFO] IPUIPlugin:80 - create IPUIPlugin
2025-05-09 12:40:38,056 [INFO] PluginManager:220 - loadIPPluginJar : add linkedlist
2025-05-09 12:40:38,106 [INFO] IPUIPlugin:80 - create IPUIPlugin
2025-05-09 12:40:38,106 [INFO] PluginManager:220 - loadIPPluginJar : add lorawan
2025-05-09 12:40:38,156 [INFO] IPUIPlugin:80 - create IPUIPlugin
2025-05-09 12:40:38,156 [INFO] PluginManager:220 - loadIPPluginJar : add ltdc
2025-05-09 12:40:38,173 [INFO] IPUIPlugin:80 - create IPUIPlugin
2025-05-09 12:40:38,173 [INFO] PluginManager:220 - loadIPPluginJar : add mdma
2025-05-09 12:40:38,188 [INFO] IPUIPlugin:80 - create IPUIPlugin
2025-05-09 12:40:38,188 [INFO] PluginManager:220 - loadIPPluginJar : add nvic
2025-05-09 12:40:38,236 [INFO] IPUIPlugin:80 - create IPUIPlugin
2025-05-09 12:40:38,238 [INFO] PluginManager:220 - loadIPPluginJar : add opamp
2025-05-09 12:40:38,321 [INFO] IPUIPlugin:80 - create IPUIPlugin
2025-05-09 12:40:38,321 [INFO] PluginManager:220 - loadIPPluginJar : add openamp
2025-05-09 12:40:38,376 [INFO] IPUIPlugin:80 - create IPUIPlugin
2025-05-09 12:40:38,376 [INFO] PluginManager:220 - loadIPPluginJar : add pdm2pcm
2025-05-09 12:40:38,396 [INFO] IPUIPlugin:80 - create IPUIPlugin
2025-05-09 12:40:38,398 [INFO] PluginManager:220 - loadIPPluginJar : add plateformsettings
2025-05-09 12:40:38,426 [INFO] IPUIPlugin:80 - create IPUIPlugin
2025-05-09 12:40:38,426 [INFO] PluginManager:220 - loadIPPluginJar : add quadspi
2025-05-09 12:40:38,465 [INFO] IPUIPlugin:80 - create IPUIPlugin
2025-05-09 12:40:38,466 [INFO] PluginManager:220 - loadIPPluginJar : add radio
2025-05-09 12:40:38,480 [INFO] IPUIPlugin:80 - create IPUIPlugin
2025-05-09 12:40:38,480 [INFO] PluginManager:220 - loadIPPluginJar : add resmgrutility
2025-05-09 12:40:38,540 [INFO] IPUIPlugin:80 - create IPUIPlugin
2025-05-09 12:40:38,540 [INFO] PluginManager:220 - loadIPPluginJar : add sai
2025-05-09 12:40:38,593 [INFO] IPUIPlugin:80 - create IPUIPlugin
2025-05-09 12:40:38,593 [INFO] PluginManager:220 - loadIPPluginJar : add spi
2025-05-09 12:40:38,687 [INFO] IPUIPlugin:80 - create IPUIPlugin
2025-05-09 12:40:38,687 [INFO] PluginManager:220 - loadIPPluginJar : add stm32_wpan
2025-05-09 12:40:38,721 [INFO] IPUIPlugin:80 - create IPUIPlugin
2025-05-09 12:40:38,721 [INFO] PluginManager:220 - loadIPPluginJar : add tim
2025-05-09 12:40:38,799 [INFO] IPUIPlugin:80 - create IPUIPlugin
2025-05-09 12:40:38,799 [INFO] PluginManager:220 - loadIPPluginJar : add touchsensing
2025-05-09 12:40:38,830 [INFO] IPUIPlugin:80 - create IPUIPlugin
2025-05-09 12:40:38,830 [INFO] PluginManager:220 - loadIPPluginJar : add tracer_emb
2025-05-09 12:40:38,861 [INFO] IPUIPlugin:80 - create IPUIPlugin
2025-05-09 12:40:38,861 [INFO] PluginManager:220 - loadIPPluginJar : add ts
2025-05-09 12:40:38,895 [INFO] IPUIPlugin:80 - create IPUIPlugin
2025-05-09 12:40:38,896 [INFO] PluginManager:220 - loadIPPluginJar : add tsc
2025-05-09 12:40:38,925 [INFO] ThirdPartyUpdaterWithRetryManager:70 - Updater plugin not ready yet. [2/15]
2025-05-09 12:40:38,926 [INFO] IPUIPlugin:80 - create IPUIPlugin
2025-05-09 12:40:38,926 [INFO] PluginManager:220 - loadIPPluginJar : add ucpd
2025-05-09 12:40:38,982 [INFO] IPUIPlugin:80 - create IPUIPlugin
2025-05-09 12:40:38,982 [INFO] PluginManager:220 - loadIPPluginJar : add usart
2025-05-09 12:40:39,041 [INFO] IPUIPlugin:80 - create IPUIPlugin
2025-05-09 12:40:39,041 [INFO] PluginManager:220 - loadIPPluginJar : add usbx
2025-05-09 12:40:39,175 [FATAL] Updater:351 - Updater called before beeing initialized
2025-05-09 12:40:39,200 [INFO] RulesReader:64 - Compatibility file has been processed (302 Rules)
2025-05-09 12:40:39,210 [INFO] RulesReader:64 - Compatibility file has been processed (302 Rules)
2025-05-09 12:40:39,221 [INFO] CADModel:165 - CPN selected for project level
2025-05-09 12:40:39,221 [INFO] CADModel:114 - Register for checkConnection events
2025-05-09 12:40:39,221 [FATAL] Updater:351 - Updater called before beeing initialized
2025-05-09 12:40:39,221 [ERROR] CADModel:125 - Updater not yet initialized, retry later 
2025-05-09 12:40:39,406 [FATAL] Updater:351 - Updater called before beeing initialized
2025-05-09 12:40:39,409 [INFO] CADModel:165 - CPN selected for project level
2025-05-09 12:40:39,409 [INFO] CADModel:114 - Register for checkConnection events
2025-05-09 12:40:39,409 [FATAL] Updater:351 - Updater called before beeing initialized
2025-05-09 12:40:39,409 [ERROR] CADModel:125 - Updater not yet initialized, retry later 
2025-05-09 12:40:39,409 [FATAL] Updater:351 - Updater called before beeing initialized
2025-05-09 12:40:39,526 [FATAL] Updater:351 - Updater called before beeing initialized
2025-05-09 12:40:39,536 [INFO] DbMcusAds:53 - JSON generation date=Wed May 07 16:07:55 ICT 2025 (1746608875638)
2025-05-09 12:40:39,536 [FATAL] Updater:351 - Updater called before beeing initialized
2025-05-09 12:40:39,576 [WARN] DetailPanel:346 - Failed to get advertising image, set to default
2025-05-09 12:40:39,816 [FATAL] Updater:351 - Updater called before beeing initialized
2025-05-09 12:40:39,816 [FATAL] Updater:351 - Updater called before beeing initialized
2025-05-09 12:40:39,816 [FATAL] Updater:351 - Updater called before beeing initialized
2025-05-09 12:40:39,816 [WARN] DetailPanel:346 - Failed to get advertising image, set to default
2025-05-09 12:40:39,816 [FATAL] Updater:351 - Updater called before beeing initialized
2025-05-09 12:40:39,886 [ERROR] Updater:1198 - MainUpdater not yet initialized. External WinMGr cannot be set.
2025-05-09 12:40:39,898 [INFO] Updater:1134 - Updater Version found : 6.14.1
2025-05-09 12:40:39,916 [INFO] ApplicationProperties:184 - Using Application install path: C:\Users\User\STM32CubeIDE_1.16.0\STM32CubeIDE\plugins\com.st.stm32cube.common.mx_6.14.1.202504091515
2025-05-09 12:40:41,543 [ERROR] LogOutputStream:75 - [STDERR_REDIRECT] May 09, 2025 12:40:41 PM java.util.prefs.WindowsPreferences <init>
2025-05-09 12:40:41,543 [ERROR] LogOutputStream:75 - [STDERR_REDIRECT] WARNING: Could not open/create prefs root node Software\JavaSoft\Prefs at root 0xffffffff80000002. Windows RegCreateKeyEx(...) returned error code 5.
2025-05-09 12:40:41,543 [ERROR] LogOutputStream:75 - [STDERR_REDIRECT] 
2025-05-09 12:40:41,939 [INFO] ThirdPartyUpdaterWithRetryManager:70 - Updater plugin not ready yet. [3/15]
2025-05-09 12:40:42,003 [INFO] MainUpdater:2872 - connection check result : 10
2025-05-09 12:40:42,003 [INFO] MainUpdater:289 - Updater Check For Update Now.
2025-05-09 12:40:42,003 [INFO] MicroXplorer:498 - Change Database Version : DB.6.0.141
2025-05-09 12:40:42,027 [INFO] McuFinderGlobals:63 - Set McuFinder mode to 2 (CubeIDE integrated)
2025-05-09 12:40:42,046 [INFO] UserAuth:484 - Internet connection configuration mode: 1
2025-05-09 12:40:42,096 [INFO] JxBrowserEngine:152 - Initiate JxBrowser Engine with user profile folder
2025-05-09 12:40:42,245 [INFO] CheckServerUpdateThread:120 - End of CheckServer Thread
2025-05-09 12:40:43,508 [INFO] WebApp:169 - Instantiating new browser for Auth
2025-05-09 12:40:44,306 [INFO] WebApp:463 - Apply proxy settings
2025-05-09 12:40:44,306 [INFO] WebApp:548 - Chromium requires no authentication
2025-05-09 12:40:44,316 [INFO] WebApp:491 - Direct internet connection detected
2025-05-09 12:40:44,339 [INFO] WebApp:894 - Register for checkConnection events
2025-05-09 12:40:44,339 [INFO] WebApp:463 - Apply proxy settings
2025-05-09 12:40:44,339 [INFO] WebApp:548 - Chromium requires no authentication
2025-05-09 12:40:44,339 [INFO] WebApp:491 - Direct internet connection detected
2025-05-09 12:40:44,579 [INFO] WebApp:225 - Starting web application
2025-05-09 12:40:44,579 [INFO] WebApp:593 - Web application path used C:\Users\User\STM32CubeIDE_1.16.0\STM32CubeIDE\plugins\com.st.stm32cube.common.mx_6.14.1.202504091515\db\plugins\mcufinder\reactClient1\index.html
2025-05-09 12:40:44,729 [INFO] UserAuth:484 - Internet connection configuration mode: 1
2025-05-09 12:40:44,795 [INFO] WebApp:191 - Connection restablished
2025-05-09 12:40:45,395 [WARN] PackLoader:240 - Cannot read IP mode file for STMicroelectronics.FP-SNS-MOTENVWB1.1.4.0
2025-05-09 12:40:45,414 [WARN] PackLoader:240 - Cannot read IP mode file for STMicroelectronics.FP-ATR-ASTRA1.2.0.2
2025-05-09 12:40:45,429 [WARN] PackLoader:240 - Cannot read IP mode file for STMicroelectronics.FP-ATR-ASTRA1.2.0.1
2025-05-09 12:40:45,447 [WARN] PackLoader:240 - Cannot read IP mode file for STMicroelectronics.X-CUBE-SMBUS.2.1.0
2025-05-09 12:40:45,468 [WARN] PackLoader:240 - Cannot read IP mode file for STMicroelectronics.X-CUBE-WB05N.1.1.0
2025-05-09 12:40:45,512 [WARN] PackLoader:240 - Cannot read IP mode file for STMicroelectronics.X-CUBE-AZRTOS-F7.1.1.0
2025-05-09 12:40:45,588 [WARN] PackLoader:240 - Cannot read IP mode file for STMicroelectronics.X-CUBE-MEMS1.11.0.0
2025-05-09 12:40:45,738 [WARN] PackLoader:240 - Cannot read IP mode file for STMicroelectronics.FP-SNS-FLIGHT1.5.0.2
2025-05-09 12:40:45,765 [WARN] PackLoader:240 - Cannot read IP mode file for STMicroelectronics.X-CUBE-DISPLAY.3.0.0
2025-05-09 12:40:45,791 [WARN] PackLoader:240 - Cannot read IP mode file for STMicroelectronics.X-CUBE-BLE1.7.0.0
2025-05-09 12:40:45,810 [WARN] PackLoader:240 - Cannot read IP mode file for STMicroelectronics.X-CUBE-NFC10.1.0.0
2025-05-09 12:40:45,830 [WARN] PackLoader:240 - Cannot read IP mode file for STMicroelectronics.X-CUBE-BLEMGR.4.0.0
2025-05-09 12:40:45,848 [WARN] PackLoader:240 - Cannot read IP mode file for emotas.I-CUBE-CANOPEN.1.3.0
2025-05-09 12:40:45,866 [WARN] PackLoader:240 - Cannot read IP mode file for STMicroelectronics.X-CUBE-BLEMGR.3.1.0
2025-05-09 12:40:45,880 [WARN] PackLoader:240 - Cannot read IP mode file for STMicroelectronics.X-CUBE-AI.10.0.0
2025-05-09 12:40:45,896 [WARN] PackLoader:240 - Cannot read IP mode file for STMicroelectronics.FP-SNS-SMARTAG2.1.2.0
2025-05-09 12:40:45,910 [WARN] PackLoader:240 - Cannot read IP mode file for STMicroelectronics.FP-SNS-FLIGHT1.5.1.0
2025-05-09 12:40:45,957 [WARN] PackLoader:240 - Cannot read IP mode file for STMicroelectronics.X-CUBE-MEMS1.11.1.0
2025-05-09 12:40:46,075 [INFO] LogOutputStream:77 - [STDOUT_REDIRECT] 1 : Invalid condition id : UX_CORESTACK_Condition cause : null
2025-05-09 12:40:46,084 [INFO] LogOutputStream:77 - [STDOUT_REDIRECT] 1 : Invalid condition id : UX_CORESTACK_Condition cause : null
2025-05-09 12:40:46,086 [INFO] LogOutputStream:77 - [STDOUT_REDIRECT] 1 : Invalid condition id : UX_CORESTACK_Condition cause : null
2025-05-09 12:40:46,087 [INFO] LogOutputStream:77 - [STDOUT_REDIRECT] 1 : Invalid condition id : UX_CORESTACK_Condition cause : null
2025-05-09 12:40:46,089 [INFO] LogOutputStream:77 - [STDOUT_REDIRECT] 1 : Invalid condition id : UX_CORESTACK_Condition cause : null
2025-05-09 12:40:46,092 [WARN] PackLoader:240 - Cannot read IP mode file for STMicroelectronics.X-CUBE-AZRTOS-WL.2.0.0
2025-05-09 12:40:46,116 [WARN] PackLoader:240 - Cannot read IP mode file for STMicroelectronics.FP-SNS-MOTENV1.5.0.0
2025-05-09 12:40:46,138 [WARN] PackLoader:240 - Cannot read IP mode file for wolfSSL.I-CUBE-wolfMQTT.1.19.0
2025-05-09 12:40:46,160 [WARN] PackLoader:240 - Cannot read IP mode file for WES.I-CUBE-Cesium.1.3.0
2025-05-09 12:40:46,185 [WARN] PackLoader:240 - Cannot read IP mode file for STMicroelectronics.X-CUBE-BLE2.3.3.0
2025-05-09 12:40:46,207 [WARN] PackLoader:240 - Cannot read IP mode file for STMicroelectronics.X-CUBE-NFC9.1.0.0
2025-05-09 12:40:46,227 [WARN] PackLoader:240 - Cannot read IP mode file for STMicroelectronics.X-CUBE-BLE1.7.1.0
2025-05-09 12:40:46,249 [WARN] PackLoader:240 - Cannot read IP mode file for STMicroelectronics.X-CUBE-TCPP.4.1.0
2025-05-09 12:40:46,313 [WARN] PackLoader:240 - Cannot read IP mode file for STMicroelectronics.X-CUBE-MEMS1.11.2.0
2025-05-09 12:40:46,472 [WARN] PackLoader:240 - Cannot read IP mode file for STMicroelectronics.X-CUBE-AZRTOS-G0.1.1.0
2025-05-09 12:40:46,496 [WARN] PackLoader:240 - Cannot read IP mode file for STMicroelectronics.X-CUBE-SAFEA1.1.2.2
2025-05-09 12:40:46,518 [WARN] PackLoader:240 - Cannot read IP mode file for STMicroelectronics.X-CUBE-NFC4.3.0.0
2025-05-09 12:40:46,548 [WARN] PackLoader:240 - Cannot read IP mode file for EmbeddedOffice.I-CUBE-FS-RTOS.1.0.1
2025-05-09 12:40:46,570 [WARN] PackLoader:240 - Cannot read IP mode file for STMicroelectronics.X-CUBE-WB05N.2.0.0
2025-05-09 12:40:46,592 [WARN] PackLoader:240 - Cannot read IP mode file for STMicroelectronics.X-CUBE-TCPP.4.2.0
2025-05-09 12:40:46,618 [WARN] PackLoader:240 - Cannot read IP mode file for RealThread.X-CUBE-RT-Thread_Nano.4.1.1
2025-05-09 12:40:46,638 [WARN] PackLoader:240 - Cannot read IP mode file for STMicroelectronics.FP-ATR-SIGFOX1.3.2.0
2025-05-09 12:40:46,657 [WARN] ConditionMgr:438 - getConditionDescription Invalid condition id : Cortex-A Device cause : null
2025-05-09 12:40:46,689 [WARN] ConditionMgr:1044 - genDependencies : Invalid condition id : Cortex-A Device cause : null
2025-05-09 12:40:46,689 [WARN] ConditionMgr:1044 - genDependencies : Invalid condition id : Cortex-A Device cause : null
2025-05-09 12:40:46,690 [WARN] ConditionMgr:1044 - genDependencies : Invalid condition id : Cortex-A Device cause : null
2025-05-09 12:40:46,712 [WARN] PackLoader:240 - Cannot read IP mode file for STMicroelectronics.X-CUBE-EEPRMA1.5.1.0
2025-05-09 12:40:46,734 [WARN] PackLoader:240 - Cannot read IP mode file for wolfSSL.I-CUBE-wolfSSL.5.7.4
2025-05-09 12:40:46,761 [WARN] PackLoader:240 - Cannot read IP mode file for ITTIA_DB.I-CUBE-ITTIADB.8.9.0
2025-05-09 12:40:46,799 [WARN] PackLoader:240 - Cannot read IP mode file for SEGGER.I-CUBE-embOS.1.3.1
2025-05-09 12:40:46,844 [WARN] PackLoader:240 - Cannot read IP mode file for STMicroelectronics.X-CUBE-ALGOBUILD.1.4.0
2025-05-09 12:40:46,867 [WARN] PackLoader:240 - Cannot read IP mode file for STMicroelectronics.X-CUBE-AI.9.1.0
2025-05-09 12:40:46,903 [WARN] PackLoader:240 - Cannot read IP mode file for STMicroelectronics.X-CUBE-AZRTOS-F4.1.1.0
2025-05-09 12:40:46,923 [WARN] PackLoader:240 - Cannot read IP mode file for Avnet-IotConnect.X-CUBE-IoTC-DA16k-PMOD.1.0.0
2025-05-09 12:40:46,939 [WARN] PackLoader:240 - Cannot read IP mode file for STMicroelectronics.X-CUBE-ISPU.2.1.0
2025-05-09 12:40:46,955 [WARN] PackLoader:240 - Cannot read IP mode file for STMicroelectronics.X-CUBE-FREERTOS.1.2.0
2025-05-09 12:40:46,981 [WARN] PackLoader:240 - Cannot read IP mode file for STMicroelectronics.X-CUBE-AZRTOS-L5.2.0.0
2025-05-09 12:40:46,999 [WARN] PackLoader:240 - Cannot read IP mode file for STMicroelectronics.X-CUBE-NFC6.3.1.0
2025-05-09 12:40:47,068 [WARN] PackLoader:240 - Cannot read IP mode file for STMicroelectronics.X-CUBE-DPower.1.2.0
2025-05-09 12:40:47,083 [WARN] PackLoader:240 - Cannot read IP mode file for STMicroelectronics.X-CUBE-FREERTOS.1.3.1
2025-05-09 12:40:47,100 [WARN] PackLoader:240 - Cannot read IP mode file for STMicroelectronics.X-CUBE-FREERTOS.1.3.0
2025-05-09 12:40:47,115 [WARN] PackLoader:240 - Cannot read IP mode file for STMicroelectronics.X-CUBE-NFC7.1.0.1
2025-05-09 12:40:47,128 [WARN] PackLoader:240 - Cannot read IP mode file for STMicroelectronics.X-CUBE-DPower.1.3.0
2025-05-09 12:40:47,154 [WARN] ConditionMgr:438 - getConditionDescription Invalid condition id : LAN8742 Phy interface Condition cause : null
2025-05-09 12:40:47,154 [WARN] PackLoader:240 - Cannot read IP mode file for STMicroelectronics.X-CUBE-AZRTOS-L4.2.0.0
2025-05-09 12:40:47,155 [WARN] ConditionMgr:1044 - genDependencies : Invalid condition id : LAN8742 Phy interface Condition cause : null
2025-05-09 12:40:47,156 [WARN] ConditionMgr:1044 - genDependencies : Invalid condition id : LAN8742 Phy interface Condition cause : null
2025-05-09 12:40:47,156 [WARN] ConditionMgr:1044 - genDependencies : Invalid condition id : LAN8742 Phy interface Condition cause : null
2025-05-09 12:40:47,230 [WARN] PackLoader:240 - Cannot read IP mode file for STMicroelectronics.X-CUBE-SFXS2LP1.4.0.0
2025-05-09 12:40:47,259 [WARN] PackLoader:240 - Cannot read IP mode file for STMicroelectronics.X-CUBE-AZRTOS-H7.3.3.0
2025-05-09 12:40:47,280 [WARN] PackLoader:240 - Cannot read IP mode file for STMicroelectronics.X-CUBE-IPS.3.0.0
2025-05-09 12:40:47,305 [WARN] ConditionMgr:438 - getConditionDescription Invalid condition id : UX DEVICE CLASS RTOS Condition cause : null
2025-05-09 12:40:47,305 [WARN] ConditionMgr:438 - getConditionDescription Invalid condition id : UX DEVICE CLASS RTOS Condition cause : null
2025-05-09 12:40:47,307 [WARN] PackLoader:240 - Cannot read IP mode file for STMicroelectronics.X-CUBE-AZRTOS-WB.2.0.0
2025-05-09 12:40:47,307 [WARN] ConditionMgr:1044 - genDependencies : Invalid condition id : UX DEVICE CLASS RTOS Condition cause : null
2025-05-09 12:40:47,307 [WARN] ConditionMgr:1044 - genDependencies : Invalid condition id : UX DEVICE CLASS RTOS Condition cause : null
2025-05-09 12:40:47,307 [WARN] ConditionMgr:1044 - genDependencies : Invalid condition id : UX DEVICE CLASS RTOS Condition cause : null
2025-05-09 12:40:47,307 [WARN] ConditionMgr:1044 - genDependencies : Invalid condition id : UX DEVICE CLASS RTOS Condition cause : null
2025-05-09 12:40:47,307 [WARN] ConditionMgr:1044 - genDependencies : Invalid condition id : UX DEVICE CLASS RTOS Condition cause : null
2025-05-09 12:40:47,326 [WARN] PackLoader:240 - Cannot read IP mode file for STMicroelectronics.X-CUBE-GNSS1.7.0.0
2025-05-09 12:40:47,341 [WARN] PackLoader:240 - Cannot read IP mode file for STMicroelectronics.X-CUBE-GNSS1.7.0.1
2025-05-09 12:40:47,357 [WARN] PackLoader:240 - Cannot read IP mode file for STMicroelectronics.X-CUBE-TOUCHGFX.4.25.0
2025-05-09 12:40:47,376 [WARN] PackLoader:240 - Cannot read IP mode file for STMicroelectronics.X-CUBE-SUBG2.5.0.0
2025-05-09 12:40:47,405 [WARN] PackLoader:240 - Cannot read IP mode file for STMicroelectronics.X-CUBE-AZRTOS-H7RS.1.1.0
2025-05-09 12:40:47,423 [WARN] PackLoader:240 - Cannot read IP mode file for Cesanta.I-CUBE-Mongoose.7.13.0
2025-05-09 12:40:47,450 [WARN] PackLoader:240 - Cannot read IP mode file for STMicroelectronics.X-CUBE-AZRTOS-G4.2.0.0
2025-05-09 12:40:47,466 [WARN] PackLoader:240 - Cannot read IP mode file for STMicroelectronics.X-CUBE-NFC7.2.0.0
2025-05-09 12:40:47,485 [WARN] PackLoader:240 - Cannot read IP mode file for STMicroelectronics.X-CUBE-IPS.3.1.0
2025-05-09 12:40:47,503 [WARN] PackLoader:240 - Cannot read IP mode file for STMicroelectronics.X-CUBE-ALS.1.0.2
2025-05-09 12:40:47,522 [WARN] PackLoader:240 - Cannot read IP mode file for STMicroelectronics.X-CUBE-TOUCHGFX.4.24.2
2025-05-09 12:40:47,536 [WARN] PackLoader:240 - Cannot read IP mode file for STMicroelectronics.X-CUBE-TOUCHGFX.4.24.1
2025-05-09 12:40:47,552 [WARN] PackLoader:240 - Cannot read IP mode file for wolfSSL.I-CUBE-wolfTPM.3.4.0
2025-05-09 12:40:47,568 [WARN] PackLoader:240 - Cannot read IP mode file for portGmbH.I-Cube-SoM-uGOAL.1.1.0
2025-05-09 12:40:47,593 [WARN] PackLoader:240 - Cannot read IP mode file for STMicroelectronics.X-CUBE-AZRTOS-H7RS.1.0.0
2025-05-09 12:40:47,609 [WARN] PackLoader:240 - Cannot read IP mode file for STMicroelectronics.FP-ATR-ASTRA1.2.0.0
2025-05-09 12:40:47,629 [WARN] PackLoader:240 - Cannot read IP mode file for STMicroelectronics.X-CUBE-TOF1.3.4.2
2025-05-09 12:40:47,652 [WARN] PackLoader:240 - Cannot read IP mode file for STMicroelectronics.X-CUBE-TOF1.3.4.3
2025-05-09 12:40:47,681 [WARN] PackLoader:240 - Cannot read IP mode file for Infineon.AIROC-Wi-Fi-Bluetooth-STM32.1.6.1
2025-05-09 12:40:47,702 [WARN] PackLoader:240 - Cannot read IP mode file for wolfSSL.I-CUBE-wolfSSH.1.4.17
2025-05-09 12:40:47,702 [INFO] ThirdParty:978 - Integrity check success = true
2025-05-09 12:40:47,702 [INFO] IntegrityCheckThread:100 - exiting critical section [integrity check]
2025-05-09 12:40:47,702 [INFO] IntegrityCheckThread:103 - End integrity checks thread
2025-05-09 13:35:28,570 [INFO] WebApp:194 - Connection lost
2025-05-09 13:35:44,950 [ERROR] LogOutputStream:75 - [STDERR_REDIRECT] 
