2025-04-23 09:48:16,426 [ERROR] LogOutputStream:75 - [STDERR_REDIRECT] 
2025-04-23 22:31:05,152 [INFO] Activator:176 - 


2025-04-23 22:31:05,154 [INFO] Activator:177 - !SESSION log4j initialized
2025-04-23 22:31:13,088 [INFO] LogOutputStream:77 - [STDOUT_REDIRECT] 
2025-04-23 22:31:16,666 [INFO] ApplicationProperties:184 - Using Application install path: C:\Users\User\STM32CubeIDE_1.16.0\STM32CubeIDE\plugins\com.st.stm32cube.common.mx_6.14.1.202504091515
2025-04-23 22:31:16,686 [INFO] DbMcusXml:78 - Set database path to: C:\Users\User\STM32CubeIDE_1.16.0\STM32CubeIDE\plugins\com.st.stm32cube.common.mx_6.14.1.202504091515\\db\/mcu/
2025-04-23 22:31:16,687 [INFO] ApiDb:274 - Set plugin database path to: C:\Users\User\STM32CubeIDE_1.16.0\STM32CubeIDE\plugins\com.st.stm32cube.common.mx_6.14.1.202504091515\\db\/plugins/boardmanager/
2025-04-23 22:31:16,687 [WARN] ApiDb:259 - Overriding images path with different value:  => C:\Users\User\STM32CubeIDE_1.16.0\STM32CubeIDE\plugins\com.st.stm32cube.common.mx_6.14.1.202504091515\\db\/plugins/mcufinder/images/
2025-04-23 22:31:16,709 [INFO] ApiDb:250 - Set database path to: C:\Users\User\.stmcufinder\plugins\mcufinder//mcu/
2025-04-23 22:31:16,711 [INFO] DbMcusAds:125 - Set database path to: C:\Users\User\.stmcufinder\plugins\mcufinder//mcu/
2025-04-23 22:31:16,714 [INFO] CrossReferenceDbSqlite:203 - Set database path to: C:\Users\User\.stmcufinder\plugins\mcufinder//mcu/cs/
2025-04-23 22:31:16,834 [INFO] RulesReader:64 - Compatibility file has been processed (302 Rules)
2025-04-23 22:31:16,944 [INFO] DbMcusXml:78 - Set database path to: C:\Users\User\STM32CubeIDE_1.16.0\STM32CubeIDE\plugins\com.st.stm32cube.common.mx_6.14.1.202504091515\\db\/mcu/
2025-04-23 22:31:16,945 [INFO] ApiDb:274 - Set plugin database path to: C:\Users\User\STM32CubeIDE_1.16.0\STM32CubeIDE\plugins\com.st.stm32cube.common.mx_6.14.1.202504091515\\db\/plugins/boardmanager/
2025-04-23 22:31:16,945 [INFO] ApiDb:261 - Set plugin images path to: C:\Users\User\STM32CubeIDE_1.16.0\STM32CubeIDE\plugins\com.st.stm32cube.common.mx_6.14.1.202504091515\\db\/plugins/mcufinder/images/
2025-04-23 22:31:16,945 [WARN] DbFile:41 - Overriding database path with different value: C:\Users\User\.stmcufinder\plugins\mcufinder/ => C:\Users\User\.stmcufinder\plugins\mcufinder
2025-04-23 22:31:16,945 [INFO] ApiDb:250 - Set database path to: C:\Users\User\.stmcufinder\plugins\mcufinder//mcu/
2025-04-23 22:31:16,945 [WARN] DbFile:41 - Overriding database path with different value: C:\Users\User\.stmcufinder\plugins\mcufinder/ => C:\Users\User\.stmcufinder\plugins\mcufinder
2025-04-23 22:31:16,945 [INFO] DbMcusAds:125 - Set database path to: C:\Users\User\.stmcufinder\plugins\mcufinder//mcu/
2025-04-23 22:31:16,945 [WARN] DbFile:41 - Overriding database path with different value: C:\Users\User\.stmcufinder\plugins\mcufinder/ => C:\Users\User\.stmcufinder\plugins\mcufinder
2025-04-23 22:31:16,945 [WARN] DbFile:41 - Overriding database path with different value: C:\Users\User\.stmcufinder\plugins\mcufinder/ => C:\Users\User\.stmcufinder\plugins\mcufinder
2025-04-23 22:31:16,945 [INFO] CrossReferenceDbSqlite:203 - Set database path to: C:\Users\User\.stmcufinder\plugins\mcufinder//mcu/cs/
2025-04-23 22:31:17,046 [INFO] MainPanel:272 - HeapMemory: 268435456
2025-04-23 22:31:17,172 [INFO] DbMcusXml:78 - Set database path to: C:\Users\User\STM32CubeIDE_1.16.0\STM32CubeIDE\plugins\com.st.stm32cube.common.mx_6.14.1.202504091515\\db\/mcu/
2025-04-23 22:31:17,172 [INFO] ApiDb:274 - Set plugin database path to: C:\Users\User\STM32CubeIDE_1.16.0\STM32CubeIDE\plugins\com.st.stm32cube.common.mx_6.14.1.202504091515\\db\/plugins/boardmanager/
2025-04-23 22:31:17,172 [INFO] ApiDb:261 - Set plugin images path to: C:\Users\User\STM32CubeIDE_1.16.0\STM32CubeIDE\plugins\com.st.stm32cube.common.mx_6.14.1.202504091515\\db\/plugins/mcufinder/images/
2025-04-23 22:31:17,172 [WARN] DbFile:41 - Overriding database path with different value: C:\Users\User\.stmcufinder\plugins\mcufinder/ => C:\Users\User\.stmcufinder\plugins\mcufinder
2025-04-23 22:31:17,172 [INFO] ApiDb:250 - Set database path to: C:\Users\User\.stmcufinder\plugins\mcufinder//mcu/
2025-04-23 22:31:17,173 [WARN] DbFile:41 - Overriding database path with different value: C:\Users\User\.stmcufinder\plugins\mcufinder/ => C:\Users\User\.stmcufinder\plugins\mcufinder
2025-04-23 22:31:17,173 [INFO] DbMcusAds:125 - Set database path to: C:\Users\User\.stmcufinder\plugins\mcufinder//mcu/
2025-04-23 22:31:17,173 [WARN] DbFile:41 - Overriding database path with different value: C:\Users\User\.stmcufinder\plugins\mcufinder/ => C:\Users\User\.stmcufinder\plugins\mcufinder
2025-04-23 22:31:17,173 [WARN] DbFile:41 - Overriding database path with different value: C:\Users\User\.stmcufinder\plugins\mcufinder/ => C:\Users\User\.stmcufinder\plugins\mcufinder
2025-04-23 22:31:17,173 [INFO] CrossReferenceDbSqlite:203 - Set database path to: C:\Users\User\.stmcufinder\plugins\mcufinder//mcu/cs/
2025-04-23 22:31:17,195 [INFO] ApplicationProperties:184 - Using Application install path: C:\Users\User\STM32CubeIDE_1.16.0\STM32CubeIDE\plugins\com.st.stm32cube.common.mx_6.14.1.202504091515
2025-04-23 22:31:17,197 [INFO] PluginManage:196 - Search for loadable plugins [exclusion list=, ]
2025-04-23 22:31:17,199 [INFO] PluginManage:310 - Check plugin analytics
2025-04-23 22:31:17,374 [INFO] AnalyticsPlugin:253 - Accepted Software Licenses: STM32CubeMX.6.12.0,STM32CubeMX.6.12.1
2025-04-23 22:31:17,375 [INFO] AnalyticsPlugin:255 - Accepted CMSIS Pack Licenses: 
2025-04-23 22:31:17,375 [INFO] AnalyticsPlugin:257 - Accepted Firmware Licenses: FW.G4.1.5.0,FW.U5.1.0.0,FW.WB.1.13.0,FW.G4.1.6.0
2025-04-23 22:31:17,377 [INFO] PluginManage:359 - Loaded plugin analytics (category:tool,tabindex:-1)
2025-04-23 22:31:17,377 [INFO] PluginManage:310 - Check plugin cadmodel
2025-04-23 22:31:17,401 [INFO] CADModel:105 - Init CAD model plugin
2025-04-23 22:31:17,402 [INFO] PluginManage:359 - Loaded plugin cadmodel (category:power,tabindex:5)
2025-04-23 22:31:17,402 [INFO] PluginManage:310 - Check plugin clock
2025-04-23 22:31:17,430 [INFO] PluginManage:359 - Loaded plugin clock (category:base,tabindex:2)
2025-04-23 22:31:17,430 [INFO] PluginManage:310 - Check plugin ddr
2025-04-23 22:31:17,433 [INFO] PluginManage:359 - Loaded plugin ddr (category:tool,tabindex:6)
2025-04-23 22:31:17,433 [INFO] PluginManage:310 - Check plugin filemanager
2025-04-23 22:31:17,593 [INFO] PluginManage:359 - Loaded plugin filemanager (category:base,tabindex:10)
2025-04-23 22:31:17,593 [INFO] PluginManage:310 - Check plugin ipmanager
2025-04-23 22:31:17,602 [INFO] PluginManage:359 - Loaded plugin ipmanager (category:base,tabindex:5)
2025-04-23 22:31:17,603 [INFO] PluginManage:310 - Check plugin lpbam
2025-04-23 22:31:17,624 [INFO] PluginManage:359 - Loaded plugin lpbam (category:base,tabindex:0)
2025-04-23 22:31:17,624 [INFO] PluginManage:310 - Check plugin memorymap
2025-04-23 22:31:17,655 [INFO] PluginManage:359 - Loaded plugin memorymap (category:base,tabindex:4)
2025-04-23 22:31:17,655 [INFO] PluginManage:310 - Check plugin pinoutandconfiguration
2025-04-23 22:31:17,679 [INFO] PluginManage:359 - Loaded plugin pinoutandconfiguration (category:base,tabindex:1)
2025-04-23 22:31:17,679 [INFO] PluginManage:310 - Check plugin pinoutconfig
2025-04-23 22:31:17,799 [WARN] SupportedApi:132 - Cannot load RTOS API schema: s4s-elt-must-match.1: The content of 'definitions' must match (annotation?, (simpleType | complexType)?, (unique | key | keyref)*)). A problem was found starting at: attribute.
2025-04-23 22:31:17,958 [INFO] PluginManage:359 - Loaded plugin pinoutconfig (category:base,tabindex:0)
2025-04-23 22:31:17,958 [INFO] PluginManage:310 - Check plugin power
2025-04-23 22:31:17,982 [INFO] PluginManage:359 - Loaded plugin power (category:power,tabindex:4)
2025-04-23 22:31:17,983 [INFO] PluginManage:310 - Check plugin projectmanager
2025-04-23 22:31:17,999 [INFO] PluginManage:359 - Loaded plugin projectmanager (category:projectmanager,tabindex:4)
2025-04-23 22:31:17,999 [INFO] PluginManage:310 - Check plugin rif
2025-04-23 22:31:18,022 [INFO] PluginManage:359 - Loaded plugin rif (category:base,tabindex:3)
2025-04-23 22:31:18,022 [INFO] PluginManage:310 - Check plugin thirdparty
2025-04-23 22:31:18,402 [INFO] PluginManage:359 - Loaded plugin thirdparty (category:base,tabindex:-1)
2025-04-23 22:31:18,402 [INFO] PluginManage:310 - Check plugin tools
2025-04-23 22:31:18,402 [WARN] IntegrityCheckThread:84 - waiting for thirdparty lock release [integrity check]
2025-04-23 22:31:18,402 [INFO] IntegrityCheckThread:86 - entering critical section [integrity check]
2025-04-23 22:31:18,403 [INFO] ThirdPartyUpdaterWithRetryManager:70 - Updater plugin not ready yet. [1/15]
2025-04-23 22:31:18,453 [INFO] PluginManage:359 - Loaded plugin tools (category:base,tabindex:7)
2025-04-23 22:31:18,453 [INFO] PluginManage:310 - Check plugin tutovideos
2025-04-23 22:31:18,683 [INFO] PluginManage:359 - Loaded plugin tutovideos (category:base,tabindex:-1)
2025-04-23 22:31:18,683 [INFO] PluginManage:310 - Check plugin updater
2025-04-23 22:31:18,709 [INFO] PluginManage:359 - Loaded plugin updater (category:base,tabindex:12)
2025-04-23 22:31:18,709 [INFO] PluginManage:310 - Check plugin userauth
2025-04-23 22:31:18,714 [INFO] UserAuth:118 - Init User Auth plugin
2025-04-23 22:31:18,715 [INFO] PluginManage:359 - Loaded plugin userauth (category:base,tabindex:14)
2025-04-23 22:31:18,716 [INFO] PluginManage:283 - PluginManage : Loaded plugins [18]
2025-04-23 22:31:18,959 [INFO] PinOutPanel:1589 - setPackage(No Configuration,No Configuration)
2025-04-23 22:31:19,067 [INFO] CADModel:165 - CPN selected for project level
2025-04-23 22:31:19,068 [INFO] CADModel:114 - Register for checkConnection events
2025-04-23 22:31:19,105 [INFO] IPUIPlugin:80 - create IPUIPlugin
2025-04-23 22:31:19,105 [INFO] PluginManager:220 - loadIPPluginJar : add adc
2025-04-23 22:31:19,156 [INFO] IPUIPlugin:80 - create IPUIPlugin
2025-04-23 22:31:19,156 [INFO] PluginManager:220 - loadIPPluginJar : add aes
2025-04-23 22:31:19,215 [INFO] IPUIPlugin:80 - create IPUIPlugin
2025-04-23 22:31:19,215 [INFO] PluginManager:220 - loadIPPluginJar : add can
2025-04-23 22:31:19,251 [INFO] IPUIPlugin:80 - create IPUIPlugin
2025-04-23 22:31:19,251 [INFO] PluginManager:220 - loadIPPluginJar : add comp
2025-04-23 22:31:19,297 [INFO] IPUIPlugin:80 - create IPUIPlugin
2025-04-23 22:31:19,297 [INFO] PluginManager:220 - loadIPPluginJar : add cryp
2025-04-23 22:31:19,316 [INFO] IPUIPlugin:80 - create IPUIPlugin
2025-04-23 22:31:19,316 [INFO] PluginManager:220 - loadIPPluginJar : add ddr_ctrl_phy
2025-04-23 22:31:19,359 [INFO] IPUIPlugin:80 - create IPUIPlugin
2025-04-23 22:31:19,359 [INFO] PluginManager:220 - loadIPPluginJar : add dfsdm
2025-04-23 22:31:19,377 [INFO] IPUIPlugin:80 - create IPUIPlugin
2025-04-23 22:31:19,377 [INFO] PluginManager:220 - loadIPPluginJar : add dma
2025-04-23 22:31:19,432 [INFO] IPUIPlugin:80 - create IPUIPlugin
2025-04-23 22:31:19,432 [INFO] PluginManager:220 - loadIPPluginJar : add dma3
2025-04-23 22:31:19,493 [INFO] IPUIPlugin:80 - create IPUIPlugin
2025-04-23 22:31:19,493 [INFO] PluginManager:220 - loadIPPluginJar : add extmemmanager
2025-04-23 22:31:19,521 [INFO] IPUIPlugin:80 - create IPUIPlugin
2025-04-23 22:31:19,521 [INFO] PluginManager:220 - loadIPPluginJar : add fatfs
2025-04-23 22:31:19,583 [INFO] IPUIPlugin:80 - create IPUIPlugin
2025-04-23 22:31:19,583 [INFO] PluginManager:220 - loadIPPluginJar : add fmc
2025-04-23 22:31:19,602 [INFO] IPUIPlugin:80 - create IPUIPlugin
2025-04-23 22:31:19,602 [INFO] PluginManager:220 - loadIPPluginJar : add freertos
2025-04-23 22:31:19,630 [INFO] IPUIPlugin:80 - create IPUIPlugin
2025-04-23 22:31:19,630 [INFO] PluginManager:220 - loadIPPluginJar : add genericplugin
2025-04-23 22:31:19,763 [INFO] IPUIPlugin:80 - create IPUIPlugin
2025-04-23 22:31:19,763 [INFO] PluginManager:220 - loadIPPluginJar : add gfxmmu
2025-04-23 22:31:19,944 [INFO] IPUIPlugin:80 - create IPUIPlugin
2025-04-23 22:31:19,944 [INFO] PluginManager:220 - loadIPPluginJar : add gic
2025-04-23 22:31:19,961 [INFO] IPUIPlugin:80 - create IPUIPlugin
2025-04-23 22:31:19,961 [INFO] PluginManager:220 - loadIPPluginJar : add gpio
2025-04-23 22:31:20,083 [INFO] IPUIPlugin:80 - create IPUIPlugin
2025-04-23 22:31:20,083 [INFO] PluginManager:220 - loadIPPluginJar : add gtzc
2025-04-23 22:31:20,129 [INFO] IPUIPlugin:80 - create IPUIPlugin
2025-04-23 22:31:20,129 [INFO] PluginManager:220 - loadIPPluginJar : add hash
2025-04-23 22:31:20,202 [INFO] IPUIPlugin:80 - create IPUIPlugin
2025-04-23 22:31:20,202 [INFO] PluginManager:220 - loadIPPluginJar : add i2c
2025-04-23 22:31:20,256 [INFO] IPUIPlugin:80 - create IPUIPlugin
2025-04-23 22:31:20,256 [INFO] PluginManager:220 - loadIPPluginJar : add i2s
2025-04-23 22:31:20,313 [INFO] IPUIPlugin:80 - create IPUIPlugin
2025-04-23 22:31:20,313 [INFO] PluginManager:220 - loadIPPluginJar : add i3c
2025-04-23 22:31:20,442 [INFO] IPUIPlugin:80 - create IPUIPlugin
2025-04-23 22:31:20,443 [INFO] PluginManager:220 - loadIPPluginJar : add ipddr
2025-04-23 22:31:20,573 [INFO] IPUIPlugin:80 - create IPUIPlugin
2025-04-23 22:31:20,573 [INFO] PluginManager:220 - loadIPPluginJar : add linkedlist
2025-04-23 22:31:20,623 [INFO] IPUIPlugin:80 - create IPUIPlugin
2025-04-23 22:31:20,624 [INFO] PluginManager:220 - loadIPPluginJar : add lorawan
2025-04-23 22:31:20,677 [INFO] IPUIPlugin:80 - create IPUIPlugin
2025-04-23 22:31:20,677 [INFO] PluginManager:220 - loadIPPluginJar : add ltdc
2025-04-23 22:31:20,694 [INFO] IPUIPlugin:80 - create IPUIPlugin
2025-04-23 22:31:20,695 [INFO] PluginManager:220 - loadIPPluginJar : add mdma
2025-04-23 22:31:20,710 [INFO] IPUIPlugin:80 - create IPUIPlugin
2025-04-23 22:31:20,710 [INFO] PluginManager:220 - loadIPPluginJar : add nvic
2025-04-23 22:31:20,759 [INFO] IPUIPlugin:80 - create IPUIPlugin
2025-04-23 22:31:20,760 [INFO] PluginManager:220 - loadIPPluginJar : add opamp
2025-04-23 22:31:20,844 [INFO] IPUIPlugin:80 - create IPUIPlugin
2025-04-23 22:31:20,844 [INFO] PluginManager:220 - loadIPPluginJar : add openamp
2025-04-23 22:31:20,904 [INFO] IPUIPlugin:80 - create IPUIPlugin
2025-04-23 22:31:20,904 [INFO] PluginManager:220 - loadIPPluginJar : add pdm2pcm
2025-04-23 22:31:20,921 [INFO] IPUIPlugin:80 - create IPUIPlugin
2025-04-23 22:31:20,923 [INFO] PluginManager:220 - loadIPPluginJar : add plateformsettings
2025-04-23 22:31:20,955 [INFO] IPUIPlugin:80 - create IPUIPlugin
2025-04-23 22:31:20,956 [INFO] PluginManager:220 - loadIPPluginJar : add quadspi
2025-04-23 22:31:20,993 [INFO] IPUIPlugin:80 - create IPUIPlugin
2025-04-23 22:31:20,994 [INFO] PluginManager:220 - loadIPPluginJar : add radio
2025-04-23 22:31:21,011 [INFO] IPUIPlugin:80 - create IPUIPlugin
2025-04-23 22:31:21,012 [INFO] PluginManager:220 - loadIPPluginJar : add resmgrutility
2025-04-23 22:31:21,074 [INFO] IPUIPlugin:80 - create IPUIPlugin
2025-04-23 22:31:21,074 [INFO] PluginManager:220 - loadIPPluginJar : add sai
2025-04-23 22:31:21,126 [INFO] IPUIPlugin:80 - create IPUIPlugin
2025-04-23 22:31:21,126 [INFO] PluginManager:220 - loadIPPluginJar : add spi
2025-04-23 22:31:21,225 [INFO] IPUIPlugin:80 - create IPUIPlugin
2025-04-23 22:31:21,225 [INFO] PluginManager:220 - loadIPPluginJar : add stm32_wpan
2025-04-23 22:31:21,259 [INFO] IPUIPlugin:80 - create IPUIPlugin
2025-04-23 22:31:21,259 [INFO] PluginManager:220 - loadIPPluginJar : add tim
2025-04-23 22:31:21,342 [INFO] IPUIPlugin:80 - create IPUIPlugin
2025-04-23 22:31:21,342 [INFO] PluginManager:220 - loadIPPluginJar : add touchsensing
2025-04-23 22:31:21,374 [INFO] IPUIPlugin:80 - create IPUIPlugin
2025-04-23 22:31:21,374 [INFO] PluginManager:220 - loadIPPluginJar : add tracer_emb
2025-04-23 22:31:21,404 [INFO] ThirdPartyUpdaterWithRetryManager:70 - Updater plugin not ready yet. [2/15]
2025-04-23 22:31:21,409 [INFO] IPUIPlugin:80 - create IPUIPlugin
2025-04-23 22:31:21,409 [INFO] PluginManager:220 - loadIPPluginJar : add ts
2025-04-23 22:31:21,446 [INFO] IPUIPlugin:80 - create IPUIPlugin
2025-04-23 22:31:21,446 [INFO] PluginManager:220 - loadIPPluginJar : add tsc
2025-04-23 22:31:21,480 [INFO] IPUIPlugin:80 - create IPUIPlugin
2025-04-23 22:31:21,480 [INFO] PluginManager:220 - loadIPPluginJar : add ucpd
2025-04-23 22:31:21,545 [INFO] IPUIPlugin:80 - create IPUIPlugin
2025-04-23 22:31:21,545 [INFO] PluginManager:220 - loadIPPluginJar : add usart
2025-04-23 22:31:21,612 [INFO] IPUIPlugin:80 - create IPUIPlugin
2025-04-23 22:31:21,612 [INFO] PluginManager:220 - loadIPPluginJar : add usbx
2025-04-23 22:31:21,753 [FATAL] Updater:351 - Updater called before beeing initialized
2025-04-23 22:31:21,779 [INFO] RulesReader:64 - Compatibility file has been processed (302 Rules)
2025-04-23 22:31:21,791 [INFO] RulesReader:64 - Compatibility file has been processed (302 Rules)
2025-04-23 22:31:21,801 [INFO] CADModel:165 - CPN selected for project level
2025-04-23 22:31:21,802 [INFO] CADModel:114 - Register for checkConnection events
2025-04-23 22:31:21,802 [FATAL] Updater:351 - Updater called before beeing initialized
2025-04-23 22:31:21,802 [ERROR] CADModel:125 - Updater not yet initialized, retry later 
2025-04-23 22:31:22,008 [FATAL] Updater:351 - Updater called before beeing initialized
2025-04-23 22:31:22,011 [INFO] CADModel:165 - CPN selected for project level
2025-04-23 22:31:22,012 [INFO] CADModel:114 - Register for checkConnection events
2025-04-23 22:31:22,012 [FATAL] Updater:351 - Updater called before beeing initialized
2025-04-23 22:31:22,012 [ERROR] CADModel:125 - Updater not yet initialized, retry later 
2025-04-23 22:31:22,017 [FATAL] Updater:351 - Updater called before beeing initialized
2025-04-23 22:31:22,179 [FATAL] Updater:351 - Updater called before beeing initialized
2025-04-23 22:31:22,192 [INFO] DbMcusAds:53 - JSON generation date=Thu Mar 06 21:54:22 ICT 2025 (1741272862204)
2025-04-23 22:31:22,192 [FATAL] Updater:351 - Updater called before beeing initialized
2025-04-23 22:31:22,234 [WARN] DetailPanel:346 - Failed to get advertising image, set to default
2025-04-23 22:31:22,468 [FATAL] Updater:351 - Updater called before beeing initialized
2025-04-23 22:31:22,470 [FATAL] Updater:351 - Updater called before beeing initialized
2025-04-23 22:31:22,470 [FATAL] Updater:351 - Updater called before beeing initialized
2025-04-23 22:31:22,471 [WARN] DetailPanel:346 - Failed to get advertising image, set to default
2025-04-23 22:31:22,471 [FATAL] Updater:351 - Updater called before beeing initialized
2025-04-23 22:31:22,542 [ERROR] Updater:1198 - MainUpdater not yet initialized. External WinMGr cannot be set.
2025-04-23 22:31:22,554 [INFO] Updater:1134 - Updater Version found : 6.14.1
2025-04-23 22:31:22,575 [INFO] ApplicationProperties:184 - Using Application install path: C:\Users\User\STM32CubeIDE_1.16.0\STM32CubeIDE\plugins\com.st.stm32cube.common.mx_6.14.1.202504091515
2025-04-23 22:31:24,157 [ERROR] LogOutputStream:75 - [STDERR_REDIRECT] Apr 23, 2025 10:31:24 PM java.util.prefs.WindowsPreferences <init>
2025-04-23 22:31:24,158 [ERROR] LogOutputStream:75 - [STDERR_REDIRECT] WARNING: Could not open/create prefs root node Software\JavaSoft\Prefs at root 0xffffffff80000002. Windows RegCreateKeyEx(...) returned error code 5.
2025-04-23 22:31:24,158 [ERROR] LogOutputStream:75 - [STDERR_REDIRECT] 
2025-04-23 22:31:24,405 [INFO] ThirdPartyUpdaterWithRetryManager:70 - Updater plugin not ready yet. [3/15]
2025-04-23 22:31:24,712 [INFO] MainUpdater:2872 - connection check result : 10
2025-04-23 22:31:24,713 [INFO] MainUpdater:289 - Updater Check For Update Now.
2025-04-23 22:31:24,713 [INFO] MicroXplorer:498 - Change Database Version : DB.6.0.141
2025-04-23 22:31:24,738 [INFO] McuFinderGlobals:63 - Set McuFinder mode to 2 (CubeIDE integrated)
2025-04-23 22:31:24,753 [INFO] UserAuth:484 - Internet connection configuration mode: 1
2025-04-23 22:31:24,800 [INFO] JxBrowserEngine:152 - Initiate JxBrowser Engine with user profile folder
2025-04-23 22:31:24,935 [INFO] CheckServerUpdateThread:120 - End of CheckServer Thread
2025-04-23 22:31:26,289 [INFO] WebApp:169 - Instantiating new browser for Auth
2025-04-23 22:31:27,123 [INFO] WebApp:463 - Apply proxy settings
2025-04-23 22:31:27,124 [INFO] WebApp:548 - Chromium requires no authentication
2025-04-23 22:31:27,136 [INFO] WebApp:491 - Direct internet connection detected
2025-04-23 22:31:27,164 [INFO] WebApp:894 - Register for checkConnection events
2025-04-23 22:31:27,165 [INFO] WebApp:463 - Apply proxy settings
2025-04-23 22:31:27,165 [INFO] WebApp:548 - Chromium requires no authentication
2025-04-23 22:31:27,165 [INFO] WebApp:491 - Direct internet connection detected
2025-04-23 22:31:27,383 [INFO] WebApp:225 - Starting web application
2025-04-23 22:31:27,383 [INFO] WebApp:593 - Web application path used C:\Users\User\STM32CubeIDE_1.16.0\STM32CubeIDE\plugins\com.st.stm32cube.common.mx_6.14.1.202504091515\db\plugins\mcufinder\reactClient1\index.html
2025-04-23 22:31:27,397 [INFO] WebApp:191 - Connection restablished
2025-04-23 22:31:27,626 [INFO] UserAuth:484 - Internet connection configuration mode: 1
2025-04-23 22:31:28,020 [WARN] PackLoader:240 - Cannot read IP mode file for STMicroelectronics.FP-SNS-MOTENVWB1.1.4.0
2025-04-23 22:31:28,042 [WARN] PackLoader:240 - Cannot read IP mode file for STMicroelectronics.FP-ATR-ASTRA1.2.0.2
2025-04-23 22:31:28,060 [WARN] PackLoader:240 - Cannot read IP mode file for STMicroelectronics.FP-ATR-ASTRA1.2.0.1
2025-04-23 22:31:28,085 [WARN] PackLoader:240 - Cannot read IP mode file for STMicroelectronics.X-CUBE-SMBUS.2.1.0
2025-04-23 22:31:28,114 [WARN] PackLoader:240 - Cannot read IP mode file for STMicroelectronics.X-CUBE-WB05N.1.1.0
2025-04-23 22:31:28,177 [WARN] PackLoader:240 - Cannot read IP mode file for STMicroelectronics.X-CUBE-AZRTOS-F7.1.1.0
2025-04-23 22:31:28,284 [WARN] PackLoader:240 - Cannot read IP mode file for STMicroelectronics.X-CUBE-MEMS1.11.0.0
2025-04-23 22:31:28,442 [WARN] PackLoader:240 - Cannot read IP mode file for STMicroelectronics.FP-SNS-FLIGHT1.5.0.2
2025-04-23 22:31:28,478 [WARN] PackLoader:240 - Cannot read IP mode file for STMicroelectronics.X-CUBE-DISPLAY.3.0.0
2025-04-23 22:31:28,531 [WARN] PackLoader:240 - Cannot read IP mode file for STMicroelectronics.X-CUBE-BLE1.7.0.0
2025-04-23 22:31:28,558 [WARN] PackLoader:240 - Cannot read IP mode file for STMicroelectronics.X-CUBE-NFC10.1.0.0
2025-04-23 22:31:28,584 [WARN] PackLoader:240 - Cannot read IP mode file for STMicroelectronics.X-CUBE-BLEMGR.4.0.0
2025-04-23 22:31:28,604 [WARN] PackLoader:240 - Cannot read IP mode file for emotas.I-CUBE-CANOPEN.1.3.0
2025-04-23 22:31:28,623 [WARN] PackLoader:240 - Cannot read IP mode file for STMicroelectronics.X-CUBE-BLEMGR.3.1.0
2025-04-23 22:31:28,647 [WARN] PackLoader:240 - Cannot read IP mode file for STMicroelectronics.X-CUBE-AI.10.0.0
2025-04-23 22:31:28,664 [WARN] PackLoader:240 - Cannot read IP mode file for STMicroelectronics.FP-SNS-SMARTAG2.1.2.0
2025-04-23 22:31:28,679 [WARN] PackLoader:240 - Cannot read IP mode file for STMicroelectronics.FP-SNS-FLIGHT1.5.1.0
2025-04-23 22:31:28,735 [WARN] PackLoader:240 - Cannot read IP mode file for STMicroelectronics.X-CUBE-MEMS1.11.1.0
2025-04-23 22:31:28,861 [INFO] LogOutputStream:77 - [STDOUT_REDIRECT] 1 : Invalid condition id : UX_CORESTACK_Condition cause : null
2025-04-23 22:31:28,862 [INFO] LogOutputStream:77 - [STDOUT_REDIRECT] 1 : Invalid condition id : UX_CORESTACK_Condition cause : null
2025-04-23 22:31:28,863 [INFO] LogOutputStream:77 - [STDOUT_REDIRECT] 1 : Invalid condition id : UX_CORESTACK_Condition cause : null
2025-04-23 22:31:28,865 [INFO] LogOutputStream:77 - [STDOUT_REDIRECT] 1 : Invalid condition id : UX_CORESTACK_Condition cause : null
2025-04-23 22:31:28,865 [INFO] LogOutputStream:77 - [STDOUT_REDIRECT] 1 : Invalid condition id : UX_CORESTACK_Condition cause : null
2025-04-23 22:31:28,868 [WARN] PackLoader:240 - Cannot read IP mode file for STMicroelectronics.X-CUBE-AZRTOS-WL.2.0.0
2025-04-23 22:31:28,894 [WARN] PackLoader:240 - Cannot read IP mode file for STMicroelectronics.FP-SNS-MOTENV1.5.0.0
2025-04-23 22:31:28,917 [WARN] PackLoader:240 - Cannot read IP mode file for wolfSSL.I-CUBE-wolfMQTT.1.19.0
2025-04-23 22:31:28,942 [WARN] PackLoader:240 - Cannot read IP mode file for WES.I-CUBE-Cesium.1.3.0
2025-04-23 22:31:28,963 [WARN] PackLoader:240 - Cannot read IP mode file for STMicroelectronics.X-CUBE-BLE2.3.3.0
2025-04-23 22:31:28,989 [WARN] PackLoader:240 - Cannot read IP mode file for STMicroelectronics.X-CUBE-NFC9.1.0.0
2025-04-23 22:31:29,012 [WARN] PackLoader:240 - Cannot read IP mode file for STMicroelectronics.X-CUBE-BLE1.7.1.0
2025-04-23 22:31:29,036 [WARN] PackLoader:240 - Cannot read IP mode file for STMicroelectronics.X-CUBE-TCPP.4.1.0
2025-04-23 22:31:29,107 [WARN] PackLoader:240 - Cannot read IP mode file for STMicroelectronics.X-CUBE-MEMS1.11.2.0
2025-04-23 22:31:29,219 [WARN] PackLoader:240 - Cannot read IP mode file for STMicroelectronics.X-CUBE-AZRTOS-G0.1.1.0
2025-04-23 22:31:29,242 [WARN] PackLoader:240 - Cannot read IP mode file for STMicroelectronics.X-CUBE-SAFEA1.1.2.2
2025-04-23 22:31:29,263 [WARN] PackLoader:240 - Cannot read IP mode file for STMicroelectronics.X-CUBE-NFC4.3.0.0
2025-04-23 22:31:29,295 [WARN] PackLoader:240 - Cannot read IP mode file for EmbeddedOffice.I-CUBE-FS-RTOS.1.0.1
2025-04-23 22:31:29,322 [WARN] PackLoader:240 - Cannot read IP mode file for STMicroelectronics.X-CUBE-TCPP.4.2.0
2025-04-23 22:31:29,354 [WARN] PackLoader:240 - Cannot read IP mode file for RealThread.X-CUBE-RT-Thread_Nano.4.1.1
2025-04-23 22:31:29,381 [WARN] PackLoader:240 - Cannot read IP mode file for STMicroelectronics.FP-ATR-SIGFOX1.3.2.0
2025-04-23 22:31:29,402 [WARN] ConditionMgr:438 - getConditionDescription Invalid condition id : Cortex-A Device cause : null
2025-04-23 22:31:29,431 [WARN] ConditionMgr:1044 - genDependencies : Invalid condition id : Cortex-A Device cause : null
2025-04-23 22:31:29,431 [WARN] ConditionMgr:1044 - genDependencies : Invalid condition id : Cortex-A Device cause : null
2025-04-23 22:31:29,432 [WARN] ConditionMgr:1044 - genDependencies : Invalid condition id : Cortex-A Device cause : null
2025-04-23 22:31:29,449 [WARN] PackLoader:240 - Cannot read IP mode file for STMicroelectronics.X-CUBE-EEPRMA1.5.1.0
2025-04-23 22:31:29,466 [WARN] PackLoader:240 - Cannot read IP mode file for wolfSSL.I-CUBE-wolfSSL.5.7.4
2025-04-23 22:31:29,486 [WARN] PackLoader:240 - Cannot read IP mode file for ITTIA_DB.I-CUBE-ITTIADB.8.9.0
2025-04-23 22:31:29,515 [WARN] PackLoader:240 - Cannot read IP mode file for SEGGER.I-CUBE-embOS.1.3.1
2025-04-23 22:31:29,554 [WARN] PackLoader:240 - Cannot read IP mode file for STMicroelectronics.X-CUBE-ALGOBUILD.1.4.0
2025-04-23 22:31:29,573 [WARN] PackLoader:240 - Cannot read IP mode file for STMicroelectronics.X-CUBE-AI.9.1.0
2025-04-23 22:31:29,604 [WARN] PackLoader:240 - Cannot read IP mode file for STMicroelectronics.X-CUBE-AZRTOS-F4.1.1.0
2025-04-23 22:31:29,622 [WARN] PackLoader:240 - Cannot read IP mode file for Avnet-IotConnect.X-CUBE-IoTC-DA16k-PMOD.1.0.0
2025-04-23 22:31:29,637 [WARN] PackLoader:240 - Cannot read IP mode file for STMicroelectronics.X-CUBE-ISPU.2.1.0
2025-04-23 22:31:29,652 [WARN] PackLoader:240 - Cannot read IP mode file for STMicroelectronics.X-CUBE-FREERTOS.1.2.0
2025-04-23 22:31:29,679 [WARN] PackLoader:240 - Cannot read IP mode file for STMicroelectronics.X-CUBE-AZRTOS-L5.2.0.0
2025-04-23 22:31:29,695 [WARN] PackLoader:240 - Cannot read IP mode file for STMicroelectronics.X-CUBE-NFC6.3.1.0
2025-04-23 22:31:29,760 [WARN] PackLoader:240 - Cannot read IP mode file for STMicroelectronics.X-CUBE-DPower.1.2.0
2025-04-23 22:31:29,778 [WARN] PackLoader:240 - Cannot read IP mode file for STMicroelectronics.X-CUBE-FREERTOS.1.3.0
2025-04-23 22:31:29,800 [WARN] PackLoader:240 - Cannot read IP mode file for STMicroelectronics.X-CUBE-NFC7.1.0.1
2025-04-23 22:31:29,818 [WARN] PackLoader:240 - Cannot read IP mode file for STMicroelectronics.X-CUBE-DPower.1.3.0
2025-04-23 22:31:29,850 [WARN] ConditionMgr:438 - getConditionDescription Invalid condition id : LAN8742 Phy interface Condition cause : null
2025-04-23 22:31:29,851 [WARN] PackLoader:240 - Cannot read IP mode file for STMicroelectronics.X-CUBE-AZRTOS-L4.2.0.0
2025-04-23 22:31:29,852 [WARN] ConditionMgr:1044 - genDependencies : Invalid condition id : LAN8742 Phy interface Condition cause : null
2025-04-23 22:31:29,852 [WARN] ConditionMgr:1044 - genDependencies : Invalid condition id : LAN8742 Phy interface Condition cause : null
2025-04-23 22:31:29,853 [WARN] ConditionMgr:1044 - genDependencies : Invalid condition id : LAN8742 Phy interface Condition cause : null
2025-04-23 22:31:29,935 [WARN] PackLoader:240 - Cannot read IP mode file for STMicroelectronics.X-CUBE-SFXS2LP1.4.0.0
2025-04-23 22:31:29,971 [WARN] PackLoader:240 - Cannot read IP mode file for STMicroelectronics.X-CUBE-AZRTOS-H7.3.3.0
2025-04-23 22:31:30,000 [WARN] PackLoader:240 - Cannot read IP mode file for STMicroelectronics.X-CUBE-IPS.3.0.0
2025-04-23 22:31:30,032 [WARN] ConditionMgr:438 - getConditionDescription Invalid condition id : UX DEVICE CLASS RTOS Condition cause : null
2025-04-23 22:31:30,032 [WARN] ConditionMgr:438 - getConditionDescription Invalid condition id : UX DEVICE CLASS RTOS Condition cause : null
2025-04-23 22:31:30,034 [WARN] PackLoader:240 - Cannot read IP mode file for STMicroelectronics.X-CUBE-AZRTOS-WB.2.0.0
2025-04-23 22:31:30,036 [WARN] ConditionMgr:1044 - genDependencies : Invalid condition id : UX DEVICE CLASS RTOS Condition cause : null
2025-04-23 22:31:30,036 [WARN] ConditionMgr:1044 - genDependencies : Invalid condition id : UX DEVICE CLASS RTOS Condition cause : null
2025-04-23 22:31:30,036 [WARN] ConditionMgr:1044 - genDependencies : Invalid condition id : UX DEVICE CLASS RTOS Condition cause : null
2025-04-23 22:31:30,037 [WARN] ConditionMgr:1044 - genDependencies : Invalid condition id : UX DEVICE CLASS RTOS Condition cause : null
2025-04-23 22:31:30,037 [WARN] ConditionMgr:1044 - genDependencies : Invalid condition id : UX DEVICE CLASS RTOS Condition cause : null
2025-04-23 22:31:30,060 [WARN] PackLoader:240 - Cannot read IP mode file for STMicroelectronics.X-CUBE-GNSS1.7.0.0
2025-04-23 22:31:30,081 [WARN] PackLoader:240 - Cannot read IP mode file for STMicroelectronics.X-CUBE-GNSS1.7.0.1
2025-04-23 22:31:30,099 [WARN] PackLoader:240 - Cannot read IP mode file for STMicroelectronics.X-CUBE-TOUCHGFX.4.25.0
2025-04-23 22:31:30,120 [WARN] PackLoader:240 - Cannot read IP mode file for STMicroelectronics.X-CUBE-SUBG2.5.0.0
2025-04-23 22:31:30,153 [WARN] PackLoader:240 - Cannot read IP mode file for STMicroelectronics.X-CUBE-AZRTOS-H7RS.1.1.0
2025-04-23 22:31:30,168 [WARN] PackLoader:240 - Cannot read IP mode file for Cesanta.I-CUBE-Mongoose.7.13.0
2025-04-23 22:31:30,191 [WARN] PackLoader:240 - Cannot read IP mode file for STMicroelectronics.X-CUBE-AZRTOS-G4.2.0.0
2025-04-23 22:31:30,210 [WARN] PackLoader:240 - Cannot read IP mode file for STMicroelectronics.X-CUBE-IPS.3.1.0
2025-04-23 22:31:30,227 [WARN] PackLoader:240 - Cannot read IP mode file for STMicroelectronics.X-CUBE-ALS.1.0.2
2025-04-23 22:31:30,241 [WARN] PackLoader:240 - Cannot read IP mode file for STMicroelectronics.X-CUBE-TOUCHGFX.4.24.2
2025-04-23 22:31:30,254 [WARN] PackLoader:240 - Cannot read IP mode file for STMicroelectronics.X-CUBE-TOUCHGFX.4.24.1
2025-04-23 22:31:30,268 [WARN] PackLoader:240 - Cannot read IP mode file for wolfSSL.I-CUBE-wolfTPM.3.4.0
2025-04-23 22:31:30,284 [WARN] PackLoader:240 - Cannot read IP mode file for portGmbH.I-Cube-SoM-uGOAL.1.1.0
2025-04-23 22:31:30,313 [WARN] PackLoader:240 - Cannot read IP mode file for STMicroelectronics.X-CUBE-AZRTOS-H7RS.1.0.0
2025-04-23 22:31:30,329 [WARN] PackLoader:240 - Cannot read IP mode file for STMicroelectronics.FP-ATR-ASTRA1.2.0.0
2025-04-23 22:31:30,347 [WARN] PackLoader:240 - Cannot read IP mode file for STMicroelectronics.X-CUBE-TOF1.3.4.2
2025-04-23 22:31:30,370 [WARN] PackLoader:240 - Cannot read IP mode file for STMicroelectronics.X-CUBE-TOF1.3.4.3
2025-04-23 22:31:30,404 [WARN] PackLoader:240 - Cannot read IP mode file for Infineon.AIROC-Wi-Fi-Bluetooth-STM32.1.6.1
2025-04-23 22:31:30,424 [WARN] PackLoader:240 - Cannot read IP mode file for wolfSSL.I-CUBE-wolfSSH.1.4.17
2025-04-23 22:31:30,425 [INFO] ThirdParty:978 - Integrity check success = true
2025-04-23 22:31:30,425 [INFO] IntegrityCheckThread:100 - exiting critical section [integrity check]
2025-04-23 22:31:30,425 [INFO] IntegrityCheckThread:103 - End integrity checks thread
2025-04-23 22:45:21,777 [INFO] WebApp:194 - Connection lost
2025-04-23 22:45:21,956 [INFO] WebApp:191 - Connection restablished
2025-04-23 22:46:11,543 [ERROR] LogOutputStream:75 - [STDERR_REDIRECT] 
