2025-04-11 13:59:40,297 [INFO] Activator:176 - 


2025-04-11 13:59:40,305 [INFO] Activator:177 - !SESSION log4j initialized
2025-04-11 13:59:42,942 [INFO] LogOutputStream:77 - [STDOUT_REDIRECT] 
2025-04-11 13:59:44,864 [INFO] ApplicationProperties:184 - Using Application install path: C:\Users\User\STM32CubeIDE_1.16.0\STM32CubeIDE\plugins\com.st.stm32cube.common.mx_6.12.1.202409122256
2025-04-11 13:59:44,877 [INFO] DbMcusXml:78 - Set database path to: C:\Users\User\STM32CubeIDE_1.16.0\STM32CubeIDE\plugins\com.st.stm32cube.common.mx_6.12.1.202409122256\\db\/mcu/
2025-04-11 13:59:44,877 [INFO] ApiDb:274 - Set plugin database path to: C:\Users\User\STM32CubeIDE_1.16.0\STM32CubeIDE\plugins\com.st.stm32cube.common.mx_6.12.1.202409122256\\db\/plugins/boardmanager/
2025-04-11 13:59:44,878 [WARN] ApiDb:259 - Overriding images path with different value:  => C:\Users\User\STM32CubeIDE_1.16.0\STM32CubeIDE\plugins\com.st.stm32cube.common.mx_6.12.1.202409122256\\db\/plugins/mcufinder/images/
2025-04-11 13:59:44,884 [INFO] ApiDb:250 - Set database path to: C:\Users\User\.stmcufinder\plugins\mcufinder//mcu/
2025-04-11 13:59:44,885 [INFO] DbMcusAds:125 - Set database path to: C:\Users\User\.stmcufinder\plugins\mcufinder//mcu/
2025-04-11 13:59:44,887 [INFO] CrossReferenceDbSqlite:203 - Set database path to: C:\Users\User\.stmcufinder\plugins\mcufinder//mcu/cs/
2025-04-11 13:59:44,967 [INFO] RulesReader:64 - Compatibility file has been processed (297 Rules)
2025-04-11 13:59:45,054 [INFO] DbMcusXml:78 - Set database path to: C:\Users\User\STM32CubeIDE_1.16.0\STM32CubeIDE\plugins\com.st.stm32cube.common.mx_6.12.1.202409122256\\db\/mcu/
2025-04-11 13:59:45,054 [INFO] ApiDb:274 - Set plugin database path to: C:\Users\User\STM32CubeIDE_1.16.0\STM32CubeIDE\plugins\com.st.stm32cube.common.mx_6.12.1.202409122256\\db\/plugins/boardmanager/
2025-04-11 13:59:45,054 [INFO] ApiDb:261 - Set plugin images path to: C:\Users\User\STM32CubeIDE_1.16.0\STM32CubeIDE\plugins\com.st.stm32cube.common.mx_6.12.1.202409122256\\db\/plugins/mcufinder/images/
2025-04-11 13:59:45,054 [WARN] DbFile:41 - Overriding database path with different value: C:\Users\User\.stmcufinder\plugins\mcufinder/ => C:\Users\User\.stmcufinder\plugins\mcufinder
2025-04-11 13:59:45,054 [INFO] ApiDb:250 - Set database path to: C:\Users\User\.stmcufinder\plugins\mcufinder//mcu/
2025-04-11 13:59:45,054 [WARN] DbFile:41 - Overriding database path with different value: C:\Users\User\.stmcufinder\plugins\mcufinder/ => C:\Users\User\.stmcufinder\plugins\mcufinder
2025-04-11 13:59:45,054 [INFO] DbMcusAds:125 - Set database path to: C:\Users\User\.stmcufinder\plugins\mcufinder//mcu/
2025-04-11 13:59:45,054 [WARN] DbFile:41 - Overriding database path with different value: C:\Users\User\.stmcufinder\plugins\mcufinder/ => C:\Users\User\.stmcufinder\plugins\mcufinder
2025-04-11 13:59:45,054 [WARN] DbFile:41 - Overriding database path with different value: C:\Users\User\.stmcufinder\plugins\mcufinder/ => C:\Users\User\.stmcufinder\plugins\mcufinder
2025-04-11 13:59:45,055 [INFO] CrossReferenceDbSqlite:203 - Set database path to: C:\Users\User\.stmcufinder\plugins\mcufinder//mcu/cs/
2025-04-11 13:59:45,139 [INFO] MainPanel:268 - HeapMemory: 268435456
2025-04-11 13:59:45,237 [INFO] DbMcusXml:78 - Set database path to: C:\Users\User\STM32CubeIDE_1.16.0\STM32CubeIDE\plugins\com.st.stm32cube.common.mx_6.12.1.202409122256\\db\/mcu/
2025-04-11 13:59:45,238 [INFO] ApiDb:274 - Set plugin database path to: C:\Users\User\STM32CubeIDE_1.16.0\STM32CubeIDE\plugins\com.st.stm32cube.common.mx_6.12.1.202409122256\\db\/plugins/boardmanager/
2025-04-11 13:59:45,238 [INFO] ApiDb:261 - Set plugin images path to: C:\Users\User\STM32CubeIDE_1.16.0\STM32CubeIDE\plugins\com.st.stm32cube.common.mx_6.12.1.202409122256\\db\/plugins/mcufinder/images/
2025-04-11 13:59:45,238 [WARN] DbFile:41 - Overriding database path with different value: C:\Users\User\.stmcufinder\plugins\mcufinder/ => C:\Users\User\.stmcufinder\plugins\mcufinder
2025-04-11 13:59:45,238 [INFO] ApiDb:250 - Set database path to: C:\Users\User\.stmcufinder\plugins\mcufinder//mcu/
2025-04-11 13:59:45,238 [WARN] DbFile:41 - Overriding database path with different value: C:\Users\User\.stmcufinder\plugins\mcufinder/ => C:\Users\User\.stmcufinder\plugins\mcufinder
2025-04-11 13:59:45,239 [INFO] DbMcusAds:125 - Set database path to: C:\Users\User\.stmcufinder\plugins\mcufinder//mcu/
2025-04-11 13:59:45,239 [WARN] DbFile:41 - Overriding database path with different value: C:\Users\User\.stmcufinder\plugins\mcufinder/ => C:\Users\User\.stmcufinder\plugins\mcufinder
2025-04-11 13:59:45,239 [WARN] DbFile:41 - Overriding database path with different value: C:\Users\User\.stmcufinder\plugins\mcufinder/ => C:\Users\User\.stmcufinder\plugins\mcufinder
2025-04-11 13:59:45,239 [INFO] CrossReferenceDbSqlite:203 - Set database path to: C:\Users\User\.stmcufinder\plugins\mcufinder//mcu/cs/
2025-04-11 13:59:45,260 [INFO] ApplicationProperties:184 - Using Application install path: C:\Users\User\STM32CubeIDE_1.16.0\STM32CubeIDE\plugins\com.st.stm32cube.common.mx_6.12.1.202409122256
2025-04-11 13:59:45,261 [INFO] PluginManage:196 - Search for loadable plugins [exclusion list=, ]
2025-04-11 13:59:45,262 [INFO] PluginManage:310 - Check plugin analytics
2025-04-11 13:59:45,431 [INFO] AnalyticsPlugin:253 - Accepted Software Licenses: STM32CubeMX.6.12.0,STM32CubeMX.6.12.1
2025-04-11 13:59:45,433 [INFO] AnalyticsPlugin:255 - Accepted CMSIS Pack Licenses: 
2025-04-11 13:59:45,433 [INFO] AnalyticsPlugin:257 - Accepted Firmware Licenses: FW.G4.1.5.0,FW.U5.1.0.0,FW.WB.1.13.0,FW.G4.1.6.0
2025-04-11 13:59:45,437 [INFO] PluginManage:359 - Loaded plugin analytics (category:tool,tabindex:-1)
2025-04-11 13:59:45,438 [INFO] PluginManage:310 - Check plugin cadmodel
2025-04-11 13:59:45,443 [INFO] CADModel:105 - Init CAD model plugin
2025-04-11 13:59:45,444 [INFO] PluginManage:359 - Loaded plugin cadmodel (category:power,tabindex:5)
2025-04-11 13:59:45,444 [INFO] PluginManage:310 - Check plugin clock
2025-04-11 13:59:45,455 [INFO] PluginManage:359 - Loaded plugin clock (category:base,tabindex:2)
2025-04-11 13:59:45,455 [INFO] PluginManage:310 - Check plugin ddr
2025-04-11 13:59:45,457 [INFO] PluginManage:359 - Loaded plugin ddr (category:tool,tabindex:6)
2025-04-11 13:59:45,458 [INFO] PluginManage:310 - Check plugin filemanager
2025-04-11 13:59:45,620 [INFO] PluginManage:359 - Loaded plugin filemanager (category:base,tabindex:10)
2025-04-11 13:59:45,620 [INFO] PluginManage:310 - Check plugin ipmanager
2025-04-11 13:59:45,639 [INFO] PluginManage:359 - Loaded plugin ipmanager (category:base,tabindex:5)
2025-04-11 13:59:45,639 [INFO] PluginManage:310 - Check plugin lpbam
2025-04-11 13:59:45,649 [INFO] PluginManage:359 - Loaded plugin lpbam (category:base,tabindex:0)
2025-04-11 13:59:45,650 [INFO] PluginManage:310 - Check plugin memorymap
2025-04-11 13:59:45,664 [INFO] PluginManage:359 - Loaded plugin memorymap (category:base,tabindex:4)
2025-04-11 13:59:45,665 [INFO] PluginManage:310 - Check plugin pinoutandconfiguration
2025-04-11 13:59:45,676 [INFO] PluginManage:359 - Loaded plugin pinoutandconfiguration (category:base,tabindex:1)
2025-04-11 13:59:45,676 [INFO] PluginManage:310 - Check plugin pinoutconfig
2025-04-11 13:59:45,757 [WARN] SupportedApi:132 - Cannot load RTOS API schema: s4s-elt-must-match.1: The content of 'definitions' must match (annotation?, (simpleType | complexType)?, (unique | key | keyref)*)). A problem was found starting at: attribute.
2025-04-11 13:59:45,865 [INFO] PluginManage:359 - Loaded plugin pinoutconfig (category:base,tabindex:0)
2025-04-11 13:59:45,866 [INFO] PluginManage:310 - Check plugin power
2025-04-11 13:59:45,872 [INFO] PluginManage:359 - Loaded plugin power (category:power,tabindex:4)
2025-04-11 13:59:45,873 [INFO] PluginManage:310 - Check plugin projectmanager
2025-04-11 13:59:45,888 [INFO] PluginManage:359 - Loaded plugin projectmanager (category:projectmanager,tabindex:4)
2025-04-11 13:59:45,888 [INFO] PluginManage:310 - Check plugin rif
2025-04-11 13:59:45,892 [INFO] PluginManage:359 - Loaded plugin rif (category:base,tabindex:3)
2025-04-11 13:59:45,892 [INFO] PluginManage:310 - Check plugin thirdparty
2025-04-11 13:59:46,015 [INFO] PluginManage:359 - Loaded plugin thirdparty (category:base,tabindex:-1)
2025-04-11 13:59:46,015 [WARN] IntegrityCheckThread:84 - waiting for thirdparty lock release [integrity check]
2025-04-11 13:59:46,015 [INFO] IntegrityCheckThread:86 - entering critical section [integrity check]
2025-04-11 13:59:46,015 [INFO] PluginManage:310 - Check plugin tools
2025-04-11 13:59:46,016 [INFO] ThirdPartyUpdaterWithRetryManager:70 - Updater plugin not ready yet. [1/15]
2025-04-11 13:59:46,018 [INFO] PluginManage:359 - Loaded plugin tools (category:base,tabindex:7)
2025-04-11 13:59:46,018 [INFO] PluginManage:310 - Check plugin tutovideos
2025-04-11 13:59:46,150 [INFO] PluginManage:359 - Loaded plugin tutovideos (category:base,tabindex:-1)
2025-04-11 13:59:46,150 [INFO] PluginManage:310 - Check plugin updater
2025-04-11 13:59:46,165 [INFO] PluginManage:359 - Loaded plugin updater (category:base,tabindex:12)
2025-04-11 13:59:46,166 [INFO] PluginManage:310 - Check plugin userauth
2025-04-11 13:59:46,171 [INFO] UserAuth:113 - Init User Auth plugin
2025-04-11 13:59:46,171 [INFO] PluginManage:359 - Loaded plugin userauth (category:base,tabindex:14)
2025-04-11 13:59:46,171 [INFO] PluginManage:283 - PluginManage : Loaded plugins [18]
2025-04-11 13:59:46,381 [INFO] PinOutPanel:1561 - setPackage(No Configuration,No Configuration)
2025-04-11 13:59:46,500 [INFO] CADModel:165 - CPN selected for project level
2025-04-11 13:59:46,500 [INFO] CADModel:114 - Register for checkConnection events
2025-04-11 13:59:46,520 [INFO] IPUIPlugin:80 - create IPUIPlugin
2025-04-11 13:59:46,520 [INFO] PluginManager:220 - loadIPPluginJar : add adc
2025-04-11 13:59:46,524 [INFO] IPUIPlugin:80 - create IPUIPlugin
2025-04-11 13:59:46,524 [INFO] PluginManager:220 - loadIPPluginJar : add aes
2025-04-11 13:59:46,527 [INFO] IPUIPlugin:80 - create IPUIPlugin
2025-04-11 13:59:46,528 [INFO] PluginManager:220 - loadIPPluginJar : add can
2025-04-11 13:59:46,530 [INFO] IPUIPlugin:80 - create IPUIPlugin
2025-04-11 13:59:46,530 [INFO] PluginManager:220 - loadIPPluginJar : add comp
2025-04-11 13:59:46,533 [INFO] IPUIPlugin:80 - create IPUIPlugin
2025-04-11 13:59:46,533 [INFO] PluginManager:220 - loadIPPluginJar : add cryp
2025-04-11 13:59:46,536 [INFO] IPUIPlugin:80 - create IPUIPlugin
2025-04-11 13:59:46,536 [INFO] PluginManager:220 - loadIPPluginJar : add ddr_ctrl_phy
2025-04-11 13:59:46,539 [INFO] IPUIPlugin:80 - create IPUIPlugin
2025-04-11 13:59:46,539 [INFO] PluginManager:220 - loadIPPluginJar : add dfsdm
2025-04-11 13:59:46,545 [INFO] IPUIPlugin:80 - create IPUIPlugin
2025-04-11 13:59:46,546 [INFO] PluginManager:220 - loadIPPluginJar : add dma
2025-04-11 13:59:46,548 [INFO] IPUIPlugin:80 - create IPUIPlugin
2025-04-11 13:59:46,549 [INFO] PluginManager:220 - loadIPPluginJar : add dma3
2025-04-11 13:59:46,552 [INFO] IPUIPlugin:80 - create IPUIPlugin
2025-04-11 13:59:46,552 [INFO] PluginManager:220 - loadIPPluginJar : add extmemmanager
2025-04-11 13:59:46,554 [INFO] IPUIPlugin:80 - create IPUIPlugin
2025-04-11 13:59:46,554 [INFO] PluginManager:220 - loadIPPluginJar : add fatfs
2025-04-11 13:59:46,560 [INFO] IPUIPlugin:80 - create IPUIPlugin
2025-04-11 13:59:46,560 [INFO] PluginManager:220 - loadIPPluginJar : add fmc
2025-04-11 13:59:46,565 [INFO] IPUIPlugin:80 - create IPUIPlugin
2025-04-11 13:59:46,565 [INFO] PluginManager:220 - loadIPPluginJar : add freertos
2025-04-11 13:59:46,566 [INFO] IPUIPlugin:80 - create IPUIPlugin
2025-04-11 13:59:46,567 [INFO] PluginManager:220 - loadIPPluginJar : add genericplugin
2025-04-11 13:59:46,569 [INFO] IPUIPlugin:80 - create IPUIPlugin
2025-04-11 13:59:46,569 [INFO] PluginManager:220 - loadIPPluginJar : add gfxmmu
2025-04-11 13:59:46,573 [INFO] IPUIPlugin:80 - create IPUIPlugin
2025-04-11 13:59:46,574 [INFO] PluginManager:220 - loadIPPluginJar : add gic
2025-04-11 13:59:46,577 [INFO] IPUIPlugin:80 - create IPUIPlugin
2025-04-11 13:59:46,578 [INFO] PluginManager:220 - loadIPPluginJar : add gpio
2025-04-11 13:59:46,580 [INFO] IPUIPlugin:80 - create IPUIPlugin
2025-04-11 13:59:46,580 [INFO] PluginManager:220 - loadIPPluginJar : add gtzc
2025-04-11 13:59:46,583 [INFO] IPUIPlugin:80 - create IPUIPlugin
2025-04-11 13:59:46,583 [INFO] PluginManager:220 - loadIPPluginJar : add hash
2025-04-11 13:59:46,586 [INFO] IPUIPlugin:80 - create IPUIPlugin
2025-04-11 13:59:46,586 [INFO] PluginManager:220 - loadIPPluginJar : add i2c
2025-04-11 13:59:46,588 [INFO] IPUIPlugin:80 - create IPUIPlugin
2025-04-11 13:59:46,589 [INFO] PluginManager:220 - loadIPPluginJar : add i2s
2025-04-11 13:59:46,592 [INFO] IPUIPlugin:80 - create IPUIPlugin
2025-04-11 13:59:46,592 [INFO] PluginManager:220 - loadIPPluginJar : add i3c
2025-04-11 13:59:46,595 [INFO] IPUIPlugin:80 - create IPUIPlugin
2025-04-11 13:59:46,595 [INFO] PluginManager:220 - loadIPPluginJar : add ipddr
2025-04-11 13:59:46,602 [INFO] IPUIPlugin:80 - create IPUIPlugin
2025-04-11 13:59:46,602 [INFO] PluginManager:220 - loadIPPluginJar : add linkedlist
2025-04-11 13:59:46,606 [INFO] IPUIPlugin:80 - create IPUIPlugin
2025-04-11 13:59:46,606 [INFO] PluginManager:220 - loadIPPluginJar : add lorawan
2025-04-11 13:59:46,608 [INFO] IPUIPlugin:80 - create IPUIPlugin
2025-04-11 13:59:46,608 [INFO] PluginManager:220 - loadIPPluginJar : add ltdc
2025-04-11 13:59:46,613 [INFO] IPUIPlugin:80 - create IPUIPlugin
2025-04-11 13:59:46,614 [INFO] PluginManager:220 - loadIPPluginJar : add mdma
2025-04-11 13:59:46,618 [INFO] IPUIPlugin:80 - create IPUIPlugin
2025-04-11 13:59:46,618 [INFO] PluginManager:220 - loadIPPluginJar : add nvic
2025-04-11 13:59:46,621 [INFO] IPUIPlugin:80 - create IPUIPlugin
2025-04-11 13:59:46,621 [INFO] PluginManager:220 - loadIPPluginJar : add opamp
2025-04-11 13:59:46,624 [INFO] IPUIPlugin:80 - create IPUIPlugin
2025-04-11 13:59:46,624 [INFO] PluginManager:220 - loadIPPluginJar : add openamp
2025-04-11 13:59:46,627 [INFO] IPUIPlugin:80 - create IPUIPlugin
2025-04-11 13:59:46,627 [INFO] PluginManager:220 - loadIPPluginJar : add pdm2pcm
2025-04-11 13:59:46,632 [INFO] IPUIPlugin:80 - create IPUIPlugin
2025-04-11 13:59:46,635 [INFO] PluginManager:220 - loadIPPluginJar : add plateformsettings
2025-04-11 13:59:46,636 [INFO] IPUIPlugin:80 - create IPUIPlugin
2025-04-11 13:59:46,637 [INFO] PluginManager:220 - loadIPPluginJar : add quadspi
2025-04-11 13:59:46,638 [INFO] IPUIPlugin:80 - create IPUIPlugin
2025-04-11 13:59:46,640 [INFO] PluginManager:220 - loadIPPluginJar : add radio
2025-04-11 13:59:46,645 [INFO] IPUIPlugin:80 - create IPUIPlugin
2025-04-11 13:59:46,645 [INFO] PluginManager:220 - loadIPPluginJar : add resmgrutility
2025-04-11 13:59:46,647 [INFO] IPUIPlugin:80 - create IPUIPlugin
2025-04-11 13:59:46,647 [INFO] PluginManager:220 - loadIPPluginJar : add sai
2025-04-11 13:59:46,650 [INFO] IPUIPlugin:80 - create IPUIPlugin
2025-04-11 13:59:46,650 [INFO] PluginManager:220 - loadIPPluginJar : add spi
2025-04-11 13:59:46,655 [INFO] IPUIPlugin:80 - create IPUIPlugin
2025-04-11 13:59:46,655 [INFO] PluginManager:220 - loadIPPluginJar : add stm32_wpan
2025-04-11 13:59:46,657 [INFO] IPUIPlugin:80 - create IPUIPlugin
2025-04-11 13:59:46,657 [INFO] PluginManager:220 - loadIPPluginJar : add tim
2025-04-11 13:59:46,660 [INFO] IPUIPlugin:80 - create IPUIPlugin
2025-04-11 13:59:46,660 [INFO] PluginManager:220 - loadIPPluginJar : add touchsensing
2025-04-11 13:59:46,662 [INFO] IPUIPlugin:80 - create IPUIPlugin
2025-04-11 13:59:46,662 [INFO] PluginManager:220 - loadIPPluginJar : add tracer_emb
2025-04-11 13:59:46,664 [INFO] IPUIPlugin:80 - create IPUIPlugin
2025-04-11 13:59:46,665 [INFO] PluginManager:220 - loadIPPluginJar : add ts
2025-04-11 13:59:46,666 [INFO] IPUIPlugin:80 - create IPUIPlugin
2025-04-11 13:59:46,666 [INFO] PluginManager:220 - loadIPPluginJar : add tsc
2025-04-11 13:59:46,668 [INFO] IPUIPlugin:80 - create IPUIPlugin
2025-04-11 13:59:46,669 [INFO] PluginManager:220 - loadIPPluginJar : add ucpd
2025-04-11 13:59:46,672 [INFO] IPUIPlugin:80 - create IPUIPlugin
2025-04-11 13:59:46,672 [INFO] PluginManager:220 - loadIPPluginJar : add usart
2025-04-11 13:59:46,675 [INFO] IPUIPlugin:80 - create IPUIPlugin
2025-04-11 13:59:46,675 [INFO] PluginManager:220 - loadIPPluginJar : add usbx
2025-04-11 13:59:46,810 [INFO] CADModel:165 - CPN selected for project level
2025-04-11 13:59:46,810 [INFO] CADModel:114 - Register for checkConnection events
2025-04-11 13:59:46,810 [FATAL] Updater:334 - Updater called before beeing initialized
2025-04-11 13:59:46,810 [ERROR] CADModel:125 - Updater not yet initialized, retry later 
2025-04-11 13:59:46,936 [INFO] CADModel:165 - CPN selected for project level
2025-04-11 13:59:46,937 [INFO] CADModel:114 - Register for checkConnection events
2025-04-11 13:59:46,937 [FATAL] Updater:334 - Updater called before beeing initialized
2025-04-11 13:59:46,937 [ERROR] CADModel:125 - Updater not yet initialized, retry later 
2025-04-11 13:59:46,940 [FATAL] Updater:334 - Updater called before beeing initialized
2025-04-11 13:59:47,054 [FATAL] Updater:334 - Updater called before beeing initialized
2025-04-11 13:59:47,058 [INFO] DbMcusAds:53 - JSON generation date=Thu Mar 06 21:54:21 ICT 2025 (1741272861825)
2025-04-11 13:59:47,058 [FATAL] Updater:334 - Updater called before beeing initialized
2025-04-11 13:59:47,090 [WARN] DetailPanel:346 - Failed to get advertising image, set to default
2025-04-11 13:59:47,180 [FATAL] Updater:334 - Updater called before beeing initialized
2025-04-11 13:59:47,182 [FATAL] Updater:334 - Updater called before beeing initialized
2025-04-11 13:59:47,182 [FATAL] Updater:334 - Updater called before beeing initialized
2025-04-11 13:59:47,182 [WARN] DetailPanel:346 - Failed to get advertising image, set to default
2025-04-11 13:59:47,183 [FATAL] Updater:334 - Updater called before beeing initialized
2025-04-11 13:59:47,232 [ERROR] Updater:1164 - MainUpdater not yet initialized. External WinMGr cannot be set.
2025-04-11 13:59:47,236 [INFO] Updater:1100 - Updater Version found : 6.12.1
2025-04-11 13:59:47,251 [INFO] ApplicationProperties:184 - Using Application install path: C:\Users\User\STM32CubeIDE_1.16.0\STM32CubeIDE\plugins\com.st.stm32cube.common.mx_6.12.1.202409122256
2025-04-11 13:59:48,823 [ERROR] LogOutputStream:75 - [STDERR_REDIRECT] Apr 11, 2025 1:59:48 PM java.util.prefs.WindowsPreferences <init>
2025-04-11 13:59:48,825 [ERROR] LogOutputStream:75 - [STDERR_REDIRECT] WARNING: Could not open/create prefs root node Software\JavaSoft\Prefs at root 0xffffffff80000002. Windows RegCreateKeyEx(...) returned error code 5.
2025-04-11 13:59:48,825 [ERROR] LogOutputStream:75 - [STDERR_REDIRECT] 
2025-04-11 13:59:49,017 [INFO] ThirdPartyUpdaterWithRetryManager:70 - Updater plugin not ready yet. [2/15]
2025-04-11 13:59:49,398 [INFO] MainUpdater:2873 - connection check result : 10
2025-04-11 13:59:49,399 [INFO] MainUpdater:290 - Updater Check For Update Now.
2025-04-11 13:59:49,399 [INFO] MicroXplorer:498 - Change Database Version : DB.6.0.121
2025-04-11 13:59:49,405 [INFO] McuFinderGlobals:63 - Set McuFinder mode to 2 (CubeIDE integrated)
2025-04-11 13:59:49,406 [INFO] UserAuth:417 - Internet connection configuration mode: 1
2025-04-11 13:59:49,428 [INFO] JxBrowserEngine:152 - Initiate JxBrowser Engine with user profile folder
2025-04-11 13:59:49,581 [INFO] CheckServerUpdateThread:120 - End of CheckServer Thread
2025-04-11 13:59:50,098 [INFO] WebApp:167 - Instantiating new browser for Auth
2025-04-11 13:59:50,777 [INFO] WebApp:448 - Apply proxy settings
2025-04-11 13:59:50,778 [INFO] WebApp:533 - Chromium requires no authentication
2025-04-11 13:59:50,786 [INFO] WebApp:476 - Direct internet connection detected
2025-04-11 13:59:50,812 [INFO] WebApp:869 - Register for checkConnection events
2025-04-11 13:59:50,812 [INFO] WebApp:448 - Apply proxy settings
2025-04-11 13:59:50,813 [INFO] WebApp:533 - Chromium requires no authentication
2025-04-11 13:59:50,813 [INFO] WebApp:476 - Direct internet connection detected
2025-04-11 13:59:50,973 [INFO] WebApp:220 - Starting web application
2025-04-11 13:59:50,973 [INFO] WebApp:578 - Web application path used C:\Users\User\STM32CubeIDE_1.16.0\STM32CubeIDE\plugins\com.st.stm32cube.common.mx_6.12.1.202409122256\db\plugins\mcufinder\reactClient1\index.html
2025-04-11 13:59:51,064 [INFO] UserAuth:417 - Internet connection configuration mode: 1
2025-04-11 13:59:51,173 [INFO] WebApp:186 - Connection restablished
2025-04-11 13:59:52,336 [WARN] PackLoader:240 - Cannot read IP mode file for STMicroelectronics.FP-SNS-MOTENVWB1.1.4.0
2025-04-11 13:59:52,347 [WARN] PackLoader:240 - Cannot read IP mode file for STMicroelectronics.FP-ATR-ASTRA1.2.0.2
2025-04-11 13:59:52,352 [WARN] PackLoader:240 - Cannot read IP mode file for STMicroelectronics.FP-ATR-ASTRA1.2.0.1
2025-04-11 13:59:52,361 [WARN] PackLoader:240 - Cannot read IP mode file for STMicroelectronics.X-CUBE-SMBUS.2.1.0
2025-04-11 13:59:52,370 [WARN] PackLoader:240 - Cannot read IP mode file for STMicroelectronics.X-CUBE-WB05N.1.1.0
2025-04-11 13:59:52,410 [WARN] PackLoader:240 - Cannot read IP mode file for STMicroelectronics.X-CUBE-AZRTOS-F7.1.1.0
2025-04-11 13:59:52,502 [WARN] PackLoader:240 - Cannot read IP mode file for STMicroelectronics.X-CUBE-MEMS1.11.0.0
2025-04-11 13:59:52,713 [WARN] PackLoader:240 - Cannot read IP mode file for STMicroelectronics.FP-SNS-FLIGHT1.5.0.2
2025-04-11 13:59:52,728 [WARN] PackLoader:240 - Cannot read IP mode file for STMicroelectronics.X-CUBE-DISPLAY.3.0.0
2025-04-11 13:59:52,744 [WARN] PackLoader:240 - Cannot read IP mode file for STMicroelectronics.X-CUBE-BLE1.7.0.0
2025-04-11 13:59:52,758 [WARN] PackLoader:240 - Cannot read IP mode file for STMicroelectronics.X-CUBE-NFC10.1.0.0
2025-04-11 13:59:52,779 [WARN] PackLoader:240 - Cannot read IP mode file for STMicroelectronics.X-CUBE-BLEMGR.4.0.0
2025-04-11 13:59:52,803 [WARN] PackLoader:240 - Cannot read IP mode file for emotas.I-CUBE-CANOPEN.1.3.0
2025-04-11 13:59:52,819 [WARN] PackLoader:240 - Cannot read IP mode file for STMicroelectronics.X-CUBE-BLEMGR.3.1.0
2025-04-11 13:59:52,833 [WARN] PackLoader:240 - Cannot read IP mode file for STMicroelectronics.X-CUBE-AI.10.0.0
2025-04-11 13:59:52,844 [WARN] PackLoader:240 - Cannot read IP mode file for STMicroelectronics.FP-SNS-SMARTAG2.1.2.0
2025-04-11 13:59:52,849 [ERROR] Engine:466 - C:\Users\User\.stm32cubemx\thirdparties\pdsc\STMicroelectronics.FP-SNS-FLIGHT1.5.1.0.pdsc: PDSC version is not supported
2025-04-11 13:59:52,918 [WARN] PackLoader:240 - Cannot read IP mode file for STMicroelectronics.X-CUBE-MEMS1.11.1.0
2025-04-11 13:59:53,091 [INFO] LogOutputStream:77 - [STDOUT_REDIRECT] 1 : Invalid condition id : UX_CORESTACK_Condition cause : null
2025-04-11 13:59:53,092 [INFO] LogOutputStream:77 - [STDOUT_REDIRECT] 1 : Invalid condition id : UX_CORESTACK_Condition cause : null
2025-04-11 13:59:53,096 [INFO] LogOutputStream:77 - [STDOUT_REDIRECT] 1 : Invalid condition id : UX_CORESTACK_Condition cause : null
2025-04-11 13:59:53,098 [INFO] LogOutputStream:77 - [STDOUT_REDIRECT] 1 : Invalid condition id : UX_CORESTACK_Condition cause : null
2025-04-11 13:59:53,099 [INFO] LogOutputStream:77 - [STDOUT_REDIRECT] 1 : Invalid condition id : UX_CORESTACK_Condition cause : null
2025-04-11 13:59:53,105 [WARN] PackLoader:240 - Cannot read IP mode file for STMicroelectronics.X-CUBE-AZRTOS-WL.2.0.0
2025-04-11 13:59:53,117 [WARN] PackLoader:240 - Cannot read IP mode file for STMicroelectronics.FP-SNS-MOTENV1.5.0.0
2025-04-11 13:59:53,131 [WARN] PackLoader:240 - Cannot read IP mode file for wolfSSL.I-CUBE-wolfMQTT.1.19.0
2025-04-11 13:59:53,147 [WARN] PackLoader:240 - Cannot read IP mode file for WES.I-CUBE-Cesium.1.3.0
2025-04-11 13:59:53,159 [WARN] PackLoader:240 - Cannot read IP mode file for STMicroelectronics.X-CUBE-BLE2.3.3.0
2025-04-11 13:59:53,171 [WARN] PackLoader:240 - Cannot read IP mode file for STMicroelectronics.X-CUBE-NFC9.1.0.0
2025-04-11 13:59:53,179 [WARN] PackLoader:240 - Cannot read IP mode file for STMicroelectronics.X-CUBE-BLE1.7.1.0
2025-04-11 13:59:53,193 [WARN] PackLoader:240 - Cannot read IP mode file for STMicroelectronics.X-CUBE-TCPP.4.1.0
2025-04-11 13:59:53,215 [WARN] PackLoader:240 - Cannot read IP mode file for STMicroelectronics.X-CUBE-AZRTOS-G0.1.1.0
2025-04-11 13:59:53,228 [WARN] PackLoader:240 - Cannot read IP mode file for STMicroelectronics.X-CUBE-SAFEA1.1.2.2
2025-04-11 13:59:53,239 [WARN] PackLoader:240 - Cannot read IP mode file for STMicroelectronics.X-CUBE-NFC4.3.0.0
2025-04-11 13:59:53,257 [WARN] PackLoader:240 - Cannot read IP mode file for EmbeddedOffice.I-CUBE-FS-RTOS.1.0.1
2025-04-11 13:59:53,258 [ERROR] ConditionMgr:805 - Attr not supported : Dmpu
2025-04-11 13:59:53,258 [ERROR] ConditionMgr:805 - Attr not supported : Dmpu
2025-04-11 13:59:53,258 [ERROR] ConditionMgr:805 - Attr not supported : Dmpu
2025-04-11 13:59:53,258 [ERROR] ConditionMgr:805 - Attr not supported : Dmpu
2025-04-11 13:59:53,258 [ERROR] ConditionMgr:805 - Attr not supported : Dmpu
2025-04-11 13:59:53,258 [ERROR] ConditionMgr:805 - Attr not supported : Dmpu
2025-04-11 13:59:53,259 [ERROR] ConditionMgr:805 - Attr not supported : Dmpu
2025-04-11 13:59:53,259 [ERROR] ConditionMgr:805 - Attr not supported : Dmpu
2025-04-11 13:59:53,259 [ERROR] ConditionMgr:805 - Attr not supported : Dmpu
2025-04-11 13:59:53,259 [ERROR] ConditionMgr:805 - Attr not supported : Dmpu
2025-04-11 13:59:53,259 [ERROR] ConditionMgr:805 - Attr not supported : Dmpu
2025-04-11 13:59:53,261 [ERROR] ConditionMgr:805 - Attr not supported : Dmpu
2025-04-11 13:59:53,261 [ERROR] ConditionMgr:805 - Attr not supported : Dmpu
2025-04-11 13:59:53,261 [ERROR] ConditionMgr:805 - Attr not supported : Dmpu
2025-04-11 13:59:53,261 [ERROR] ConditionMgr:805 - Attr not supported : Dmpu
2025-04-11 13:59:53,261 [ERROR] ConditionMgr:805 - Attr not supported : Dmpu
2025-04-11 13:59:53,261 [ERROR] ConditionMgr:805 - Attr not supported : Dmpu
2025-04-11 13:59:53,261 [ERROR] ConditionMgr:805 - Attr not supported : Dmpu
2025-04-11 13:59:53,261 [ERROR] ConditionMgr:805 - Attr not supported : Dmpu
2025-04-11 13:59:53,261 [ERROR] ConditionMgr:805 - Attr not supported : Dmpu
2025-04-11 13:59:53,261 [ERROR] ConditionMgr:805 - Attr not supported : Dmpu
2025-04-11 13:59:53,261 [ERROR] ConditionMgr:805 - Attr not supported : Dmpu
2025-04-11 13:59:53,261 [ERROR] ConditionMgr:805 - Attr not supported : Dmpu
2025-04-11 13:59:53,262 [ERROR] ConditionMgr:805 - Attr not supported : Dmpu
2025-04-11 13:59:53,262 [ERROR] ConditionMgr:805 - Attr not supported : Dmpu
2025-04-11 13:59:53,262 [ERROR] ConditionMgr:805 - Attr not supported : Dmpu
2025-04-11 13:59:53,262 [ERROR] ConditionMgr:805 - Attr not supported : Dmpu
2025-04-11 13:59:53,262 [ERROR] ConditionMgr:805 - Attr not supported : Dmpu
2025-04-11 13:59:53,262 [ERROR] ConditionMgr:805 - Attr not supported : Dmpu
2025-04-11 13:59:53,262 [ERROR] ConditionMgr:805 - Attr not supported : Dmpu
2025-04-11 13:59:53,262 [ERROR] ConditionMgr:805 - Attr not supported : Dmpu
2025-04-11 13:59:53,262 [ERROR] ConditionMgr:805 - Attr not supported : Dmpu
2025-04-11 13:59:53,262 [ERROR] ConditionMgr:805 - Attr not supported : Dmpu
2025-04-11 13:59:53,262 [ERROR] ConditionMgr:805 - Attr not supported : Dmpu
2025-04-11 13:59:53,262 [ERROR] ConditionMgr:805 - Attr not supported : Dmpu
2025-04-11 13:59:53,262 [ERROR] ConditionMgr:805 - Attr not supported : Dmpu
2025-04-11 13:59:53,262 [ERROR] ConditionMgr:805 - Attr not supported : Dmpu
2025-04-11 13:59:53,262 [ERROR] ConditionMgr:805 - Attr not supported : Dmpu
2025-04-11 13:59:53,262 [ERROR] ConditionMgr:805 - Attr not supported : Dmpu
2025-04-11 13:59:53,262 [ERROR] ConditionMgr:805 - Attr not supported : Dmpu
2025-04-11 13:59:53,262 [ERROR] ConditionMgr:805 - Attr not supported : Dmpu
2025-04-11 13:59:53,262 [ERROR] ConditionMgr:805 - Attr not supported : Dmpu
2025-04-11 13:59:53,262 [ERROR] ConditionMgr:805 - Attr not supported : Dmpu
2025-04-11 13:59:53,262 [ERROR] ConditionMgr:805 - Attr not supported : Dmpu
2025-04-11 13:59:53,262 [ERROR] ConditionMgr:805 - Attr not supported : Dmpu
2025-04-11 13:59:53,262 [ERROR] ConditionMgr:805 - Attr not supported : Dmpu
2025-04-11 13:59:53,264 [ERROR] ConditionMgr:805 - Attr not supported : Dmpu
2025-04-11 13:59:53,264 [ERROR] ConditionMgr:805 - Attr not supported : Dmpu
2025-04-11 13:59:53,264 [ERROR] ConditionMgr:805 - Attr not supported : Dmpu
2025-04-11 13:59:53,264 [ERROR] ConditionMgr:805 - Attr not supported : Dmpu
2025-04-11 13:59:53,264 [ERROR] ConditionMgr:805 - Attr not supported : Dmpu
2025-04-11 13:59:53,264 [ERROR] ConditionMgr:805 - Attr not supported : Dmpu
2025-04-11 13:59:53,264 [ERROR] ConditionMgr:805 - Attr not supported : Dmpu
2025-04-11 13:59:53,264 [ERROR] ConditionMgr:805 - Attr not supported : Dmpu
2025-04-11 13:59:53,264 [ERROR] ConditionMgr:805 - Attr not supported : Dmpu
2025-04-11 13:59:53,264 [ERROR] ConditionMgr:805 - Attr not supported : Dmpu
2025-04-11 13:59:53,264 [ERROR] ConditionMgr:805 - Attr not supported : Dmpu
2025-04-11 13:59:53,264 [ERROR] ConditionMgr:805 - Attr not supported : Dmpu
2025-04-11 13:59:53,264 [ERROR] ConditionMgr:805 - Attr not supported : Dmpu
2025-04-11 13:59:53,264 [ERROR] ConditionMgr:805 - Attr not supported : Dmpu
2025-04-11 13:59:53,264 [ERROR] ConditionMgr:805 - Attr not supported : Dmpu
2025-04-11 13:59:53,264 [ERROR] ConditionMgr:805 - Attr not supported : Dmpu
2025-04-11 13:59:53,264 [ERROR] ConditionMgr:805 - Attr not supported : Dmpu
2025-04-11 13:59:53,264 [ERROR] ConditionMgr:805 - Attr not supported : Dmpu
2025-04-11 13:59:53,269 [ERROR] Engine:466 - C:\Users\User\.stm32cubemx\thirdparties\pdsc\STMicroelectronics.X-CUBE-TCPP.4.2.0.pdsc: PDSC version is not supported
2025-04-11 13:59:53,280 [WARN] PackLoader:240 - Cannot read IP mode file for RealThread.X-CUBE-RT-Thread_Nano.4.1.1
2025-04-11 13:59:53,289 [WARN] PackLoader:240 - Cannot read IP mode file for STMicroelectronics.FP-ATR-SIGFOX1.3.2.0
2025-04-11 13:59:53,302 [WARN] ConditionMgr:438 - getConditionDescription Invalid condition id : Cortex-A Device cause : null
2025-04-11 13:59:53,326 [WARN] ConditionMgr:1039 - genDependencies : Invalid condition id : Cortex-A Device cause : null
2025-04-11 13:59:53,326 [WARN] ConditionMgr:1039 - genDependencies : Invalid condition id : Cortex-A Device cause : null
2025-04-11 13:59:53,326 [WARN] ConditionMgr:1039 - genDependencies : Invalid condition id : Cortex-A Device cause : null
2025-04-11 13:59:53,340 [WARN] PackLoader:240 - Cannot read IP mode file for STMicroelectronics.X-CUBE-EEPRMA1.5.1.0
2025-04-11 13:59:53,353 [WARN] PackLoader:240 - Cannot read IP mode file for wolfSSL.I-CUBE-wolfSSL.5.7.4
2025-04-11 13:59:53,368 [WARN] PackLoader:240 - Cannot read IP mode file for ITTIA_DB.I-CUBE-ITTIADB.8.9.0
2025-04-11 13:59:53,410 [WARN] PackLoader:240 - Cannot read IP mode file for SEGGER.I-CUBE-embOS.1.3.1
2025-04-11 13:59:53,448 [WARN] PackLoader:240 - Cannot read IP mode file for STMicroelectronics.X-CUBE-ALGOBUILD.1.4.0
2025-04-11 13:59:53,459 [WARN] PackLoader:240 - Cannot read IP mode file for STMicroelectronics.X-CUBE-AI.9.1.0
2025-04-11 13:59:53,477 [WARN] PackLoader:240 - Cannot read IP mode file for STMicroelectronics.X-CUBE-AZRTOS-F4.1.1.0
2025-04-11 13:59:53,486 [WARN] PackLoader:240 - Cannot read IP mode file for STMicroelectronics.X-CUBE-ISPU.2.1.0
2025-04-11 13:59:53,494 [WARN] PackLoader:240 - Cannot read IP mode file for STMicroelectronics.X-CUBE-FREERTOS.1.2.0
2025-04-11 13:59:53,512 [WARN] PackLoader:240 - Cannot read IP mode file for STMicroelectronics.X-CUBE-AZRTOS-L5.2.0.0
2025-04-11 13:59:53,526 [WARN] PackLoader:240 - Cannot read IP mode file for STMicroelectronics.X-CUBE-NFC6.3.1.0
2025-04-11 13:59:53,605 [WARN] PackLoader:240 - Cannot read IP mode file for STMicroelectronics.X-CUBE-DPower.1.2.0
2025-04-11 13:59:53,616 [WARN] PackLoader:240 - Cannot read IP mode file for STMicroelectronics.X-CUBE-FREERTOS.1.3.0
2025-04-11 13:59:53,628 [WARN] PackLoader:240 - Cannot read IP mode file for STMicroelectronics.X-CUBE-NFC7.1.0.1
2025-04-11 13:59:53,640 [WARN] PackLoader:240 - Cannot read IP mode file for STMicroelectronics.X-CUBE-DPower.1.3.0
2025-04-11 13:59:53,663 [WARN] ConditionMgr:438 - getConditionDescription Invalid condition id : LAN8742 Phy interface Condition cause : null
2025-04-11 13:59:53,664 [WARN] PackLoader:240 - Cannot read IP mode file for STMicroelectronics.X-CUBE-AZRTOS-L4.2.0.0
2025-04-11 13:59:53,665 [WARN] ConditionMgr:1039 - genDependencies : Invalid condition id : LAN8742 Phy interface Condition cause : null
2025-04-11 13:59:53,666 [WARN] ConditionMgr:1039 - genDependencies : Invalid condition id : LAN8742 Phy interface Condition cause : null
2025-04-11 13:59:53,668 [WARN] ConditionMgr:1039 - genDependencies : Invalid condition id : LAN8742 Phy interface Condition cause : null
2025-04-11 13:59:53,757 [WARN] PackLoader:240 - Cannot read IP mode file for STMicroelectronics.X-CUBE-SFXS2LP1.4.0.0
2025-04-11 13:59:53,787 [WARN] PackLoader:240 - Cannot read IP mode file for STMicroelectronics.X-CUBE-AZRTOS-H7.3.3.0
2025-04-11 13:59:53,812 [WARN] PackLoader:240 - Cannot read IP mode file for STMicroelectronics.X-CUBE-IPS.3.0.0
2025-04-11 13:59:53,831 [WARN] ConditionMgr:438 - getConditionDescription Invalid condition id : UX DEVICE CLASS RTOS Condition cause : null
2025-04-11 13:59:53,832 [WARN] ConditionMgr:438 - getConditionDescription Invalid condition id : UX DEVICE CLASS RTOS Condition cause : null
2025-04-11 13:59:53,833 [WARN] PackLoader:240 - Cannot read IP mode file for STMicroelectronics.X-CUBE-AZRTOS-WB.2.0.0
2025-04-11 13:59:53,836 [WARN] ConditionMgr:1039 - genDependencies : Invalid condition id : UX DEVICE CLASS RTOS Condition cause : null
2025-04-11 13:59:53,836 [WARN] ConditionMgr:1039 - genDependencies : Invalid condition id : UX DEVICE CLASS RTOS Condition cause : null
2025-04-11 13:59:53,838 [WARN] ConditionMgr:1039 - genDependencies : Invalid condition id : UX DEVICE CLASS RTOS Condition cause : null
2025-04-11 13:59:53,838 [WARN] ConditionMgr:1039 - genDependencies : Invalid condition id : UX DEVICE CLASS RTOS Condition cause : null
2025-04-11 13:59:53,839 [WARN] ConditionMgr:1039 - genDependencies : Invalid condition id : UX DEVICE CLASS RTOS Condition cause : null
2025-04-11 13:59:53,850 [WARN] PackLoader:240 - Cannot read IP mode file for STMicroelectronics.X-CUBE-GNSS1.7.0.0
2025-04-11 13:59:53,858 [WARN] PackLoader:240 - Cannot read IP mode file for STMicroelectronics.X-CUBE-GNSS1.7.0.1
2025-04-11 13:59:53,867 [WARN] PackLoader:240 - Cannot read IP mode file for STMicroelectronics.X-CUBE-TOUCHGFX.4.25.0
2025-04-11 13:59:53,880 [WARN] PackLoader:240 - Cannot read IP mode file for STMicroelectronics.X-CUBE-SUBG2.5.0.0
2025-04-11 13:59:53,904 [WARN] PackLoader:240 - Cannot read IP mode file for STMicroelectronics.X-CUBE-AZRTOS-H7RS.1.1.0
2025-04-11 13:59:53,920 [WARN] PackLoader:240 - Cannot read IP mode file for Cesanta.I-CUBE-Mongoose.7.13.0
2025-04-11 13:59:53,935 [WARN] PackLoader:240 - Cannot read IP mode file for STMicroelectronics.X-CUBE-AZRTOS-G4.2.0.0
2025-04-11 13:59:53,944 [ERROR] Engine:466 - C:\Users\User\.stm32cubemx\thirdparties\pdsc\STMicroelectronics.X-CUBE-IPS.3.1.0.pdsc: PDSC version is not supported
2025-04-11 13:59:53,957 [WARN] PackLoader:240 - Cannot read IP mode file for STMicroelectronics.X-CUBE-ALS.1.0.2
2025-04-11 13:59:53,963 [WARN] PackLoader:240 - Cannot read IP mode file for STMicroelectronics.X-CUBE-TOUCHGFX.4.24.2
2025-04-11 13:59:53,970 [WARN] PackLoader:240 - Cannot read IP mode file for STMicroelectronics.X-CUBE-TOUCHGFX.4.24.1
2025-04-11 13:59:53,978 [WARN] PackLoader:240 - Cannot read IP mode file for wolfSSL.I-CUBE-wolfTPM.3.4.0
2025-04-11 13:59:53,989 [WARN] PackLoader:240 - Cannot read IP mode file for portGmbH.I-Cube-SoM-uGOAL.1.1.0
2025-04-11 13:59:54,003 [WARN] PackLoader:240 - Cannot read IP mode file for STMicroelectronics.X-CUBE-AZRTOS-H7RS.1.0.0
2025-04-11 13:59:54,011 [WARN] PackLoader:240 - Cannot read IP mode file for STMicroelectronics.FP-ATR-ASTRA1.2.0.0
2025-04-11 13:59:54,026 [WARN] PackLoader:240 - Cannot read IP mode file for STMicroelectronics.X-CUBE-TOF1.3.4.2
2025-04-11 13:59:54,056 [WARN] PackLoader:240 - Cannot read IP mode file for Infineon.AIROC-Wi-Fi-Bluetooth-STM32.1.6.1
2025-04-11 13:59:54,068 [WARN] PackLoader:240 - Cannot read IP mode file for wolfSSL.I-CUBE-wolfSSH.1.4.17
2025-04-11 13:59:54,069 [INFO] ThirdParty:978 - Integrity check success = true
2025-04-11 13:59:54,069 [INFO] IntegrityCheckThread:100 - exiting critical section [integrity check]
2025-04-11 13:59:54,069 [INFO] IntegrityCheckThread:103 - End integrity checks thread
